2025-08-13 21:15:07,055 [INFO] Activator:176 - 


2025-08-13 21:15:07,065 [INFO] Activator:177 - !SESSION log4j initialized
2025-08-13 21:15:15,662 [INFO] LogOutputStream:77 - [STDOUT_REDIRECT] 
2025-08-13 21:15:17,976 [INFO] ApplicationProperties:184 - Using Application install path: C:\ST\STM32CubeIDE_1.19.0\STM32CubeIDE\plugins\com.st.stm32cube.common.mx_6.15.0.202507011659
2025-08-13 21:15:17,996 [INFO] DbMcusXml:78 - Set database path to: C:\ST\STM32CubeIDE_1.19.0\STM32CubeIDE\plugins\com.st.stm32cube.common.mx_6.15.0.202507011659\\db\/mcu/
2025-08-13 21:15:17,997 [INFO] ApiDb:274 - Set plugin database path to: C:\ST\STM32CubeIDE_1.19.0\STM32CubeIDE\plugins\com.st.stm32cube.common.mx_6.15.0.202507011659\\db\/plugins/boardmanager/
2025-08-13 21:15:17,997 [WARN] ApiDb:259 - Overriding images path with different value:  => C:\ST\STM32CubeIDE_1.19.0\STM32CubeIDE\plugins\com.st.stm32cube.common.mx_6.15.0.202507011659\\db\/plugins/mcufinder/images/
2025-08-13 21:15:18,006 [INFO] ApiDb:250 - Set database path to: C:\Users\arafa\.stmcufinder\plugins\mcufinder//mcu/
2025-08-13 21:15:18,008 [INFO] DbMcusAds:125 - Set database path to: C:\Users\arafa\.stmcufinder\plugins\mcufinder//mcu/
2025-08-13 21:15:18,011 [INFO] CrossReferenceDbSqlite:203 - Set database path to: C:\Users\arafa\.stmcufinder\plugins\mcufinder//mcu/cs/
2025-08-13 21:15:18,157 [INFO] RulesReader:64 - Compatibility file has been processed (317 Rules)
2025-08-13 21:15:18,238 [INFO] DbMcusXml:78 - Set database path to: C:\ST\STM32CubeIDE_1.19.0\STM32CubeIDE\plugins\com.st.stm32cube.common.mx_6.15.0.202507011659\\db\/mcu/
2025-08-13 21:15:18,238 [INFO] ApiDb:274 - Set plugin database path to: C:\ST\STM32CubeIDE_1.19.0\STM32CubeIDE\plugins\com.st.stm32cube.common.mx_6.15.0.202507011659\\db\/plugins/boardmanager/
2025-08-13 21:15:18,238 [INFO] ApiDb:261 - Set plugin images path to: C:\ST\STM32CubeIDE_1.19.0\STM32CubeIDE\plugins\com.st.stm32cube.common.mx_6.15.0.202507011659\\db\/plugins/mcufinder/images/
2025-08-13 21:15:18,239 [WARN] DbFile:41 - Overriding database path with different value: C:\Users\arafa\.stmcufinder\plugins\mcufinder/ => C:\Users\arafa\.stmcufinder\plugins\mcufinder
2025-08-13 21:15:18,239 [INFO] ApiDb:250 - Set database path to: C:\Users\arafa\.stmcufinder\plugins\mcufinder//mcu/
2025-08-13 21:15:18,239 [WARN] DbFile:41 - Overriding database path with different value: C:\Users\arafa\.stmcufinder\plugins\mcufinder/ => C:\Users\arafa\.stmcufinder\plugins\mcufinder
2025-08-13 21:15:18,239 [INFO] DbMcusAds:125 - Set database path to: C:\Users\arafa\.stmcufinder\plugins\mcufinder//mcu/
2025-08-13 21:15:18,239 [WARN] DbFile:41 - Overriding database path with different value: C:\Users\arafa\.stmcufinder\plugins\mcufinder/ => C:\Users\arafa\.stmcufinder\plugins\mcufinder
2025-08-13 21:15:18,239 [WARN] DbFile:41 - Overriding database path with different value: C:\Users\arafa\.stmcufinder\plugins\mcufinder/ => C:\Users\arafa\.stmcufinder\plugins\mcufinder
2025-08-13 21:15:18,239 [INFO] CrossReferenceDbSqlite:203 - Set database path to: C:\Users\arafa\.stmcufinder\plugins\mcufinder//mcu/cs/
2025-08-13 21:15:18,339 [INFO] MainPanel:274 - HeapMemory: 268435456
2025-08-13 21:15:18,578 [INFO] DbMcusXml:78 - Set database path to: C:\ST\STM32CubeIDE_1.19.0\STM32CubeIDE\plugins\com.st.stm32cube.common.mx_6.15.0.202507011659\\db\/mcu/
2025-08-13 21:15:18,579 [INFO] ApiDb:274 - Set plugin database path to: C:\ST\STM32CubeIDE_1.19.0\STM32CubeIDE\plugins\com.st.stm32cube.common.mx_6.15.0.202507011659\\db\/plugins/boardmanager/
2025-08-13 21:15:18,579 [INFO] ApiDb:261 - Set plugin images path to: C:\ST\STM32CubeIDE_1.19.0\STM32CubeIDE\plugins\com.st.stm32cube.common.mx_6.15.0.202507011659\\db\/plugins/mcufinder/images/
2025-08-13 21:15:18,585 [WARN] DbFile:41 - Overriding database path with different value: C:\Users\arafa\.stmcufinder\plugins\mcufinder/ => C:\Users\arafa\.stmcufinder\plugins\mcufinder
2025-08-13 21:15:18,585 [INFO] ApiDb:250 - Set database path to: C:\Users\arafa\.stmcufinder\plugins\mcufinder//mcu/
2025-08-13 21:15:18,585 [WARN] DbFile:41 - Overriding database path with different value: C:\Users\arafa\.stmcufinder\plugins\mcufinder/ => C:\Users\arafa\.stmcufinder\plugins\mcufinder
2025-08-13 21:15:18,585 [INFO] DbMcusAds:125 - Set database path to: C:\Users\arafa\.stmcufinder\plugins\mcufinder//mcu/
2025-08-13 21:15:18,585 [WARN] DbFile:41 - Overriding database path with different value: C:\Users\arafa\.stmcufinder\plugins\mcufinder/ => C:\Users\arafa\.stmcufinder\plugins\mcufinder
2025-08-13 21:15:18,585 [WARN] DbFile:41 - Overriding database path with different value: C:\Users\arafa\.stmcufinder\plugins\mcufinder/ => C:\Users\arafa\.stmcufinder\plugins\mcufinder
2025-08-13 21:15:18,585 [INFO] CrossReferenceDbSqlite:203 - Set database path to: C:\Users\arafa\.stmcufinder\plugins\mcufinder//mcu/cs/
2025-08-13 21:15:18,627 [INFO] ApplicationProperties:184 - Using Application install path: C:\ST\STM32CubeIDE_1.19.0\STM32CubeIDE\plugins\com.st.stm32cube.common.mx_6.15.0.202507011659
2025-08-13 21:15:18,628 [INFO] PluginManage:196 - Search for loadable plugins [exclusion list=, ]
2025-08-13 21:15:18,630 [INFO] PluginManage:310 - Check plugin analytics
2025-08-13 21:15:19,039 [INFO] AnalyticsPlugin:253 - Accepted Software Licenses: 
2025-08-13 21:15:19,039 [INFO] AnalyticsPlugin:255 - Accepted CMSIS Pack Licenses: 
2025-08-13 21:15:19,039 [INFO] AnalyticsPlugin:257 - Accepted Firmware Licenses: 
2025-08-13 21:15:19,052 [INFO] PluginManage:359 - Loaded plugin analytics (category:tool,tabindex:-1)
2025-08-13 21:15:19,054 [INFO] PluginManage:310 - Check plugin cadmodel
2025-08-13 21:15:19,071 [INFO] CADModel:105 - Init CAD model plugin
2025-08-13 21:15:19,071 [INFO] PluginManage:359 - Loaded plugin cadmodel (category:power,tabindex:5)
2025-08-13 21:15:19,072 [INFO] PluginManage:310 - Check plugin clock
2025-08-13 21:15:19,108 [INFO] PluginManage:359 - Loaded plugin clock (category:base,tabindex:2)
2025-08-13 21:15:19,109 [INFO] PluginManage:310 - Check plugin ddr
2025-08-13 21:15:19,122 [INFO] PluginManage:359 - Loaded plugin ddr (category:tool,tabindex:6)
2025-08-13 21:15:19,123 [INFO] PluginManage:310 - Check plugin filemanager
2025-08-13 21:15:19,322 [INFO] PluginManage:359 - Loaded plugin filemanager (category:base,tabindex:10)
2025-08-13 21:15:19,322 [INFO] PluginManage:310 - Check plugin ipmanager
2025-08-13 21:15:19,329 [INFO] PluginManage:359 - Loaded plugin ipmanager (category:base,tabindex:5)
2025-08-13 21:15:19,329 [INFO] PluginManage:310 - Check plugin lpbam
2025-08-13 21:15:19,346 [INFO] PluginManage:359 - Loaded plugin lpbam (category:base,tabindex:0)
2025-08-13 21:15:19,346 [INFO] PluginManage:310 - Check plugin memorymap
2025-08-13 21:15:19,365 [INFO] PluginManage:359 - Loaded plugin memorymap (category:base,tabindex:4)
2025-08-13 21:15:19,365 [INFO] PluginManage:310 - Check plugin pinoutandconfiguration
2025-08-13 21:15:19,377 [INFO] PluginManage:359 - Loaded plugin pinoutandconfiguration (category:base,tabindex:1)
2025-08-13 21:15:19,377 [INFO] PluginManage:310 - Check plugin pinoutconfig
2025-08-13 21:15:19,632 [WARN] SupportedApi:132 - Cannot load RTOS API schema: s4s-elt-must-match.1: The content of 'definitions' must match (annotation?, (simpleType | complexType)?, (unique | key | keyref)*)). A problem was found starting at: attribute.
2025-08-13 21:15:19,889 [INFO] PluginManage:359 - Loaded plugin pinoutconfig (category:base,tabindex:0)
2025-08-13 21:15:19,889 [INFO] PluginManage:310 - Check plugin power
2025-08-13 21:15:19,914 [INFO] PluginManage:359 - Loaded plugin power (category:power,tabindex:4)
2025-08-13 21:15:19,914 [INFO] PluginManage:310 - Check plugin projectmanager
2025-08-13 21:15:19,932 [INFO] PluginManage:359 - Loaded plugin projectmanager (category:projectmanager,tabindex:4)
2025-08-13 21:15:19,932 [INFO] PluginManage:310 - Check plugin rif
2025-08-13 21:15:19,943 [INFO] PluginManage:359 - Loaded plugin rif (category:base,tabindex:3)
2025-08-13 21:15:19,943 [INFO] PluginManage:310 - Check plugin thirdparty
2025-08-13 21:15:20,112 [WARN] IntegrityCheckThread:84 - waiting for thirdparty lock release [integrity check]
2025-08-13 21:15:20,113 [INFO] IntegrityCheckThread:86 - entering critical section [integrity check]
2025-08-13 21:15:20,113 [INFO] ThirdPartyUpdaterWithRetryManager:70 - Updater plugin not ready yet. [1/15]
2025-08-13 21:15:20,114 [INFO] PluginManage:359 - Loaded plugin thirdparty (category:base,tabindex:-1)
2025-08-13 21:15:20,114 [INFO] PluginManage:310 - Check plugin tools
2025-08-13 21:15:20,119 [INFO] PluginManage:359 - Loaded plugin tools (category:base,tabindex:7)
2025-08-13 21:15:20,119 [INFO] PluginManage:310 - Check plugin tutovideos
2025-08-13 21:15:20,376 [INFO] PluginManage:359 - Loaded plugin tutovideos (category:base,tabindex:-1)
2025-08-13 21:15:20,376 [INFO] PluginManage:310 - Check plugin updater
2025-08-13 21:15:20,434 [INFO] PluginManage:359 - Loaded plugin updater (category:base,tabindex:12)
2025-08-13 21:15:20,434 [INFO] PluginManage:310 - Check plugin userauth
2025-08-13 21:15:20,440 [INFO] UserAuth:118 - Init User Auth plugin
2025-08-13 21:15:20,441 [INFO] PluginManage:359 - Loaded plugin userauth (category:base,tabindex:14)
2025-08-13 21:15:20,441 [INFO] PluginManage:283 - PluginManage : Loaded plugins [18]
2025-08-13 21:15:20,735 [INFO] PinOutPanel:1589 - setPackage(No Configuration,No Configuration)
2025-08-13 21:15:20,875 [INFO] CADModel:165 - CPN selected for project level
2025-08-13 21:15:20,876 [INFO] CADModel:114 - Register for checkConnection events
2025-08-13 21:15:20,918 [INFO] IPUIPlugin:80 - create IPUIPlugin
2025-08-13 21:15:20,918 [INFO] PluginManager:220 - loadIPPluginJar : add adc
2025-08-13 21:15:20,929 [INFO] IPUIPlugin:80 - create IPUIPlugin
2025-08-13 21:15:20,930 [INFO] PluginManager:220 - loadIPPluginJar : add aes
2025-08-13 21:15:20,938 [INFO] IPUIPlugin:80 - create IPUIPlugin
2025-08-13 21:15:20,938 [INFO] PluginManager:220 - loadIPPluginJar : add can
2025-08-13 21:15:20,945 [INFO] IPUIPlugin:80 - create IPUIPlugin
2025-08-13 21:15:20,946 [INFO] PluginManager:220 - loadIPPluginJar : add comp
2025-08-13 21:15:20,949 [INFO] IPUIPlugin:80 - create IPUIPlugin
2025-08-13 21:15:20,950 [INFO] PluginManager:220 - loadIPPluginJar : add cryp
2025-08-13 21:15:20,953 [INFO] IPUIPlugin:80 - create IPUIPlugin
2025-08-13 21:15:20,953 [INFO] PluginManager:220 - loadIPPluginJar : add ddr_ctrl_phy
2025-08-13 21:15:20,956 [INFO] IPUIPlugin:80 - create IPUIPlugin
2025-08-13 21:15:20,956 [INFO] PluginManager:220 - loadIPPluginJar : add dfsdm
2025-08-13 21:15:20,961 [INFO] IPUIPlugin:80 - create IPUIPlugin
2025-08-13 21:15:20,962 [INFO] PluginManager:220 - loadIPPluginJar : add dma
2025-08-13 21:15:20,965 [INFO] IPUIPlugin:80 - create IPUIPlugin
2025-08-13 21:15:20,965 [INFO] PluginManager:220 - loadIPPluginJar : add dma3
2025-08-13 21:15:20,970 [INFO] IPUIPlugin:80 - create IPUIPlugin
2025-08-13 21:15:20,970 [INFO] PluginManager:220 - loadIPPluginJar : add extmemmanager
2025-08-13 21:15:20,972 [INFO] IPUIPlugin:80 - create IPUIPlugin
2025-08-13 21:15:20,972 [INFO] PluginManager:220 - loadIPPluginJar : add fatfs
2025-08-13 21:15:20,977 [INFO] IPUIPlugin:80 - create IPUIPlugin
2025-08-13 21:15:20,977 [INFO] PluginManager:220 - loadIPPluginJar : add fmc
2025-08-13 21:15:20,985 [INFO] IPUIPlugin:80 - create IPUIPlugin
2025-08-13 21:15:20,985 [INFO] PluginManager:220 - loadIPPluginJar : add freertos
2025-08-13 21:15:20,987 [INFO] IPUIPlugin:80 - create IPUIPlugin
2025-08-13 21:15:20,987 [INFO] PluginManager:220 - loadIPPluginJar : add genericplugin
2025-08-13 21:15:20,991 [INFO] IPUIPlugin:80 - create IPUIPlugin
2025-08-13 21:15:20,991 [INFO] PluginManager:220 - loadIPPluginJar : add gfxmmu
2025-08-13 21:15:21,005 [INFO] IPUIPlugin:80 - create IPUIPlugin
2025-08-13 21:15:21,005 [INFO] PluginManager:220 - loadIPPluginJar : add gic
2025-08-13 21:15:21,017 [INFO] IPUIPlugin:80 - create IPUIPlugin
2025-08-13 21:15:21,017 [INFO] PluginManager:220 - loadIPPluginJar : add gpio
2025-08-13 21:15:21,023 [INFO] IPUIPlugin:80 - create IPUIPlugin
2025-08-13 21:15:21,023 [INFO] PluginManager:220 - loadIPPluginJar : add gtzc
2025-08-13 21:15:21,027 [INFO] IPUIPlugin:80 - create IPUIPlugin
2025-08-13 21:15:21,027 [INFO] PluginManager:220 - loadIPPluginJar : add hash
2025-08-13 21:15:21,035 [INFO] IPUIPlugin:80 - create IPUIPlugin
2025-08-13 21:15:21,035 [INFO] PluginManager:220 - loadIPPluginJar : add i2c
2025-08-13 21:15:21,040 [INFO] IPUIPlugin:80 - create IPUIPlugin
2025-08-13 21:15:21,041 [INFO] PluginManager:220 - loadIPPluginJar : add i2s
2025-08-13 21:15:21,051 [INFO] IPUIPlugin:80 - create IPUIPlugin
2025-08-13 21:15:21,051 [INFO] PluginManager:220 - loadIPPluginJar : add i3c
2025-08-13 21:15:21,061 [INFO] IPUIPlugin:80 - create IPUIPlugin
2025-08-13 21:15:21,061 [INFO] PluginManager:220 - loadIPPluginJar : add ipddr
2025-08-13 21:15:21,071 [INFO] IPUIPlugin:80 - create IPUIPlugin
2025-08-13 21:15:21,071 [INFO] PluginManager:220 - loadIPPluginJar : add linkedlist
2025-08-13 21:15:21,082 [INFO] IPUIPlugin:80 - create IPUIPlugin
2025-08-13 21:15:21,082 [INFO] PluginManager:220 - loadIPPluginJar : add lorawan
2025-08-13 21:15:21,088 [INFO] IPUIPlugin:80 - create IPUIPlugin
2025-08-13 21:15:21,088 [INFO] PluginManager:220 - loadIPPluginJar : add ltdc
2025-08-13 21:15:21,096 [INFO] IPUIPlugin:80 - create IPUIPlugin
2025-08-13 21:15:21,097 [INFO] PluginManager:220 - loadIPPluginJar : add mdma
2025-08-13 21:15:21,104 [INFO] IPUIPlugin:80 - create IPUIPlugin
2025-08-13 21:15:21,104 [INFO] PluginManager:220 - loadIPPluginJar : add nvic
2025-08-13 21:15:21,110 [INFO] IPUIPlugin:80 - create IPUIPlugin
2025-08-13 21:15:21,110 [INFO] PluginManager:220 - loadIPPluginJar : add opamp
2025-08-13 21:15:21,113 [INFO] IPUIPlugin:80 - create IPUIPlugin
2025-08-13 21:15:21,113 [INFO] PluginManager:220 - loadIPPluginJar : add openamp
2025-08-13 21:15:21,117 [INFO] IPUIPlugin:80 - create IPUIPlugin
2025-08-13 21:15:21,117 [INFO] PluginManager:220 - loadIPPluginJar : add pdm2pcm
2025-08-13 21:15:21,122 [INFO] IPUIPlugin:80 - create IPUIPlugin
2025-08-13 21:15:21,124 [INFO] PluginManager:220 - loadIPPluginJar : add plateformsettings
2025-08-13 21:15:21,126 [INFO] IPUIPlugin:80 - create IPUIPlugin
2025-08-13 21:15:21,126 [INFO] PluginManager:220 - loadIPPluginJar : add quadspi
2025-08-13 21:15:21,129 [INFO] IPUIPlugin:80 - create IPUIPlugin
2025-08-13 21:15:21,129 [INFO] PluginManager:220 - loadIPPluginJar : add radio
2025-08-13 21:15:21,134 [INFO] IPUIPlugin:80 - create IPUIPlugin
2025-08-13 21:15:21,134 [INFO] PluginManager:220 - loadIPPluginJar : add resmgrutility
2025-08-13 21:15:21,138 [INFO] IPUIPlugin:80 - create IPUIPlugin
2025-08-13 21:15:21,138 [INFO] PluginManager:220 - loadIPPluginJar : add sai
2025-08-13 21:15:21,141 [INFO] IPUIPlugin:80 - create IPUIPlugin
2025-08-13 21:15:21,141 [INFO] PluginManager:220 - loadIPPluginJar : add spi
2025-08-13 21:15:21,148 [INFO] IPUIPlugin:80 - create IPUIPlugin
2025-08-13 21:15:21,148 [INFO] PluginManager:220 - loadIPPluginJar : add stm32_wpan
2025-08-13 21:15:21,153 [INFO] IPUIPlugin:80 - create IPUIPlugin
2025-08-13 21:15:21,153 [INFO] PluginManager:220 - loadIPPluginJar : add tim
2025-08-13 21:15:21,157 [INFO] IPUIPlugin:80 - create IPUIPlugin
2025-08-13 21:15:21,157 [INFO] PluginManager:220 - loadIPPluginJar : add touchsensing
2025-08-13 21:15:21,164 [INFO] IPUIPlugin:80 - create IPUIPlugin
2025-08-13 21:15:21,164 [INFO] PluginManager:220 - loadIPPluginJar : add tracer_emb
2025-08-13 21:15:21,166 [INFO] IPUIPlugin:80 - create IPUIPlugin
2025-08-13 21:15:21,166 [INFO] PluginManager:220 - loadIPPluginJar : add ts
2025-08-13 21:15:21,168 [INFO] IPUIPlugin:80 - create IPUIPlugin
2025-08-13 21:15:21,168 [INFO] PluginManager:220 - loadIPPluginJar : add tsc
2025-08-13 21:15:21,172 [INFO] IPUIPlugin:80 - create IPUIPlugin
2025-08-13 21:15:21,172 [INFO] PluginManager:220 - loadIPPluginJar : add ucpd
2025-08-13 21:15:21,175 [INFO] IPUIPlugin:80 - create IPUIPlugin
2025-08-13 21:15:21,175 [INFO] PluginManager:220 - loadIPPluginJar : add usart
2025-08-13 21:15:21,177 [INFO] IPUIPlugin:80 - create IPUIPlugin
2025-08-13 21:15:21,178 [INFO] PluginManager:220 - loadIPPluginJar : add usbx
2025-08-13 21:15:21,321 [FATAL] Updater:351 - Updater called before beeing initialized
2025-08-13 21:15:21,358 [INFO] RulesReader:64 - Compatibility file has been processed (317 Rules)
2025-08-13 21:15:21,370 [INFO] RulesReader:64 - Compatibility file has been processed (317 Rules)
2025-08-13 21:15:21,427 [INFO] CADModel:165 - CPN selected for project level
2025-08-13 21:15:21,427 [INFO] CADModel:114 - Register for checkConnection events
2025-08-13 21:15:21,427 [FATAL] Updater:351 - Updater called before beeing initialized
2025-08-13 21:15:21,427 [ERROR] CADModel:125 - Updater not yet initialized, retry later 
2025-08-13 21:15:21,779 [FATAL] Updater:351 - Updater called before beeing initialized
2025-08-13 21:15:21,784 [INFO] CADModel:165 - CPN selected for project level
2025-08-13 21:15:21,785 [INFO] CADModel:114 - Register for checkConnection events
2025-08-13 21:15:21,785 [FATAL] Updater:351 - Updater called before beeing initialized
2025-08-13 21:15:21,785 [ERROR] CADModel:125 - Updater not yet initialized, retry later 
2025-08-13 21:15:21,791 [FATAL] Updater:351 - Updater called before beeing initialized
2025-08-13 21:15:22,023 [FATAL] Updater:351 - Updater called before beeing initialized
2025-08-13 21:15:22,060 [INFO] DbMcusAds:53 - JSON generation date=Tue Jul 08 04:14:23 EDT 2025 (1751962463524)
2025-08-13 21:15:22,060 [FATAL] Updater:351 - Updater called before beeing initialized
2025-08-13 21:15:22,118 [WARN] DetailPanel:346 - Failed to get advertising image, set to default
2025-08-13 21:15:22,274 [FATAL] Updater:351 - Updater called before beeing initialized
2025-08-13 21:15:22,296 [FATAL] Updater:351 - Updater called before beeing initialized
2025-08-13 21:15:22,296 [FATAL] Updater:351 - Updater called before beeing initialized
2025-08-13 21:15:22,296 [WARN] DetailPanel:346 - Failed to get advertising image, set to default
2025-08-13 21:15:22,297 [FATAL] Updater:351 - Updater called before beeing initialized
2025-08-13 21:15:22,391 [ERROR] Updater:1198 - MainUpdater not yet initialized. External WinMGr cannot be set.
2025-08-13 21:15:22,395 [INFO] Updater:1134 - Updater Version found : 6.15.0
2025-08-13 21:15:22,412 [INFO] ApplicationProperties:184 - Using Application install path: C:\ST\STM32CubeIDE_1.19.0\STM32CubeIDE\plugins\com.st.stm32cube.common.mx_6.15.0.202507011659
2025-08-13 21:15:23,114 [INFO] ThirdPartyUpdaterWithRetryManager:70 - Updater plugin not ready yet. [2/15]
2025-08-13 21:15:23,987 [ERROR] LogOutputStream:75 - [STDERR_REDIRECT] Aug 13, 2025 9:15:23 PM java.util.prefs.WindowsPreferences <init>
2025-08-13 21:15:23,988 [ERROR] LogOutputStream:75 - [STDERR_REDIRECT] WARNING: Could not open/create prefs root node Software\JavaSoft\Prefs at root 0xffffffff80000002. Windows RegCreateKeyEx(...) returned error code 5.
2025-08-13 21:15:23,988 [ERROR] LogOutputStream:75 - [STDERR_REDIRECT] 
2025-08-13 21:15:24,511 [INFO] MainUpdater:2872 - connection check result : 10
2025-08-13 21:15:24,512 [INFO] MainUpdater:3604 - Updater definition file requires update
2025-08-13 21:15:24,513 [INFO] MainUpdater:289 - Updater Check For Update Now.
2025-08-13 21:15:24,513 [INFO] MicroXplorer:498 - Change Database Version : DB.6.0.150
2025-08-13 21:15:24,518 [INFO] McuFinderGlobals:63 - Set McuFinder mode to 2 (CubeIDE integrated)
2025-08-13 21:15:24,518 [INFO] UserAuth:171 - activating auth plugin
2025-08-13 21:15:24,521 [INFO] UserAuth:487 - Internet connection configuration mode: 1
2025-08-13 21:15:24,541 [INFO] JxBrowserEngine:152 - Initiate JxBrowser Engine with user profile folder
2025-08-13 21:15:25,484 [INFO] ServerAccessManage:452 - Complete download http(s) 200
2025-08-13 21:15:25,489 [INFO] ServerAccessManage:509 - Download File updaters.zip
2025-08-13 21:15:25,614 [INFO] FileExtend:248 - Unzip File : updaters.zip
2025-08-13 21:15:25,614 [INFO] FileExtend:263 - Standard Zip Deflate
2025-08-13 21:15:26,114 [WARN] MainUpdater:1193 - Updater busy. Cannot search thirdparties
2025-08-13 21:15:26,114 [INFO] ThirdPartyUpdaterWithRetryManager:96 - Updater plugin is busy. [1/15]
2025-08-13 21:15:26,381 [INFO] ServerAccessManage:452 - Complete download http(s) 200
2025-08-13 21:15:26,382 [INFO] ServerAccessManage:509 - Download File PacksControlFlags.xml
2025-08-13 21:15:26,698 [INFO] WebApp:169 - Instantiating new browser for Auth
2025-08-13 21:15:27,129 [INFO] ServerAccessManage:452 - Complete download http(s) 200
2025-08-13 21:15:27,129 [INFO] ServerAccessManage:509 - Download File cubemx.pidx
2025-08-13 21:15:27,292 [INFO] LoadServerUpdatesThread:375 - End of LoadServerUpdate Thread
2025-08-13 21:15:27,508 [INFO] CheckServerUpdateThread:120 - End of CheckServer Thread
2025-08-13 21:15:28,110 [INFO] WebApp:463 - Apply proxy settings
2025-08-13 21:15:28,111 [INFO] WebApp:548 - Chromium requires no authentication
2025-08-13 21:15:28,124 [INFO] WebApp:491 - Direct internet connection detected
2025-08-13 21:15:28,156 [INFO] WebApp:900 - Register for checkConnection events
2025-08-13 21:15:28,156 [INFO] WebApp:463 - Apply proxy settings
2025-08-13 21:15:28,156 [INFO] WebApp:548 - Chromium requires no authentication
2025-08-13 21:15:28,158 [INFO] WebApp:491 - Direct internet connection detected
2025-08-13 21:15:28,395 [INFO] WebApp:191 - Connection restablished
2025-08-13 21:15:28,541 [INFO] WebApp:225 - Starting web application
2025-08-13 21:15:28,541 [INFO] WebApp:593 - Web application path used C:\ST\STM32CubeIDE_1.19.0\STM32CubeIDE\plugins\com.st.stm32cube.common.mx_6.15.0.202507011659\db\plugins\mcufinder\reactClient1\index.html
2025-08-13 21:15:29,573 [WARN] PackLoader:240 - Cannot read IP mode file for STMicroelectronics.FP-SNS-MOTENVWB1.1.4.0
2025-08-13 21:15:29,614 [WARN] PackLoader:240 - Cannot read IP mode file for STMicroelectronics.FP-ATR-ASTRA1.2.0.2
2025-08-13 21:15:29,661 [WARN] PackLoader:240 - Cannot read IP mode file for STMicroelectronics.X-CUBE-SMBUS.2.1.0
2025-08-13 21:15:29,669 [WARN] PackLoader:240 - Cannot read IP mode file for STMicroelectronics.X-CUBE-ST60.1.0.0
2025-08-13 21:15:29,766 [WARN] PackLoader:240 - Cannot read IP mode file for STMicroelectronics.X-CUBE-AZRTOS-F7.1.1.0
2025-08-13 21:15:29,816 [WARN] PackLoader:240 - Cannot read IP mode file for Infineon.AIROC-Wi-Fi-Bluetooth-STM32.1.7.1
2025-08-13 21:15:29,885 [WARN] PackLoader:240 - Cannot read IP mode file for STMicroelectronics.X-CUBE-AZRTOS-H7.3.4.0
2025-08-13 21:15:29,911 [WARN] PackLoader:240 - Cannot read IP mode file for STMicroelectronics.X-CUBE-DISPLAY.3.0.0
2025-08-13 21:15:29,966 [WARN] PackLoader:240 - Cannot read IP mode file for STMicroelectronics.X-CUBE-NFC10.1.0.0
2025-08-13 21:15:29,979 [WARN] PackLoader:240 - Cannot read IP mode file for emotas.I-CUBE-CANOPEN.1.3.0
2025-08-13 21:15:29,999 [WARN] PackLoader:240 - Cannot read IP mode file for STMicroelectronics.FP-SNS-STBOX1.2.1.0
2025-08-13 21:15:30,009 [WARN] PackLoader:240 - Cannot read IP mode file for STMicroelectronics.FP-SNS-SMARTAG2.1.2.0
2025-08-13 21:15:30,015 [WARN] PackLoader:240 - Cannot read IP mode file for STMicroelectronics.FP-SNS-FLIGHT1.5.1.0
2025-08-13 21:15:30,050 [INFO] LogOutputStream:77 - [STDOUT_REDIRECT] 1 : Invalid condition id : UX_CORESTACK_Condition cause : null
2025-08-13 21:15:30,053 [INFO] LogOutputStream:77 - [STDOUT_REDIRECT] 1 : Invalid condition id : UX_CORESTACK_Condition cause : null
2025-08-13 21:15:30,058 [INFO] LogOutputStream:77 - [STDOUT_REDIRECT] 1 : Invalid condition id : UX_CORESTACK_Condition cause : null
2025-08-13 21:15:30,062 [INFO] LogOutputStream:77 - [STDOUT_REDIRECT] 1 : Invalid condition id : UX_CORESTACK_Condition cause : null
2025-08-13 21:15:30,065 [INFO] LogOutputStream:77 - [STDOUT_REDIRECT] 1 : Invalid condition id : UX_CORESTACK_Condition cause : null
2025-08-13 21:15:30,067 [WARN] PackLoader:240 - Cannot read IP mode file for STMicroelectronics.X-CUBE-AZRTOS-WL.2.0.0
2025-08-13 21:15:30,075 [WARN] PackLoader:240 - Cannot read IP mode file for STMicroelectronics.FP-SNS-MOTENV1.5.0.0
2025-08-13 21:15:30,107 [WARN] PackLoader:240 - Cannot read IP mode file for WES.I-CUBE-Cesium.1.3.0
2025-08-13 21:15:30,122 [WARN] PackLoader:240 - Cannot read IP mode file for STMicroelectronics.X-CUBE-BLE2.3.3.0
2025-08-13 21:15:30,134 [WARN] PackLoader:240 - Cannot read IP mode file for STMicroelectronics.X-CUBE-NFC9.1.0.0
2025-08-13 21:15:30,145 [WARN] PackLoader:240 - Cannot read IP mode file for wolfSSL.I-CUBE-wolfSSL.5.8.0
2025-08-13 21:15:30,154 [WARN] PackLoader:240 - Cannot read IP mode file for STMicroelectronics.X-CUBE-BLE1.7.1.0
2025-08-13 21:15:30,161 [WARN] PackLoader:240 - Cannot read IP mode file for wolfSSL.I-CUBE-wolfMQTT.1.19.2
2025-08-13 21:15:30,170 [WARN] PackLoader:240 - Cannot read IP mode file for STMicroelectronics.X-CUBE-EEPRMA1.5.2.0
2025-08-13 21:15:30,181 [WARN] PackLoader:240 - Cannot read IP mode file for STMicroelectronics.X-CUBE-AI.10.1.0
2025-08-13 21:15:30,227 [WARN] PackLoader:240 - Cannot read IP mode file for STMicroelectronics.X-CUBE-AZRTOS-G0.1.1.0
2025-08-13 21:15:30,244 [WARN] PackLoader:240 - Cannot read IP mode file for STMicroelectronics.X-CUBE-SAFEA1.1.2.2
2025-08-13 21:15:30,251 [WARN] PackLoader:240 - Cannot read IP mode file for STMicroelectronics.X-CUBE-NFC4.3.0.0
2025-08-13 21:15:30,262 [WARN] PackLoader:240 - Cannot read IP mode file for EmbeddedOffice.I-CUBE-FS-RTOS.1.0.1
2025-08-13 21:15:30,268 [WARN] PackLoader:240 - Cannot read IP mode file for STMicroelectronics.X-CUBE-WB05N.2.0.0
2025-08-13 21:15:30,274 [WARN] PackLoader:240 - Cannot read IP mode file for wolfSSL.I-CUBE-wolfTPM.3.8.0
2025-08-13 21:15:30,280 [WARN] PackLoader:240 - Cannot read IP mode file for STMicroelectronics.X-CUBE-TCPP.4.2.0
2025-08-13 21:15:30,287 [WARN] PackLoader:240 - Cannot read IP mode file for RealThread.X-CUBE-RT-Thread_Nano.4.1.1
2025-08-13 21:15:30,294 [WARN] PackLoader:240 - Cannot read IP mode file for STMicroelectronics.FP-ATR-SIGFOX1.3.2.0
2025-08-13 21:15:30,299 [WARN] PackLoader:240 - Cannot read IP mode file for ITTIA_DB.I-CUBE-ITTIADB.8.9.0
2025-08-13 21:15:30,364 [WARN] PackLoader:240 - Cannot read IP mode file for STMicroelectronics.X-CUBE-ST67W61.1.0.0
2025-08-13 21:15:30,370 [WARN] PackLoader:240 - Cannot read IP mode file for STMicroelectronics.X-CUBE-AI.10.2.0
2025-08-13 21:15:30,412 [WARN] PackLoader:240 - Cannot read IP mode file for SEGGER.I-CUBE-embOS.1.3.1
2025-08-13 21:15:30,442 [WARN] PackLoader:240 - Cannot read IP mode file for STMicroelectronics.X-CUBE-ALGOBUILD.1.4.0
2025-08-13 21:15:30,479 [WARN] PackLoader:240 - Cannot read IP mode file for STMicroelectronics.X-CUBE-MEMS1.11.3.0
2025-08-13 21:15:30,592 [WARN] PackLoader:240 - Cannot read IP mode file for STMicroelectronics.X-CUBE-PM33A1.1.0.0
2025-08-13 21:15:30,605 [WARN] PackLoader:240 - Cannot read IP mode file for STMicroelectronics.X-CUBE-AZRTOS-F4.1.1.0
2025-08-13 21:15:30,613 [WARN] PackLoader:240 - Cannot read IP mode file for Avnet-IotConnect.X-CUBE-IoTC-DA16k-PMOD.1.0.0
2025-08-13 21:15:30,618 [WARN] PackLoader:240 - Cannot read IP mode file for STMicroelectronics.X-CUBE-ISPU.2.1.0
2025-08-13 21:15:30,626 [WARN] PackLoader:240 - Cannot read IP mode file for STMicroelectronics.X-CUBE-NFC12.1.0.0
2025-08-13 21:15:30,641 [WARN] PackLoader:240 - Cannot read IP mode file for STMicroelectronics.X-CUBE-AZRTOS-L5.2.0.0
2025-08-13 21:15:30,651 [WARN] PackLoader:240 - Cannot read IP mode file for STMicroelectronics.X-CUBE-NFC6.3.1.0
2025-08-13 21:15:30,658 [WARN] PackLoader:240 - Cannot read IP mode file for STMicroelectronics.X-CUBE-FREERTOS.1.3.1
2025-08-13 21:15:30,664 [WARN] PackLoader:240 - Cannot read IP mode file for STMicroelectronics.FP-SNS-STAIOTCFT.1.0.0
2025-08-13 21:15:30,669 [WARN] PackLoader:240 - Cannot read IP mode file for STMicroelectronics.X-CUBE-DPower.1.3.0
2025-08-13 21:15:30,683 [WARN] ConditionMgr:438 - getConditionDescription Invalid condition id : LAN8742 Phy interface Condition cause : null
2025-08-13 21:15:30,683 [WARN] PackLoader:240 - Cannot read IP mode file for STMicroelectronics.X-CUBE-AZRTOS-L4.2.0.0
2025-08-13 21:15:30,684 [WARN] ConditionMgr:1044 - genDependencies : Invalid condition id : LAN8742 Phy interface Condition cause : null
2025-08-13 21:15:30,685 [WARN] ConditionMgr:1044 - genDependencies : Invalid condition id : LAN8742 Phy interface Condition cause : null
2025-08-13 21:15:30,685 [WARN] ConditionMgr:1044 - genDependencies : Invalid condition id : LAN8742 Phy interface Condition cause : null
2025-08-13 21:15:30,694 [WARN] PackLoader:240 - Cannot read IP mode file for STMicroelectronics.X-CUBE-SFXS2LP1.4.0.0
2025-08-13 21:15:30,703 [WARN] PackLoader:240 - Cannot read IP mode file for STMicroelectronics.X-CUBE-BLEMGR.4.1.0
2025-08-13 21:15:30,716 [WARN] ConditionMgr:438 - getConditionDescription Invalid condition id : UX DEVICE CLASS RTOS Condition cause : null
2025-08-13 21:15:30,716 [WARN] ConditionMgr:438 - getConditionDescription Invalid condition id : UX DEVICE CLASS RTOS Condition cause : null
2025-08-13 21:15:30,717 [WARN] PackLoader:240 - Cannot read IP mode file for STMicroelectronics.X-CUBE-AZRTOS-WB.2.0.0
2025-08-13 21:15:30,718 [WARN] ConditionMgr:1044 - genDependencies : Invalid condition id : UX DEVICE CLASS RTOS Condition cause : null
2025-08-13 21:15:30,718 [WARN] ConditionMgr:1044 - genDependencies : Invalid condition id : UX DEVICE CLASS RTOS Condition cause : null
2025-08-13 21:15:30,718 [WARN] ConditionMgr:1044 - genDependencies : Invalid condition id : UX DEVICE CLASS RTOS Condition cause : null
2025-08-13 21:15:30,718 [WARN] ConditionMgr:1044 - genDependencies : Invalid condition id : UX DEVICE CLASS RTOS Condition cause : null
2025-08-13 21:15:30,718 [WARN] ConditionMgr:1044 - genDependencies : Invalid condition id : UX DEVICE CLASS RTOS Condition cause : null
2025-08-13 21:15:30,724 [WARN] PackLoader:240 - Cannot read IP mode file for STMicroelectronics.X-CUBE-GNSS1.7.0.1
2025-08-13 21:15:30,735 [WARN] PackLoader:240 - Cannot read IP mode file for STMicroelectronics.X-CUBE-TOUCHGFX.4.25.0
2025-08-13 21:15:30,740 [WARN] PackLoader:240 - Cannot read IP mode file for STMicroelectronics.FP-SNS-STBOX1.2.0.0
2025-08-13 21:15:30,747 [WARN] ConditionMgr:438 - getConditionDescription Invalid condition id : Cortex-A Device cause : null
2025-08-13 21:15:30,770 [WARN] ConditionMgr:1044 - genDependencies : Invalid condition id : Cortex-A Device cause : null
2025-08-13 21:15:30,770 [WARN] ConditionMgr:1044 - genDependencies : Invalid condition id : Cortex-A Device cause : null
2025-08-13 21:15:30,770 [WARN] ConditionMgr:1044 - genDependencies : Invalid condition id : Cortex-A Device cause : null
2025-08-13 21:15:30,779 [WARN] PackLoader:240 - Cannot read IP mode file for STMicroelectronics.X-CUBE-SUBG2.5.0.0
2025-08-13 21:15:30,797 [WARN] PackLoader:240 - Cannot read IP mode file for STMicroelectronics.X-CUBE-AZRTOS-H7RS.1.1.0
2025-08-13 21:15:30,805 [WARN] PackLoader:240 - Cannot read IP mode file for Cesanta.I-CUBE-Mongoose.7.13.0
2025-08-13 21:15:30,816 [WARN] PackLoader:240 - Cannot read IP mode file for STMicroelectronics.X-CUBE-AZRTOS-G4.2.0.0
2025-08-13 21:15:30,821 [WARN] PackLoader:240 - Cannot read IP mode file for wolfSSL.I-CUBE-wolfSSH.1.4.20
2025-08-13 21:15:30,825 [WARN] PackLoader:240 - Cannot read IP mode file for STMicroelectronics.X-CUBE-NFC7.2.0.0
2025-08-13 21:15:30,835 [WARN] PackLoader:240 - Cannot read IP mode file for STMicroelectronics.X-CUBE-IPS.3.1.0
2025-08-13 21:15:30,846 [WARN] PackLoader:240 - Cannot read IP mode file for STMicroelectronics.X-CUBE-ALS.1.0.2
2025-08-13 21:15:30,854 [WARN] PackLoader:240 - Cannot read IP mode file for portGmbH.I-Cube-SoM-uGOAL.1.1.0
2025-08-13 21:15:30,866 [WARN] PackLoader:240 - Cannot read IP mode file for STMicroelectronics.X-CUBE-TOF1.3.4.3
2025-08-13 21:15:30,879 [INFO] ThirdParty:978 - Integrity check success = true
2025-08-13 21:15:30,880 [INFO] IntegrityCheckThread:100 - exiting critical section [integrity check]
2025-08-13 21:15:30,880 [INFO] IntegrityCheckThread:103 - End integrity checks thread
2025-08-13 21:16:16,920 [INFO] WebApp:194 - Connection lost
2025-08-13 21:16:17,271 [INFO] WebApp:191 - Connection restablished
2025-08-13 21:21:39,505 [ERROR] LogOutputStream:75 - [STDERR_REDIRECT] 
