2025-07-29 10:55:45,013 [INFO] Activator:176 - 


2025-07-29 10:55:45,021 [INFO] Activator:177 - !SESSION log4j initialized
2025-07-29 10:55:53,948 [INFO] LogOutputStream:77 - [STDOUT_REDIRECT] 
2025-07-29 10:55:56,682 [INFO] ApplicationProperties:184 - Using Application install path: C:\ST\STM32CubeIDE_1.19.0\STM32CubeIDE\plugins\com.st.stm32cube.common.mx_6.15.0.202507011659
2025-07-29 10:55:56,710 [INFO] DbMcusXml:78 - Set database path to: C:\ST\STM32CubeIDE_1.19.0\STM32CubeIDE\plugins\com.st.stm32cube.common.mx_6.15.0.202507011659\\db\/mcu/
2025-07-29 10:55:56,710 [INFO] ApiDb:274 - Set plugin database path to: C:\ST\STM32CubeIDE_1.19.0\STM32CubeIDE\plugins\com.st.stm32cube.common.mx_6.15.0.202507011659\\db\/plugins/boardmanager/
2025-07-29 10:55:56,711 [WARN] ApiDb:259 - Overriding images path with different value:  => C:\ST\STM32CubeIDE_1.19.0\STM32CubeIDE\plugins\com.st.stm32cube.common.mx_6.15.0.202507011659\\db\/plugins/mcufinder/images/
2025-07-29 10:55:56,724 [INFO] ApiDb:250 - Set database path to: C:\Users\arafa\.stmcufinder\plugins\mcufinder//mcu/
2025-07-29 10:55:56,725 [INFO] DbMcusAds:125 - Set database path to: C:\Users\arafa\.stmcufinder\plugins\mcufinder//mcu/
2025-07-29 10:55:56,729 [INFO] CrossReferenceDbSqlite:203 - Set database path to: C:\Users\arafa\.stmcufinder\plugins\mcufinder//mcu/cs/
2025-07-29 10:55:56,927 [INFO] RulesReader:64 - Compatibility file has been processed (317 Rules)
2025-07-29 10:55:57,054 [INFO] DbMcusXml:78 - Set database path to: C:\ST\STM32CubeIDE_1.19.0\STM32CubeIDE\plugins\com.st.stm32cube.common.mx_6.15.0.202507011659\\db\/mcu/
2025-07-29 10:55:57,054 [INFO] ApiDb:274 - Set plugin database path to: C:\ST\STM32CubeIDE_1.19.0\STM32CubeIDE\plugins\com.st.stm32cube.common.mx_6.15.0.202507011659\\db\/plugins/boardmanager/
2025-07-29 10:55:57,055 [INFO] ApiDb:261 - Set plugin images path to: C:\ST\STM32CubeIDE_1.19.0\STM32CubeIDE\plugins\com.st.stm32cube.common.mx_6.15.0.202507011659\\db\/plugins/mcufinder/images/
2025-07-29 10:55:57,055 [WARN] DbFile:41 - Overriding database path with different value: C:\Users\arafa\.stmcufinder\plugins\mcufinder/ => C:\Users\arafa\.stmcufinder\plugins\mcufinder
2025-07-29 10:55:57,055 [INFO] ApiDb:250 - Set database path to: C:\Users\arafa\.stmcufinder\plugins\mcufinder//mcu/
2025-07-29 10:55:57,056 [WARN] DbFile:41 - Overriding database path with different value: C:\Users\arafa\.stmcufinder\plugins\mcufinder/ => C:\Users\arafa\.stmcufinder\plugins\mcufinder
2025-07-29 10:55:57,056 [INFO] DbMcusAds:125 - Set database path to: C:\Users\arafa\.stmcufinder\plugins\mcufinder//mcu/
2025-07-29 10:55:57,056 [WARN] DbFile:41 - Overriding database path with different value: C:\Users\arafa\.stmcufinder\plugins\mcufinder/ => C:\Users\arafa\.stmcufinder\plugins\mcufinder
2025-07-29 10:55:57,056 [WARN] DbFile:41 - Overriding database path with different value: C:\Users\arafa\.stmcufinder\plugins\mcufinder/ => C:\Users\arafa\.stmcufinder\plugins\mcufinder
2025-07-29 10:55:57,056 [INFO] CrossReferenceDbSqlite:203 - Set database path to: C:\Users\arafa\.stmcufinder\plugins\mcufinder//mcu/cs/
2025-07-29 10:55:57,163 [INFO] MainPanel:274 - HeapMemory: 268435456
2025-07-29 10:55:57,378 [INFO] DbMcusXml:78 - Set database path to: C:\ST\STM32CubeIDE_1.19.0\STM32CubeIDE\plugins\com.st.stm32cube.common.mx_6.15.0.202507011659\\db\/mcu/
2025-07-29 10:55:57,379 [INFO] ApiDb:274 - Set plugin database path to: C:\ST\STM32CubeIDE_1.19.0\STM32CubeIDE\plugins\com.st.stm32cube.common.mx_6.15.0.202507011659\\db\/plugins/boardmanager/
2025-07-29 10:55:57,379 [INFO] ApiDb:261 - Set plugin images path to: C:\ST\STM32CubeIDE_1.19.0\STM32CubeIDE\plugins\com.st.stm32cube.common.mx_6.15.0.202507011659\\db\/plugins/mcufinder/images/
2025-07-29 10:55:57,379 [WARN] DbFile:41 - Overriding database path with different value: C:\Users\arafa\.stmcufinder\plugins\mcufinder/ => C:\Users\arafa\.stmcufinder\plugins\mcufinder
2025-07-29 10:55:57,380 [INFO] ApiDb:250 - Set database path to: C:\Users\arafa\.stmcufinder\plugins\mcufinder//mcu/
2025-07-29 10:55:57,380 [WARN] DbFile:41 - Overriding database path with different value: C:\Users\arafa\.stmcufinder\plugins\mcufinder/ => C:\Users\arafa\.stmcufinder\plugins\mcufinder
2025-07-29 10:55:57,380 [INFO] DbMcusAds:125 - Set database path to: C:\Users\arafa\.stmcufinder\plugins\mcufinder//mcu/
2025-07-29 10:55:57,380 [WARN] DbFile:41 - Overriding database path with different value: C:\Users\arafa\.stmcufinder\plugins\mcufinder/ => C:\Users\arafa\.stmcufinder\plugins\mcufinder
2025-07-29 10:55:57,380 [WARN] DbFile:41 - Overriding database path with different value: C:\Users\arafa\.stmcufinder\plugins\mcufinder/ => C:\Users\arafa\.stmcufinder\plugins\mcufinder
2025-07-29 10:55:57,380 [INFO] CrossReferenceDbSqlite:203 - Set database path to: C:\Users\arafa\.stmcufinder\plugins\mcufinder//mcu/cs/
2025-07-29 10:55:57,408 [INFO] ApplicationProperties:184 - Using Application install path: C:\ST\STM32CubeIDE_1.19.0\STM32CubeIDE\plugins\com.st.stm32cube.common.mx_6.15.0.202507011659
2025-07-29 10:55:57,410 [INFO] PluginManage:196 - Search for loadable plugins [exclusion list=, ]
2025-07-29 10:55:57,413 [INFO] PluginManage:310 - Check plugin analytics
2025-07-29 10:55:57,714 [INFO] AnalyticsPlugin:253 - Accepted Software Licenses: 
2025-07-29 10:55:57,714 [INFO] AnalyticsPlugin:255 - Accepted CMSIS Pack Licenses: 
2025-07-29 10:55:57,714 [INFO] AnalyticsPlugin:257 - Accepted Firmware Licenses: 
2025-07-29 10:55:57,717 [INFO] PluginManage:359 - Loaded plugin analytics (category:tool,tabindex:-1)
2025-07-29 10:55:57,717 [INFO] PluginManage:310 - Check plugin cadmodel
2025-07-29 10:55:57,726 [INFO] CADModel:105 - Init CAD model plugin
2025-07-29 10:55:57,726 [INFO] PluginManage:359 - Loaded plugin cadmodel (category:power,tabindex:5)
2025-07-29 10:55:57,726 [INFO] PluginManage:310 - Check plugin clock
2025-07-29 10:55:57,738 [INFO] PluginManage:359 - Loaded plugin clock (category:base,tabindex:2)
2025-07-29 10:55:57,738 [INFO] PluginManage:310 - Check plugin ddr
2025-07-29 10:55:57,741 [INFO] PluginManage:359 - Loaded plugin ddr (category:tool,tabindex:6)
2025-07-29 10:55:57,742 [INFO] PluginManage:310 - Check plugin filemanager
2025-07-29 10:55:57,940 [INFO] PluginManage:359 - Loaded plugin filemanager (category:base,tabindex:10)
2025-07-29 10:55:57,940 [INFO] PluginManage:310 - Check plugin ipmanager
2025-07-29 10:55:57,949 [INFO] PluginManage:359 - Loaded plugin ipmanager (category:base,tabindex:5)
2025-07-29 10:55:57,949 [INFO] PluginManage:310 - Check plugin lpbam
2025-07-29 10:55:57,959 [INFO] PluginManage:359 - Loaded plugin lpbam (category:base,tabindex:0)
2025-07-29 10:55:57,960 [INFO] PluginManage:310 - Check plugin memorymap
2025-07-29 10:55:57,977 [INFO] PluginManage:359 - Loaded plugin memorymap (category:base,tabindex:4)
2025-07-29 10:55:57,977 [INFO] PluginManage:310 - Check plugin pinoutandconfiguration
2025-07-29 10:55:57,987 [INFO] PluginManage:359 - Loaded plugin pinoutandconfiguration (category:base,tabindex:1)
2025-07-29 10:55:57,987 [INFO] PluginManage:310 - Check plugin pinoutconfig
2025-07-29 10:55:58,147 [WARN] SupportedApi:132 - Cannot load RTOS API schema: s4s-elt-must-match.1: The content of 'definitions' must match (annotation?, (simpleType | complexType)?, (unique | key | keyref)*)). A problem was found starting at: attribute.
2025-07-29 10:55:58,386 [INFO] PluginManage:359 - Loaded plugin pinoutconfig (category:base,tabindex:0)
2025-07-29 10:55:58,386 [INFO] PluginManage:310 - Check plugin power
2025-07-29 10:55:58,409 [INFO] PluginManage:359 - Loaded plugin power (category:power,tabindex:4)
2025-07-29 10:55:58,414 [INFO] PluginManage:310 - Check plugin projectmanager
2025-07-29 10:55:58,453 [INFO] PluginManage:359 - Loaded plugin projectmanager (category:projectmanager,tabindex:4)
2025-07-29 10:55:58,453 [INFO] PluginManage:310 - Check plugin rif
2025-07-29 10:55:58,475 [INFO] PluginManage:359 - Loaded plugin rif (category:base,tabindex:3)
2025-07-29 10:55:58,475 [INFO] PluginManage:310 - Check plugin thirdparty
2025-07-29 10:55:58,680 [INFO] PluginManage:359 - Loaded plugin thirdparty (category:base,tabindex:-1)
2025-07-29 10:55:58,680 [WARN] IntegrityCheckThread:84 - waiting for thirdparty lock release [integrity check]
2025-07-29 10:55:58,681 [INFO] PluginManage:310 - Check plugin tools
2025-07-29 10:55:58,681 [INFO] IntegrityCheckThread:86 - entering critical section [integrity check]
2025-07-29 10:55:58,682 [INFO] ThirdPartyUpdaterWithRetryManager:70 - Updater plugin not ready yet. [1/15]
2025-07-29 10:55:58,685 [INFO] PluginManage:359 - Loaded plugin tools (category:base,tabindex:7)
2025-07-29 10:55:58,686 [INFO] PluginManage:310 - Check plugin tutovideos
2025-07-29 10:55:59,017 [INFO] PluginManage:359 - Loaded plugin tutovideos (category:base,tabindex:-1)
2025-07-29 10:55:59,018 [INFO] PluginManage:310 - Check plugin updater
2025-07-29 10:55:59,054 [INFO] PluginManage:359 - Loaded plugin updater (category:base,tabindex:12)
2025-07-29 10:55:59,055 [INFO] PluginManage:310 - Check plugin userauth
2025-07-29 10:55:59,061 [INFO] UserAuth:118 - Init User Auth plugin
2025-07-29 10:55:59,062 [INFO] PluginManage:359 - Loaded plugin userauth (category:base,tabindex:14)
2025-07-29 10:55:59,063 [INFO] PluginManage:283 - PluginManage : Loaded plugins [18]
2025-07-29 10:55:59,418 [INFO] PinOutPanel:1589 - setPackage(No Configuration,No Configuration)
2025-07-29 10:55:59,545 [INFO] CADModel:165 - CPN selected for project level
2025-07-29 10:55:59,545 [INFO] CADModel:114 - Register for checkConnection events
2025-07-29 10:55:59,575 [INFO] IPUIPlugin:80 - create IPUIPlugin
2025-07-29 10:55:59,575 [INFO] PluginManager:220 - loadIPPluginJar : add adc
2025-07-29 10:55:59,583 [INFO] IPUIPlugin:80 - create IPUIPlugin
2025-07-29 10:55:59,583 [INFO] PluginManager:220 - loadIPPluginJar : add aes
2025-07-29 10:55:59,588 [INFO] IPUIPlugin:80 - create IPUIPlugin
2025-07-29 10:55:59,589 [INFO] PluginManager:220 - loadIPPluginJar : add can
2025-07-29 10:55:59,592 [INFO] IPUIPlugin:80 - create IPUIPlugin
2025-07-29 10:55:59,592 [INFO] PluginManager:220 - loadIPPluginJar : add comp
2025-07-29 10:55:59,597 [INFO] IPUIPlugin:80 - create IPUIPlugin
2025-07-29 10:55:59,597 [INFO] PluginManager:220 - loadIPPluginJar : add cryp
2025-07-29 10:55:59,602 [INFO] IPUIPlugin:80 - create IPUIPlugin
2025-07-29 10:55:59,603 [INFO] PluginManager:220 - loadIPPluginJar : add ddr_ctrl_phy
2025-07-29 10:55:59,607 [INFO] IPUIPlugin:80 - create IPUIPlugin
2025-07-29 10:55:59,607 [INFO] PluginManager:220 - loadIPPluginJar : add dfsdm
2025-07-29 10:55:59,617 [INFO] IPUIPlugin:80 - create IPUIPlugin
2025-07-29 10:55:59,619 [INFO] PluginManager:220 - loadIPPluginJar : add dma
2025-07-29 10:55:59,629 [INFO] IPUIPlugin:80 - create IPUIPlugin
2025-07-29 10:55:59,629 [INFO] PluginManager:220 - loadIPPluginJar : add dma3
2025-07-29 10:55:59,634 [INFO] IPUIPlugin:80 - create IPUIPlugin
2025-07-29 10:55:59,634 [INFO] PluginManager:220 - loadIPPluginJar : add extmemmanager
2025-07-29 10:55:59,637 [INFO] IPUIPlugin:80 - create IPUIPlugin
2025-07-29 10:55:59,637 [INFO] PluginManager:220 - loadIPPluginJar : add fatfs
2025-07-29 10:55:59,645 [INFO] IPUIPlugin:80 - create IPUIPlugin
2025-07-29 10:55:59,646 [INFO] PluginManager:220 - loadIPPluginJar : add fmc
2025-07-29 10:55:59,656 [INFO] IPUIPlugin:80 - create IPUIPlugin
2025-07-29 10:55:59,657 [INFO] PluginManager:220 - loadIPPluginJar : add freertos
2025-07-29 10:55:59,659 [INFO] IPUIPlugin:80 - create IPUIPlugin
2025-07-29 10:55:59,659 [INFO] PluginManager:220 - loadIPPluginJar : add genericplugin
2025-07-29 10:55:59,663 [INFO] IPUIPlugin:80 - create IPUIPlugin
2025-07-29 10:55:59,663 [INFO] PluginManager:220 - loadIPPluginJar : add gfxmmu
2025-07-29 10:55:59,669 [INFO] IPUIPlugin:80 - create IPUIPlugin
2025-07-29 10:55:59,669 [INFO] PluginManager:220 - loadIPPluginJar : add gic
2025-07-29 10:55:59,675 [INFO] IPUIPlugin:80 - create IPUIPlugin
2025-07-29 10:55:59,675 [INFO] PluginManager:220 - loadIPPluginJar : add gpio
2025-07-29 10:55:59,679 [INFO] IPUIPlugin:80 - create IPUIPlugin
2025-07-29 10:55:59,679 [INFO] PluginManager:220 - loadIPPluginJar : add gtzc
2025-07-29 10:55:59,682 [INFO] IPUIPlugin:80 - create IPUIPlugin
2025-07-29 10:55:59,683 [INFO] PluginManager:220 - loadIPPluginJar : add hash
2025-07-29 10:55:59,687 [INFO] IPUIPlugin:80 - create IPUIPlugin
2025-07-29 10:55:59,687 [INFO] PluginManager:220 - loadIPPluginJar : add i2c
2025-07-29 10:55:59,691 [INFO] IPUIPlugin:80 - create IPUIPlugin
2025-07-29 10:55:59,692 [INFO] PluginManager:220 - loadIPPluginJar : add i2s
2025-07-29 10:55:59,696 [INFO] IPUIPlugin:80 - create IPUIPlugin
2025-07-29 10:55:59,696 [INFO] PluginManager:220 - loadIPPluginJar : add i3c
2025-07-29 10:55:59,701 [INFO] IPUIPlugin:80 - create IPUIPlugin
2025-07-29 10:55:59,701 [INFO] PluginManager:220 - loadIPPluginJar : add ipddr
2025-07-29 10:55:59,711 [INFO] IPUIPlugin:80 - create IPUIPlugin
2025-07-29 10:55:59,711 [INFO] PluginManager:220 - loadIPPluginJar : add linkedlist
2025-07-29 10:55:59,722 [INFO] IPUIPlugin:80 - create IPUIPlugin
2025-07-29 10:55:59,722 [INFO] PluginManager:220 - loadIPPluginJar : add lorawan
2025-07-29 10:55:59,725 [INFO] IPUIPlugin:80 - create IPUIPlugin
2025-07-29 10:55:59,725 [INFO] PluginManager:220 - loadIPPluginJar : add ltdc
2025-07-29 10:55:59,734 [INFO] IPUIPlugin:80 - create IPUIPlugin
2025-07-29 10:55:59,734 [INFO] PluginManager:220 - loadIPPluginJar : add mdma
2025-07-29 10:55:59,740 [INFO] IPUIPlugin:80 - create IPUIPlugin
2025-07-29 10:55:59,741 [INFO] PluginManager:220 - loadIPPluginJar : add nvic
2025-07-29 10:55:59,746 [INFO] IPUIPlugin:80 - create IPUIPlugin
2025-07-29 10:55:59,746 [INFO] PluginManager:220 - loadIPPluginJar : add opamp
2025-07-29 10:55:59,751 [INFO] IPUIPlugin:80 - create IPUIPlugin
2025-07-29 10:55:59,751 [INFO] PluginManager:220 - loadIPPluginJar : add openamp
2025-07-29 10:55:59,756 [INFO] IPUIPlugin:80 - create IPUIPlugin
2025-07-29 10:55:59,756 [INFO] PluginManager:220 - loadIPPluginJar : add pdm2pcm
2025-07-29 10:55:59,765 [INFO] IPUIPlugin:80 - create IPUIPlugin
2025-07-29 10:55:59,769 [INFO] PluginManager:220 - loadIPPluginJar : add plateformsettings
2025-07-29 10:55:59,774 [INFO] IPUIPlugin:80 - create IPUIPlugin
2025-07-29 10:55:59,774 [INFO] PluginManager:220 - loadIPPluginJar : add quadspi
2025-07-29 10:55:59,776 [INFO] IPUIPlugin:80 - create IPUIPlugin
2025-07-29 10:55:59,777 [INFO] PluginManager:220 - loadIPPluginJar : add radio
2025-07-29 10:55:59,782 [INFO] IPUIPlugin:80 - create IPUIPlugin
2025-07-29 10:55:59,782 [INFO] PluginManager:220 - loadIPPluginJar : add resmgrutility
2025-07-29 10:55:59,786 [INFO] IPUIPlugin:80 - create IPUIPlugin
2025-07-29 10:55:59,786 [INFO] PluginManager:220 - loadIPPluginJar : add sai
2025-07-29 10:55:59,789 [INFO] IPUIPlugin:80 - create IPUIPlugin
2025-07-29 10:55:59,789 [INFO] PluginManager:220 - loadIPPluginJar : add spi
2025-07-29 10:55:59,797 [INFO] IPUIPlugin:80 - create IPUIPlugin
2025-07-29 10:55:59,797 [INFO] PluginManager:220 - loadIPPluginJar : add stm32_wpan
2025-07-29 10:55:59,802 [INFO] IPUIPlugin:80 - create IPUIPlugin
2025-07-29 10:55:59,802 [INFO] PluginManager:220 - loadIPPluginJar : add tim
2025-07-29 10:55:59,824 [INFO] IPUIPlugin:80 - create IPUIPlugin
2025-07-29 10:55:59,825 [INFO] PluginManager:220 - loadIPPluginJar : add touchsensing
2025-07-29 10:55:59,830 [INFO] IPUIPlugin:80 - create IPUIPlugin
2025-07-29 10:55:59,831 [INFO] PluginManager:220 - loadIPPluginJar : add tracer_emb
2025-07-29 10:55:59,834 [INFO] IPUIPlugin:80 - create IPUIPlugin
2025-07-29 10:55:59,835 [INFO] PluginManager:220 - loadIPPluginJar : add ts
2025-07-29 10:55:59,837 [INFO] IPUIPlugin:80 - create IPUIPlugin
2025-07-29 10:55:59,838 [INFO] PluginManager:220 - loadIPPluginJar : add tsc
2025-07-29 10:55:59,842 [INFO] IPUIPlugin:80 - create IPUIPlugin
2025-07-29 10:55:59,843 [INFO] PluginManager:220 - loadIPPluginJar : add ucpd
2025-07-29 10:55:59,847 [INFO] IPUIPlugin:80 - create IPUIPlugin
2025-07-29 10:55:59,847 [INFO] PluginManager:220 - loadIPPluginJar : add usart
2025-07-29 10:55:59,852 [INFO] IPUIPlugin:80 - create IPUIPlugin
2025-07-29 10:55:59,852 [INFO] PluginManager:220 - loadIPPluginJar : add usbx
2025-07-29 10:55:59,993 [FATAL] Updater:351 - Updater called before beeing initialized
2025-07-29 10:56:00,090 [INFO] RulesReader:64 - Compatibility file has been processed (317 Rules)
2025-07-29 10:56:00,112 [INFO] RulesReader:64 - Compatibility file has been processed (317 Rules)
2025-07-29 10:56:00,145 [INFO] CADModel:165 - CPN selected for project level
2025-07-29 10:56:00,145 [INFO] CADModel:114 - Register for checkConnection events
2025-07-29 10:56:00,146 [FATAL] Updater:351 - Updater called before beeing initialized
2025-07-29 10:56:00,146 [ERROR] CADModel:125 - Updater not yet initialized, retry later 
2025-07-29 10:56:00,409 [FATAL] Updater:351 - Updater called before beeing initialized
2025-07-29 10:56:00,411 [INFO] CADModel:165 - CPN selected for project level
2025-07-29 10:56:00,411 [INFO] CADModel:114 - Register for checkConnection events
2025-07-29 10:56:00,412 [FATAL] Updater:351 - Updater called before beeing initialized
2025-07-29 10:56:00,412 [ERROR] CADModel:125 - Updater not yet initialized, retry later 
2025-07-29 10:56:00,416 [FATAL] Updater:351 - Updater called before beeing initialized
2025-07-29 10:56:00,563 [FATAL] Updater:351 - Updater called before beeing initialized
2025-07-29 10:56:00,568 [INFO] DbMcusAds:53 - JSON generation date=Tue Jul 08 04:14:23 EDT 2025 (1751962463524)
2025-07-29 10:56:00,568 [FATAL] Updater:351 - Updater called before beeing initialized
2025-07-29 10:56:00,613 [WARN] DetailPanel:346 - Failed to get advertising image, set to default
2025-07-29 10:56:00,724 [FATAL] Updater:351 - Updater called before beeing initialized
2025-07-29 10:56:00,728 [FATAL] Updater:351 - Updater called before beeing initialized
2025-07-29 10:56:00,730 [FATAL] Updater:351 - Updater called before beeing initialized
2025-07-29 10:56:00,731 [WARN] DetailPanel:346 - Failed to get advertising image, set to default
2025-07-29 10:56:00,732 [FATAL] Updater:351 - Updater called before beeing initialized
2025-07-29 10:56:00,803 [ERROR] Updater:1198 - MainUpdater not yet initialized. External WinMGr cannot be set.
2025-07-29 10:56:00,805 [INFO] Updater:1134 - Updater Version found : 6.15.0
2025-07-29 10:56:00,830 [INFO] ApplicationProperties:184 - Using Application install path: C:\ST\STM32CubeIDE_1.19.0\STM32CubeIDE\plugins\com.st.stm32cube.common.mx_6.15.0.202507011659
2025-07-29 10:56:01,683 [INFO] ThirdPartyUpdaterWithRetryManager:70 - Updater plugin not ready yet. [2/15]
2025-07-29 10:56:02,418 [ERROR] LogOutputStream:75 - [STDERR_REDIRECT] Jul 29, 2025 10:56:02 AM java.util.prefs.WindowsPreferences <init>
2025-07-29 10:56:02,422 [ERROR] LogOutputStream:75 - [STDERR_REDIRECT] WARNING: Could not open/create prefs root node Software\JavaSoft\Prefs at root 0xffffffff80000002. Windows RegCreateKeyEx(...) returned error code 5.
2025-07-29 10:56:02,422 [ERROR] LogOutputStream:75 - [STDERR_REDIRECT] 
2025-07-29 10:56:03,052 [INFO] MainUpdater:2872 - connection check result : 10
2025-07-29 10:56:03,053 [INFO] MainUpdater:289 - Updater Check For Update Now.
2025-07-29 10:56:03,053 [INFO] MicroXplorer:498 - Change Database Version : DB.6.0.150
2025-07-29 10:56:03,095 [INFO] McuFinderGlobals:63 - Set McuFinder mode to 2 (CubeIDE integrated)
2025-07-29 10:56:03,095 [INFO] UserAuth:171 - activating auth plugin
2025-07-29 10:56:03,103 [INFO] UserAuth:487 - Internet connection configuration mode: 1
2025-07-29 10:56:03,179 [INFO] JxBrowserEngine:152 - Initiate JxBrowser Engine with user profile folder
2025-07-29 10:56:03,300 [INFO] CheckServerUpdateThread:120 - End of CheckServer Thread
2025-07-29 10:56:05,227 [WARN] PackLoader:240 - Cannot read IP mode file for STMicroelectronics.FP-SNS-MOTENVWB1.1.4.0
2025-07-29 10:56:05,237 [WARN] PackLoader:240 - Cannot read IP mode file for STMicroelectronics.FP-ATR-ASTRA1.2.0.2
2025-07-29 10:56:05,242 [INFO] WebApp:169 - Instantiating new browser for Auth
2025-07-29 10:56:05,248 [WARN] PackLoader:240 - Cannot read IP mode file for STMicroelectronics.X-CUBE-SMBUS.2.1.0
2025-07-29 10:56:05,254 [WARN] PackLoader:240 - Cannot read IP mode file for STMicroelectronics.X-CUBE-ST60.1.0.0
2025-07-29 10:56:05,322 [WARN] PackLoader:240 - Cannot read IP mode file for STMicroelectronics.X-CUBE-AZRTOS-F7.1.1.0
2025-07-29 10:56:05,371 [WARN] PackLoader:240 - Cannot read IP mode file for Infineon.AIROC-Wi-Fi-Bluetooth-STM32.1.7.1
2025-07-29 10:56:05,408 [WARN] PackLoader:240 - Cannot read IP mode file for STMicroelectronics.X-CUBE-AZRTOS-H7.3.4.0
2025-07-29 10:56:05,425 [WARN] PackLoader:240 - Cannot read IP mode file for STMicroelectronics.X-CUBE-DISPLAY.3.0.0
2025-07-29 10:56:05,445 [WARN] PackLoader:240 - Cannot read IP mode file for STMicroelectronics.X-CUBE-NFC10.1.0.0
2025-07-29 10:56:05,455 [WARN] PackLoader:240 - Cannot read IP mode file for emotas.I-CUBE-CANOPEN.1.3.0
2025-07-29 10:56:05,462 [WARN] PackLoader:240 - Cannot read IP mode file for STMicroelectronics.FP-SNS-SMARTAG2.1.2.0
2025-07-29 10:56:05,467 [WARN] PackLoader:240 - Cannot read IP mode file for STMicroelectronics.FP-SNS-FLIGHT1.5.1.0
2025-07-29 10:56:05,479 [INFO] LogOutputStream:77 - [STDOUT_REDIRECT] 1 : Invalid condition id : UX_CORESTACK_Condition cause : null
2025-07-29 10:56:05,480 [INFO] LogOutputStream:77 - [STDOUT_REDIRECT] 1 : Invalid condition id : UX_CORESTACK_Condition cause : null
2025-07-29 10:56:05,481 [INFO] LogOutputStream:77 - [STDOUT_REDIRECT] 1 : Invalid condition id : UX_CORESTACK_Condition cause : null
2025-07-29 10:56:05,483 [INFO] LogOutputStream:77 - [STDOUT_REDIRECT] 1 : Invalid condition id : UX_CORESTACK_Condition cause : null
2025-07-29 10:56:05,484 [INFO] LogOutputStream:77 - [STDOUT_REDIRECT] 1 : Invalid condition id : UX_CORESTACK_Condition cause : null
2025-07-29 10:56:05,487 [WARN] PackLoader:240 - Cannot read IP mode file for STMicroelectronics.X-CUBE-AZRTOS-WL.2.0.0
2025-07-29 10:56:05,494 [WARN] PackLoader:240 - Cannot read IP mode file for STMicroelectronics.FP-SNS-MOTENV1.5.0.0
2025-07-29 10:56:05,506 [WARN] PackLoader:240 - Cannot read IP mode file for WES.I-CUBE-Cesium.1.3.0
2025-07-29 10:56:05,512 [WARN] PackLoader:240 - Cannot read IP mode file for STMicroelectronics.X-CUBE-BLE2.3.3.0
2025-07-29 10:56:05,520 [WARN] PackLoader:240 - Cannot read IP mode file for STMicroelectronics.X-CUBE-NFC9.1.0.0
2025-07-29 10:56:05,527 [WARN] PackLoader:240 - Cannot read IP mode file for wolfSSL.I-CUBE-wolfSSL.5.8.0
2025-07-29 10:56:05,533 [WARN] PackLoader:240 - Cannot read IP mode file for STMicroelectronics.X-CUBE-BLE1.7.1.0
2025-07-29 10:56:05,538 [WARN] PackLoader:240 - Cannot read IP mode file for wolfSSL.I-CUBE-wolfMQTT.1.19.2
2025-07-29 10:56:05,546 [WARN] PackLoader:240 - Cannot read IP mode file for STMicroelectronics.X-CUBE-EEPRMA1.5.2.0
2025-07-29 10:56:05,552 [WARN] PackLoader:240 - Cannot read IP mode file for STMicroelectronics.X-CUBE-AI.10.1.0
2025-07-29 10:56:05,568 [WARN] PackLoader:240 - Cannot read IP mode file for STMicroelectronics.X-CUBE-AZRTOS-G0.1.1.0
2025-07-29 10:56:05,577 [WARN] PackLoader:240 - Cannot read IP mode file for STMicroelectronics.X-CUBE-SAFEA1.1.2.2
2025-07-29 10:56:05,586 [WARN] PackLoader:240 - Cannot read IP mode file for STMicroelectronics.X-CUBE-NFC4.3.0.0
2025-07-29 10:56:05,599 [WARN] PackLoader:240 - Cannot read IP mode file for EmbeddedOffice.I-CUBE-FS-RTOS.1.0.1
2025-07-29 10:56:05,606 [WARN] PackLoader:240 - Cannot read IP mode file for STMicroelectronics.X-CUBE-WB05N.2.0.0
2025-07-29 10:56:05,613 [WARN] PackLoader:240 - Cannot read IP mode file for wolfSSL.I-CUBE-wolfTPM.3.8.0
2025-07-29 10:56:05,620 [WARN] PackLoader:240 - Cannot read IP mode file for STMicroelectronics.X-CUBE-TCPP.4.2.0
2025-07-29 10:56:05,628 [WARN] PackLoader:240 - Cannot read IP mode file for RealThread.X-CUBE-RT-Thread_Nano.4.1.1
2025-07-29 10:56:05,635 [WARN] PackLoader:240 - Cannot read IP mode file for STMicroelectronics.FP-ATR-SIGFOX1.3.2.0
2025-07-29 10:56:05,644 [WARN] PackLoader:240 - Cannot read IP mode file for ITTIA_DB.I-CUBE-ITTIADB.8.9.0
2025-07-29 10:56:05,658 [WARN] PackLoader:240 - Cannot read IP mode file for STMicroelectronics.X-CUBE-ST67W61.1.0.0
2025-07-29 10:56:05,704 [WARN] PackLoader:240 - Cannot read IP mode file for SEGGER.I-CUBE-embOS.1.3.1
2025-07-29 10:56:05,831 [WARN] PackLoader:240 - Cannot read IP mode file for STMicroelectronics.X-CUBE-ALGOBUILD.1.4.0
2025-07-29 10:56:05,892 [WARN] PackLoader:240 - Cannot read IP mode file for STMicroelectronics.X-CUBE-MEMS1.11.3.0
2025-07-29 10:56:06,145 [WARN] PackLoader:240 - Cannot read IP mode file for STMicroelectronics.X-CUBE-PM33A1.1.0.0
2025-07-29 10:56:06,162 [WARN] PackLoader:240 - Cannot read IP mode file for STMicroelectronics.X-CUBE-AZRTOS-F4.1.1.0
2025-07-29 10:56:06,169 [WARN] PackLoader:240 - Cannot read IP mode file for Avnet-IotConnect.X-CUBE-IoTC-DA16k-PMOD.1.0.0
2025-07-29 10:56:06,175 [WARN] PackLoader:240 - Cannot read IP mode file for STMicroelectronics.X-CUBE-ISPU.2.1.0
2025-07-29 10:56:06,182 [WARN] PackLoader:240 - Cannot read IP mode file for STMicroelectronics.X-CUBE-NFC12.1.0.0
2025-07-29 10:56:06,202 [WARN] PackLoader:240 - Cannot read IP mode file for STMicroelectronics.X-CUBE-AZRTOS-L5.2.0.0
2025-07-29 10:56:06,213 [WARN] PackLoader:240 - Cannot read IP mode file for STMicroelectronics.X-CUBE-NFC6.3.1.0
2025-07-29 10:56:06,225 [WARN] PackLoader:240 - Cannot read IP mode file for STMicroelectronics.X-CUBE-FREERTOS.1.3.1
2025-07-29 10:56:06,233 [WARN] PackLoader:240 - Cannot read IP mode file for STMicroelectronics.FP-SNS-STAIOTCFT.1.0.0
2025-07-29 10:56:06,240 [WARN] PackLoader:240 - Cannot read IP mode file for STMicroelectronics.X-CUBE-DPower.1.3.0
2025-07-29 10:56:06,258 [WARN] ConditionMgr:438 - getConditionDescription Invalid condition id : LAN8742 Phy interface Condition cause : null
2025-07-29 10:56:06,259 [WARN] PackLoader:240 - Cannot read IP mode file for STMicroelectronics.X-CUBE-AZRTOS-L4.2.0.0
2025-07-29 10:56:06,261 [WARN] ConditionMgr:1044 - genDependencies : Invalid condition id : LAN8742 Phy interface Condition cause : null
2025-07-29 10:56:06,261 [WARN] ConditionMgr:1044 - genDependencies : Invalid condition id : LAN8742 Phy interface Condition cause : null
2025-07-29 10:56:06,262 [WARN] ConditionMgr:1044 - genDependencies : Invalid condition id : LAN8742 Phy interface Condition cause : null
2025-07-29 10:56:06,272 [WARN] PackLoader:240 - Cannot read IP mode file for STMicroelectronics.X-CUBE-SFXS2LP1.4.0.0
2025-07-29 10:56:06,286 [WARN] PackLoader:240 - Cannot read IP mode file for STMicroelectronics.X-CUBE-BLEMGR.4.1.0
2025-07-29 10:56:06,302 [WARN] ConditionMgr:438 - getConditionDescription Invalid condition id : UX DEVICE CLASS RTOS Condition cause : null
2025-07-29 10:56:06,302 [WARN] ConditionMgr:438 - getConditionDescription Invalid condition id : UX DEVICE CLASS RTOS Condition cause : null
2025-07-29 10:56:06,305 [WARN] PackLoader:240 - Cannot read IP mode file for STMicroelectronics.X-CUBE-AZRTOS-WB.2.0.0
2025-07-29 10:56:06,306 [WARN] ConditionMgr:1044 - genDependencies : Invalid condition id : UX DEVICE CLASS RTOS Condition cause : null
2025-07-29 10:56:06,307 [WARN] ConditionMgr:1044 - genDependencies : Invalid condition id : UX DEVICE CLASS RTOS Condition cause : null
2025-07-29 10:56:06,307 [WARN] ConditionMgr:1044 - genDependencies : Invalid condition id : UX DEVICE CLASS RTOS Condition cause : null
2025-07-29 10:56:06,308 [WARN] ConditionMgr:1044 - genDependencies : Invalid condition id : UX DEVICE CLASS RTOS Condition cause : null
2025-07-29 10:56:06,308 [WARN] ConditionMgr:1044 - genDependencies : Invalid condition id : UX DEVICE CLASS RTOS Condition cause : null
2025-07-29 10:56:06,316 [WARN] PackLoader:240 - Cannot read IP mode file for STMicroelectronics.X-CUBE-GNSS1.7.0.1
2025-07-29 10:56:06,326 [WARN] PackLoader:240 - Cannot read IP mode file for STMicroelectronics.X-CUBE-TOUCHGFX.4.25.0
2025-07-29 10:56:06,335 [WARN] PackLoader:240 - Cannot read IP mode file for STMicroelectronics.FP-SNS-STBOX1.2.0.0
2025-07-29 10:56:06,344 [WARN] ConditionMgr:438 - getConditionDescription Invalid condition id : Cortex-A Device cause : null
2025-07-29 10:56:06,365 [WARN] ConditionMgr:1044 - genDependencies : Invalid condition id : Cortex-A Device cause : null
2025-07-29 10:56:06,365 [WARN] ConditionMgr:1044 - genDependencies : Invalid condition id : Cortex-A Device cause : null
2025-07-29 10:56:06,365 [WARN] ConditionMgr:1044 - genDependencies : Invalid condition id : Cortex-A Device cause : null
2025-07-29 10:56:06,378 [WARN] PackLoader:240 - Cannot read IP mode file for STMicroelectronics.X-CUBE-SUBG2.5.0.0
2025-07-29 10:56:06,409 [WARN] PackLoader:240 - Cannot read IP mode file for STMicroelectronics.X-CUBE-AZRTOS-H7RS.1.1.0
2025-07-29 10:56:06,417 [WARN] PackLoader:240 - Cannot read IP mode file for Cesanta.I-CUBE-Mongoose.7.13.0
2025-07-29 10:56:06,439 [WARN] PackLoader:240 - Cannot read IP mode file for STMicroelectronics.X-CUBE-AZRTOS-G4.2.0.0
2025-07-29 10:56:06,446 [WARN] PackLoader:240 - Cannot read IP mode file for wolfSSL.I-CUBE-wolfSSH.1.4.20
2025-07-29 10:56:06,451 [WARN] PackLoader:240 - Cannot read IP mode file for STMicroelectronics.X-CUBE-NFC7.2.0.0
2025-07-29 10:56:06,466 [WARN] PackLoader:240 - Cannot read IP mode file for STMicroelectronics.X-CUBE-IPS.3.1.0
2025-07-29 10:56:06,477 [WARN] PackLoader:240 - Cannot read IP mode file for STMicroelectronics.X-CUBE-ALS.1.0.2
2025-07-29 10:56:06,491 [WARN] PackLoader:240 - Cannot read IP mode file for portGmbH.I-Cube-SoM-uGOAL.1.1.0
2025-07-29 10:56:06,508 [WARN] PackLoader:240 - Cannot read IP mode file for STMicroelectronics.X-CUBE-TOF1.3.4.3
2025-07-29 10:56:06,519 [INFO] ThirdParty:978 - Integrity check success = true
2025-07-29 10:56:06,519 [INFO] IntegrityCheckThread:100 - exiting critical section [integrity check]
2025-07-29 10:56:06,519 [INFO] IntegrityCheckThread:103 - End integrity checks thread
2025-07-29 10:56:07,625 [INFO] WebApp:463 - Apply proxy settings
2025-07-29 10:56:07,626 [INFO] WebApp:548 - Chromium requires no authentication
2025-07-29 10:56:07,638 [INFO] WebApp:491 - Direct internet connection detected
2025-07-29 10:56:07,666 [INFO] WebApp:900 - Register for checkConnection events
2025-07-29 10:56:07,666 [INFO] WebApp:463 - Apply proxy settings
2025-07-29 10:56:07,666 [INFO] WebApp:548 - Chromium requires no authentication
2025-07-29 10:56:07,667 [INFO] WebApp:491 - Direct internet connection detected
2025-07-29 10:56:07,850 [INFO] WebApp:191 - Connection restablished
2025-07-29 10:56:07,937 [INFO] WebApp:225 - Starting web application
2025-07-29 10:56:07,937 [INFO] WebApp:593 - Web application path used C:\ST\STM32CubeIDE_1.19.0\STM32CubeIDE\plugins\com.st.stm32cube.common.mx_6.15.0.202507011659\db\plugins\mcufinder\reactClient1\index.html
2025-07-29 14:54:03,106 [ERROR] LogOutputStream:75 - [STDERR_REDIRECT] 
2025-07-29 14:54:03,106 [ERROR] LogOutputStream:75 - [STDERR_REDIRECT] 
2025-07-29 17:04:06,267 [INFO] Activator:176 - 


2025-07-29 17:04:06,269 [INFO] Activator:177 - !SESSION log4j initialized
2025-07-29 17:04:12,894 [INFO] LogOutputStream:77 - [STDOUT_REDIRECT] 
2025-07-29 17:04:15,386 [INFO] ApplicationProperties:184 - Using Application install path: C:\ST\STM32CubeIDE_1.19.0\STM32CubeIDE\plugins\com.st.stm32cube.common.mx_6.15.0.202507011659
2025-07-29 17:04:15,411 [INFO] DbMcusXml:78 - Set database path to: C:\ST\STM32CubeIDE_1.19.0\STM32CubeIDE\plugins\com.st.stm32cube.common.mx_6.15.0.202507011659\\db\/mcu/
2025-07-29 17:04:15,412 [INFO] ApiDb:274 - Set plugin database path to: C:\ST\STM32CubeIDE_1.19.0\STM32CubeIDE\plugins\com.st.stm32cube.common.mx_6.15.0.202507011659\\db\/plugins/boardmanager/
2025-07-29 17:04:15,412 [WARN] ApiDb:259 - Overriding images path with different value:  => C:\ST\STM32CubeIDE_1.19.0\STM32CubeIDE\plugins\com.st.stm32cube.common.mx_6.15.0.202507011659\\db\/plugins/mcufinder/images/
2025-07-29 17:04:15,419 [INFO] ApiDb:250 - Set database path to: C:\Users\arafa\.stmcufinder\plugins\mcufinder//mcu/
2025-07-29 17:04:15,421 [INFO] DbMcusAds:125 - Set database path to: C:\Users\arafa\.stmcufinder\plugins\mcufinder//mcu/
2025-07-29 17:04:15,425 [INFO] CrossReferenceDbSqlite:203 - Set database path to: C:\Users\arafa\.stmcufinder\plugins\mcufinder//mcu/cs/
2025-07-29 17:04:15,616 [INFO] RulesReader:64 - Compatibility file has been processed (317 Rules)
2025-07-29 17:04:15,739 [INFO] DbMcusXml:78 - Set database path to: C:\ST\STM32CubeIDE_1.19.0\STM32CubeIDE\plugins\com.st.stm32cube.common.mx_6.15.0.202507011659\\db\/mcu/
2025-07-29 17:04:15,740 [INFO] ApiDb:274 - Set plugin database path to: C:\ST\STM32CubeIDE_1.19.0\STM32CubeIDE\plugins\com.st.stm32cube.common.mx_6.15.0.202507011659\\db\/plugins/boardmanager/
2025-07-29 17:04:15,740 [INFO] ApiDb:261 - Set plugin images path to: C:\ST\STM32CubeIDE_1.19.0\STM32CubeIDE\plugins\com.st.stm32cube.common.mx_6.15.0.202507011659\\db\/plugins/mcufinder/images/
2025-07-29 17:04:15,741 [WARN] DbFile:41 - Overriding database path with different value: C:\Users\arafa\.stmcufinder\plugins\mcufinder/ => C:\Users\arafa\.stmcufinder\plugins\mcufinder
2025-07-29 17:04:15,741 [INFO] ApiDb:250 - Set database path to: C:\Users\arafa\.stmcufinder\plugins\mcufinder//mcu/
2025-07-29 17:04:15,741 [WARN] DbFile:41 - Overriding database path with different value: C:\Users\arafa\.stmcufinder\plugins\mcufinder/ => C:\Users\arafa\.stmcufinder\plugins\mcufinder
2025-07-29 17:04:15,741 [INFO] DbMcusAds:125 - Set database path to: C:\Users\arafa\.stmcufinder\plugins\mcufinder//mcu/
2025-07-29 17:04:15,741 [WARN] DbFile:41 - Overriding database path with different value: C:\Users\arafa\.stmcufinder\plugins\mcufinder/ => C:\Users\arafa\.stmcufinder\plugins\mcufinder
2025-07-29 17:04:15,741 [WARN] DbFile:41 - Overriding database path with different value: C:\Users\arafa\.stmcufinder\plugins\mcufinder/ => C:\Users\arafa\.stmcufinder\plugins\mcufinder
2025-07-29 17:04:15,742 [INFO] CrossReferenceDbSqlite:203 - Set database path to: C:\Users\arafa\.stmcufinder\plugins\mcufinder//mcu/cs/
2025-07-29 17:04:15,841 [INFO] MainPanel:274 - HeapMemory: 268435456
2025-07-29 17:04:15,958 [INFO] DbMcusXml:78 - Set database path to: C:\ST\STM32CubeIDE_1.19.0\STM32CubeIDE\plugins\com.st.stm32cube.common.mx_6.15.0.202507011659\\db\/mcu/
2025-07-29 17:04:15,958 [INFO] ApiDb:274 - Set plugin database path to: C:\ST\STM32CubeIDE_1.19.0\STM32CubeIDE\plugins\com.st.stm32cube.common.mx_6.15.0.202507011659\\db\/plugins/boardmanager/
2025-07-29 17:04:15,958 [INFO] ApiDb:261 - Set plugin images path to: C:\ST\STM32CubeIDE_1.19.0\STM32CubeIDE\plugins\com.st.stm32cube.common.mx_6.15.0.202507011659\\db\/plugins/mcufinder/images/
2025-07-29 17:04:15,959 [WARN] DbFile:41 - Overriding database path with different value: C:\Users\arafa\.stmcufinder\plugins\mcufinder/ => C:\Users\arafa\.stmcufinder\plugins\mcufinder
2025-07-29 17:04:15,959 [INFO] ApiDb:250 - Set database path to: C:\Users\arafa\.stmcufinder\plugins\mcufinder//mcu/
2025-07-29 17:04:15,959 [WARN] DbFile:41 - Overriding database path with different value: C:\Users\arafa\.stmcufinder\plugins\mcufinder/ => C:\Users\arafa\.stmcufinder\plugins\mcufinder
2025-07-29 17:04:15,959 [INFO] DbMcusAds:125 - Set database path to: C:\Users\arafa\.stmcufinder\plugins\mcufinder//mcu/
2025-07-29 17:04:15,959 [WARN] DbFile:41 - Overriding database path with different value: C:\Users\arafa\.stmcufinder\plugins\mcufinder/ => C:\Users\arafa\.stmcufinder\plugins\mcufinder
2025-07-29 17:04:15,959 [WARN] DbFile:41 - Overriding database path with different value: C:\Users\arafa\.stmcufinder\plugins\mcufinder/ => C:\Users\arafa\.stmcufinder\plugins\mcufinder
2025-07-29 17:04:15,959 [INFO] CrossReferenceDbSqlite:203 - Set database path to: C:\Users\arafa\.stmcufinder\plugins\mcufinder//mcu/cs/
2025-07-29 17:04:15,989 [INFO] ApplicationProperties:184 - Using Application install path: C:\ST\STM32CubeIDE_1.19.0\STM32CubeIDE\plugins\com.st.stm32cube.common.mx_6.15.0.202507011659
2025-07-29 17:04:15,991 [INFO] PluginManage:196 - Search for loadable plugins [exclusion list=, ]
2025-07-29 17:04:15,992 [INFO] PluginManage:310 - Check plugin analytics
2025-07-29 17:04:16,232 [INFO] AnalyticsPlugin:253 - Accepted Software Licenses: 
2025-07-29 17:04:16,233 [INFO] AnalyticsPlugin:255 - Accepted CMSIS Pack Licenses: 
2025-07-29 17:04:16,233 [INFO] AnalyticsPlugin:257 - Accepted Firmware Licenses: 
2025-07-29 17:04:16,238 [INFO] PluginManage:359 - Loaded plugin analytics (category:tool,tabindex:-1)
2025-07-29 17:04:16,238 [INFO] PluginManage:310 - Check plugin cadmodel
2025-07-29 17:04:16,243 [INFO] CADModel:105 - Init CAD model plugin
2025-07-29 17:04:16,243 [INFO] PluginManage:359 - Loaded plugin cadmodel (category:power,tabindex:5)
2025-07-29 17:04:16,244 [INFO] PluginManage:310 - Check plugin clock
2025-07-29 17:04:16,255 [INFO] PluginManage:359 - Loaded plugin clock (category:base,tabindex:2)
2025-07-29 17:04:16,255 [INFO] PluginManage:310 - Check plugin ddr
2025-07-29 17:04:16,257 [INFO] PluginManage:359 - Loaded plugin ddr (category:tool,tabindex:6)
2025-07-29 17:04:16,257 [INFO] PluginManage:310 - Check plugin filemanager
2025-07-29 17:04:16,473 [INFO] PluginManage:359 - Loaded plugin filemanager (category:base,tabindex:10)
2025-07-29 17:04:16,473 [INFO] PluginManage:310 - Check plugin ipmanager
2025-07-29 17:04:16,483 [INFO] PluginManage:359 - Loaded plugin ipmanager (category:base,tabindex:5)
2025-07-29 17:04:16,483 [INFO] PluginManage:310 - Check plugin lpbam
2025-07-29 17:04:16,499 [INFO] PluginManage:359 - Loaded plugin lpbam (category:base,tabindex:0)
2025-07-29 17:04:16,499 [INFO] PluginManage:310 - Check plugin memorymap
2025-07-29 17:04:16,515 [INFO] PluginManage:359 - Loaded plugin memorymap (category:base,tabindex:4)
2025-07-29 17:04:16,516 [INFO] PluginManage:310 - Check plugin pinoutandconfiguration
2025-07-29 17:04:16,525 [INFO] PluginManage:359 - Loaded plugin pinoutandconfiguration (category:base,tabindex:1)
2025-07-29 17:04:16,525 [INFO] PluginManage:310 - Check plugin pinoutconfig
2025-07-29 17:04:16,674 [WARN] SupportedApi:132 - Cannot load RTOS API schema: s4s-elt-must-match.1: The content of 'definitions' must match (annotation?, (simpleType | complexType)?, (unique | key | keyref)*)). A problem was found starting at: attribute.
2025-07-29 17:04:16,894 [INFO] PluginManage:359 - Loaded plugin pinoutconfig (category:base,tabindex:0)
2025-07-29 17:04:16,894 [INFO] PluginManage:310 - Check plugin power
2025-07-29 17:04:16,909 [INFO] PluginManage:359 - Loaded plugin power (category:power,tabindex:4)
2025-07-29 17:04:16,909 [INFO] PluginManage:310 - Check plugin projectmanager
2025-07-29 17:04:16,944 [INFO] PluginManage:359 - Loaded plugin projectmanager (category:projectmanager,tabindex:4)
2025-07-29 17:04:16,944 [INFO] PluginManage:310 - Check plugin rif
2025-07-29 17:04:16,955 [INFO] PluginManage:359 - Loaded plugin rif (category:base,tabindex:3)
2025-07-29 17:04:16,956 [INFO] PluginManage:310 - Check plugin thirdparty
2025-07-29 17:04:17,135 [INFO] PluginManage:359 - Loaded plugin thirdparty (category:base,tabindex:-1)
2025-07-29 17:04:17,135 [WARN] IntegrityCheckThread:84 - waiting for thirdparty lock release [integrity check]
2025-07-29 17:04:17,136 [INFO] PluginManage:310 - Check plugin tools
2025-07-29 17:04:17,136 [INFO] IntegrityCheckThread:86 - entering critical section [integrity check]
2025-07-29 17:04:17,136 [INFO] ThirdPartyUpdaterWithRetryManager:70 - Updater plugin not ready yet. [1/15]
2025-07-29 17:04:17,138 [INFO] PluginManage:359 - Loaded plugin tools (category:base,tabindex:7)
2025-07-29 17:04:17,138 [INFO] PluginManage:310 - Check plugin tutovideos
2025-07-29 17:04:17,404 [INFO] PluginManage:359 - Loaded plugin tutovideos (category:base,tabindex:-1)
2025-07-29 17:04:17,404 [INFO] PluginManage:310 - Check plugin updater
2025-07-29 17:04:17,452 [INFO] PluginManage:359 - Loaded plugin updater (category:base,tabindex:12)
2025-07-29 17:04:17,452 [INFO] PluginManage:310 - Check plugin userauth
2025-07-29 17:04:17,457 [INFO] UserAuth:118 - Init User Auth plugin
2025-07-29 17:04:17,458 [INFO] PluginManage:359 - Loaded plugin userauth (category:base,tabindex:14)
2025-07-29 17:04:17,459 [INFO] PluginManage:283 - PluginManage : Loaded plugins [18]
2025-07-29 17:04:17,806 [INFO] PinOutPanel:1589 - setPackage(No Configuration,No Configuration)
2025-07-29 17:04:17,916 [INFO] CADModel:165 - CPN selected for project level
2025-07-29 17:04:17,916 [INFO] CADModel:114 - Register for checkConnection events
2025-07-29 17:04:17,943 [INFO] IPUIPlugin:80 - create IPUIPlugin
2025-07-29 17:04:17,943 [INFO] PluginManager:220 - loadIPPluginJar : add adc
2025-07-29 17:04:17,949 [INFO] IPUIPlugin:80 - create IPUIPlugin
2025-07-29 17:04:17,949 [INFO] PluginManager:220 - loadIPPluginJar : add aes
2025-07-29 17:04:17,953 [INFO] IPUIPlugin:80 - create IPUIPlugin
2025-07-29 17:04:17,953 [INFO] PluginManager:220 - loadIPPluginJar : add can
2025-07-29 17:04:17,956 [INFO] IPUIPlugin:80 - create IPUIPlugin
2025-07-29 17:04:17,957 [INFO] PluginManager:220 - loadIPPluginJar : add comp
2025-07-29 17:04:17,960 [INFO] IPUIPlugin:80 - create IPUIPlugin
2025-07-29 17:04:17,960 [INFO] PluginManager:220 - loadIPPluginJar : add cryp
2025-07-29 17:04:17,964 [INFO] IPUIPlugin:80 - create IPUIPlugin
2025-07-29 17:04:17,964 [INFO] PluginManager:220 - loadIPPluginJar : add ddr_ctrl_phy
2025-07-29 17:04:17,968 [INFO] IPUIPlugin:80 - create IPUIPlugin
2025-07-29 17:04:17,968 [INFO] PluginManager:220 - loadIPPluginJar : add dfsdm
2025-07-29 17:04:17,976 [INFO] IPUIPlugin:80 - create IPUIPlugin
2025-07-29 17:04:17,977 [INFO] PluginManager:220 - loadIPPluginJar : add dma
2025-07-29 17:04:17,981 [INFO] IPUIPlugin:80 - create IPUIPlugin
2025-07-29 17:04:17,981 [INFO] PluginManager:220 - loadIPPluginJar : add dma3
2025-07-29 17:04:17,987 [INFO] IPUIPlugin:80 - create IPUIPlugin
2025-07-29 17:04:17,987 [INFO] PluginManager:220 - loadIPPluginJar : add extmemmanager
2025-07-29 17:04:17,990 [INFO] IPUIPlugin:80 - create IPUIPlugin
2025-07-29 17:04:17,990 [INFO] PluginManager:220 - loadIPPluginJar : add fatfs
2025-07-29 17:04:17,997 [INFO] IPUIPlugin:80 - create IPUIPlugin
2025-07-29 17:04:17,997 [INFO] PluginManager:220 - loadIPPluginJar : add fmc
2025-07-29 17:04:18,012 [INFO] IPUIPlugin:80 - create IPUIPlugin
2025-07-29 17:04:18,013 [INFO] PluginManager:220 - loadIPPluginJar : add freertos
2025-07-29 17:04:18,014 [INFO] IPUIPlugin:80 - create IPUIPlugin
2025-07-29 17:04:18,014 [INFO] PluginManager:220 - loadIPPluginJar : add genericplugin
2025-07-29 17:04:18,017 [INFO] IPUIPlugin:80 - create IPUIPlugin
2025-07-29 17:04:18,017 [INFO] PluginManager:220 - loadIPPluginJar : add gfxmmu
2025-07-29 17:04:18,023 [INFO] IPUIPlugin:80 - create IPUIPlugin
2025-07-29 17:04:18,024 [INFO] PluginManager:220 - loadIPPluginJar : add gic
2025-07-29 17:04:18,031 [INFO] IPUIPlugin:80 - create IPUIPlugin
2025-07-29 17:04:18,032 [INFO] PluginManager:220 - loadIPPluginJar : add gpio
2025-07-29 17:04:18,037 [INFO] IPUIPlugin:80 - create IPUIPlugin
2025-07-29 17:04:18,038 [INFO] PluginManager:220 - loadIPPluginJar : add gtzc
2025-07-29 17:04:18,040 [INFO] IPUIPlugin:80 - create IPUIPlugin
2025-07-29 17:04:18,040 [INFO] PluginManager:220 - loadIPPluginJar : add hash
2025-07-29 17:04:18,043 [INFO] IPUIPlugin:80 - create IPUIPlugin
2025-07-29 17:04:18,044 [INFO] PluginManager:220 - loadIPPluginJar : add i2c
2025-07-29 17:04:18,046 [INFO] IPUIPlugin:80 - create IPUIPlugin
2025-07-29 17:04:18,047 [INFO] PluginManager:220 - loadIPPluginJar : add i2s
2025-07-29 17:04:18,050 [INFO] IPUIPlugin:80 - create IPUIPlugin
2025-07-29 17:04:18,051 [INFO] PluginManager:220 - loadIPPluginJar : add i3c
2025-07-29 17:04:18,056 [INFO] IPUIPlugin:80 - create IPUIPlugin
2025-07-29 17:04:18,057 [INFO] PluginManager:220 - loadIPPluginJar : add ipddr
2025-07-29 17:04:18,066 [INFO] IPUIPlugin:80 - create IPUIPlugin
2025-07-29 17:04:18,066 [INFO] PluginManager:220 - loadIPPluginJar : add linkedlist
2025-07-29 17:04:18,070 [INFO] IPUIPlugin:80 - create IPUIPlugin
2025-07-29 17:04:18,071 [INFO] PluginManager:220 - loadIPPluginJar : add lorawan
2025-07-29 17:04:18,072 [INFO] IPUIPlugin:80 - create IPUIPlugin
2025-07-29 17:04:18,073 [INFO] PluginManager:220 - loadIPPluginJar : add ltdc
2025-07-29 17:04:18,080 [INFO] IPUIPlugin:80 - create IPUIPlugin
2025-07-29 17:04:18,080 [INFO] PluginManager:220 - loadIPPluginJar : add mdma
2025-07-29 17:04:18,085 [INFO] IPUIPlugin:80 - create IPUIPlugin
2025-07-29 17:04:18,085 [INFO] PluginManager:220 - loadIPPluginJar : add nvic
2025-07-29 17:04:18,090 [INFO] IPUIPlugin:80 - create IPUIPlugin
2025-07-29 17:04:18,091 [INFO] PluginManager:220 - loadIPPluginJar : add opamp
2025-07-29 17:04:18,096 [INFO] IPUIPlugin:80 - create IPUIPlugin
2025-07-29 17:04:18,096 [INFO] PluginManager:220 - loadIPPluginJar : add openamp
2025-07-29 17:04:18,100 [INFO] IPUIPlugin:80 - create IPUIPlugin
2025-07-29 17:04:18,100 [INFO] PluginManager:220 - loadIPPluginJar : add pdm2pcm
2025-07-29 17:04:18,107 [INFO] IPUIPlugin:80 - create IPUIPlugin
2025-07-29 17:04:18,111 [INFO] PluginManager:220 - loadIPPluginJar : add plateformsettings
2025-07-29 17:04:18,114 [INFO] IPUIPlugin:80 - create IPUIPlugin
2025-07-29 17:04:18,114 [INFO] PluginManager:220 - loadIPPluginJar : add quadspi
2025-07-29 17:04:18,117 [INFO] IPUIPlugin:80 - create IPUIPlugin
2025-07-29 17:04:18,118 [INFO] PluginManager:220 - loadIPPluginJar : add radio
2025-07-29 17:04:18,122 [INFO] IPUIPlugin:80 - create IPUIPlugin
2025-07-29 17:04:18,122 [INFO] PluginManager:220 - loadIPPluginJar : add resmgrutility
2025-07-29 17:04:18,125 [INFO] IPUIPlugin:80 - create IPUIPlugin
2025-07-29 17:04:18,126 [INFO] PluginManager:220 - loadIPPluginJar : add sai
2025-07-29 17:04:18,128 [INFO] IPUIPlugin:80 - create IPUIPlugin
2025-07-29 17:04:18,128 [INFO] PluginManager:220 - loadIPPluginJar : add spi
2025-07-29 17:04:18,135 [INFO] IPUIPlugin:80 - create IPUIPlugin
2025-07-29 17:04:18,135 [INFO] PluginManager:220 - loadIPPluginJar : add stm32_wpan
2025-07-29 17:04:18,137 [INFO] IPUIPlugin:80 - create IPUIPlugin
2025-07-29 17:04:18,138 [INFO] PluginManager:220 - loadIPPluginJar : add tim
2025-07-29 17:04:18,141 [INFO] IPUIPlugin:80 - create IPUIPlugin
2025-07-29 17:04:18,142 [INFO] PluginManager:220 - loadIPPluginJar : add touchsensing
2025-07-29 17:04:18,146 [INFO] IPUIPlugin:80 - create IPUIPlugin
2025-07-29 17:04:18,146 [INFO] PluginManager:220 - loadIPPluginJar : add tracer_emb
2025-07-29 17:04:18,151 [INFO] IPUIPlugin:80 - create IPUIPlugin
2025-07-29 17:04:18,151 [INFO] PluginManager:220 - loadIPPluginJar : add ts
2025-07-29 17:04:18,153 [INFO] IPUIPlugin:80 - create IPUIPlugin
2025-07-29 17:04:18,154 [INFO] PluginManager:220 - loadIPPluginJar : add tsc
2025-07-29 17:04:18,158 [INFO] IPUIPlugin:80 - create IPUIPlugin
2025-07-29 17:04:18,159 [INFO] PluginManager:220 - loadIPPluginJar : add ucpd
2025-07-29 17:04:18,163 [INFO] IPUIPlugin:80 - create IPUIPlugin
2025-07-29 17:04:18,163 [INFO] PluginManager:220 - loadIPPluginJar : add usart
2025-07-29 17:04:18,167 [INFO] IPUIPlugin:80 - create IPUIPlugin
2025-07-29 17:04:18,167 [INFO] PluginManager:220 - loadIPPluginJar : add usbx
2025-07-29 17:04:18,302 [FATAL] Updater:351 - Updater called before beeing initialized
2025-07-29 17:04:18,366 [INFO] RulesReader:64 - Compatibility file has been processed (317 Rules)
2025-07-29 17:04:18,396 [INFO] RulesReader:64 - Compatibility file has been processed (317 Rules)
2025-07-29 17:04:18,428 [INFO] CADModel:165 - CPN selected for project level
2025-07-29 17:04:18,431 [INFO] CADModel:114 - Register for checkConnection events
2025-07-29 17:04:18,431 [FATAL] Updater:351 - Updater called before beeing initialized
2025-07-29 17:04:18,431 [ERROR] CADModel:125 - Updater not yet initialized, retry later 
2025-07-29 17:04:18,671 [FATAL] Updater:351 - Updater called before beeing initialized
2025-07-29 17:04:18,674 [INFO] CADModel:165 - CPN selected for project level
2025-07-29 17:04:18,674 [INFO] CADModel:114 - Register for checkConnection events
2025-07-29 17:04:18,674 [FATAL] Updater:351 - Updater called before beeing initialized
2025-07-29 17:04:18,675 [ERROR] CADModel:125 - Updater not yet initialized, retry later 
2025-07-29 17:04:18,684 [FATAL] Updater:351 - Updater called before beeing initialized
2025-07-29 17:04:18,897 [FATAL] Updater:351 - Updater called before beeing initialized
2025-07-29 17:04:18,906 [INFO] DbMcusAds:53 - JSON generation date=Tue Jul 08 04:14:23 EDT 2025 (1751962463524)
2025-07-29 17:04:18,906 [FATAL] Updater:351 - Updater called before beeing initialized
2025-07-29 17:04:18,961 [WARN] DetailPanel:346 - Failed to get advertising image, set to default
2025-07-29 17:04:19,094 [FATAL] Updater:351 - Updater called before beeing initialized
2025-07-29 17:04:19,097 [FATAL] Updater:351 - Updater called before beeing initialized
2025-07-29 17:04:19,097 [FATAL] Updater:351 - Updater called before beeing initialized
2025-07-29 17:04:19,098 [WARN] DetailPanel:346 - Failed to get advertising image, set to default
2025-07-29 17:04:19,100 [FATAL] Updater:351 - Updater called before beeing initialized
2025-07-29 17:04:19,181 [ERROR] Updater:1198 - MainUpdater not yet initialized. External WinMGr cannot be set.
2025-07-29 17:04:19,183 [INFO] Updater:1134 - Updater Version found : 6.15.0
2025-07-29 17:04:19,206 [INFO] ApplicationProperties:184 - Using Application install path: C:\ST\STM32CubeIDE_1.19.0\STM32CubeIDE\plugins\com.st.stm32cube.common.mx_6.15.0.202507011659
2025-07-29 17:04:20,140 [INFO] ThirdPartyUpdaterWithRetryManager:70 - Updater plugin not ready yet. [2/15]
2025-07-29 17:04:20,783 [ERROR] LogOutputStream:75 - [STDERR_REDIRECT] Jul 29, 2025 5:04:20 PM java.util.prefs.WindowsPreferences <init>
2025-07-29 17:04:20,787 [ERROR] LogOutputStream:75 - [STDERR_REDIRECT] WARNING: Could not open/create prefs root node Software\JavaSoft\Prefs at root 0xffffffff80000002. Windows RegCreateKeyEx(...) returned error code 5.
2025-07-29 17:04:20,787 [ERROR] LogOutputStream:75 - [STDERR_REDIRECT] 
2025-07-29 17:04:21,326 [INFO] MainUpdater:2872 - connection check result : 10
2025-07-29 17:04:21,327 [INFO] MainUpdater:289 - Updater Check For Update Now.
2025-07-29 17:04:21,327 [INFO] MicroXplorer:498 - Change Database Version : DB.6.0.150
2025-07-29 17:04:21,342 [INFO] McuFinderGlobals:63 - Set McuFinder mode to 2 (CubeIDE integrated)
2025-07-29 17:04:21,343 [INFO] UserAuth:171 - activating auth plugin
2025-07-29 17:04:21,381 [INFO] UserAuth:487 - Internet connection configuration mode: 1
2025-07-29 17:04:21,476 [INFO] JxBrowserEngine:152 - Initiate JxBrowser Engine with user profile folder
2025-07-29 17:04:21,638 [INFO] CheckServerUpdateThread:120 - End of CheckServer Thread
2025-07-29 17:04:22,401 [INFO] WebApp:169 - Instantiating new browser for Auth
2025-07-29 17:04:23,315 [INFO] WebApp:463 - Apply proxy settings
2025-07-29 17:04:23,316 [INFO] WebApp:548 - Chromium requires no authentication
2025-07-29 17:04:23,329 [INFO] WebApp:491 - Direct internet connection detected
2025-07-29 17:04:23,359 [INFO] WebApp:900 - Register for checkConnection events
2025-07-29 17:04:23,359 [INFO] WebApp:463 - Apply proxy settings
2025-07-29 17:04:23,360 [INFO] WebApp:548 - Chromium requires no authentication
2025-07-29 17:04:23,360 [INFO] WebApp:491 - Direct internet connection detected
2025-07-29 17:04:23,509 [WARN] PackLoader:240 - Cannot read IP mode file for STMicroelectronics.FP-SNS-MOTENVWB1.1.4.0
2025-07-29 17:04:23,520 [WARN] PackLoader:240 - Cannot read IP mode file for STMicroelectronics.FP-ATR-ASTRA1.2.0.2
2025-07-29 17:04:23,539 [WARN] PackLoader:240 - Cannot read IP mode file for STMicroelectronics.X-CUBE-SMBUS.2.1.0
2025-07-29 17:04:23,547 [WARN] PackLoader:240 - Cannot read IP mode file for STMicroelectronics.X-CUBE-ST60.1.0.0
2025-07-29 17:04:23,591 [WARN] PackLoader:240 - Cannot read IP mode file for STMicroelectronics.X-CUBE-AZRTOS-F7.1.1.0
2025-07-29 17:04:23,618 [INFO] WebApp:191 - Connection restablished
2025-07-29 17:04:23,639 [WARN] PackLoader:240 - Cannot read IP mode file for Infineon.AIROC-Wi-Fi-Bluetooth-STM32.1.7.1
2025-07-29 17:04:23,681 [WARN] PackLoader:240 - Cannot read IP mode file for STMicroelectronics.X-CUBE-AZRTOS-H7.3.4.0
2025-07-29 17:04:23,699 [WARN] PackLoader:240 - Cannot read IP mode file for STMicroelectronics.X-CUBE-DISPLAY.3.0.0
2025-07-29 17:04:23,724 [WARN] PackLoader:240 - Cannot read IP mode file for STMicroelectronics.X-CUBE-NFC10.1.0.0
2025-07-29 17:04:23,734 [WARN] PackLoader:240 - Cannot read IP mode file for emotas.I-CUBE-CANOPEN.1.3.0
2025-07-29 17:04:23,742 [WARN] PackLoader:240 - Cannot read IP mode file for STMicroelectronics.FP-SNS-SMARTAG2.1.2.0
2025-07-29 17:04:23,748 [WARN] PackLoader:240 - Cannot read IP mode file for STMicroelectronics.FP-SNS-FLIGHT1.5.1.0
2025-07-29 17:04:23,762 [INFO] LogOutputStream:77 - [STDOUT_REDIRECT] 1 : Invalid condition id : UX_CORESTACK_Condition cause : null
2025-07-29 17:04:23,763 [INFO] LogOutputStream:77 - [STDOUT_REDIRECT] 1 : Invalid condition id : UX_CORESTACK_Condition cause : null
2025-07-29 17:04:23,766 [INFO] LogOutputStream:77 - [STDOUT_REDIRECT] 1 : Invalid condition id : UX_CORESTACK_Condition cause : null
2025-07-29 17:04:23,767 [INFO] LogOutputStream:77 - [STDOUT_REDIRECT] 1 : Invalid condition id : UX_CORESTACK_Condition cause : null
2025-07-29 17:04:23,769 [INFO] LogOutputStream:77 - [STDOUT_REDIRECT] 1 : Invalid condition id : UX_CORESTACK_Condition cause : null
2025-07-29 17:04:23,777 [WARN] PackLoader:240 - Cannot read IP mode file for STMicroelectronics.X-CUBE-AZRTOS-WL.2.0.0
2025-07-29 17:04:23,785 [WARN] PackLoader:240 - Cannot read IP mode file for STMicroelectronics.FP-SNS-MOTENV1.5.0.0
2025-07-29 17:04:23,801 [WARN] PackLoader:240 - Cannot read IP mode file for WES.I-CUBE-Cesium.1.3.0
2025-07-29 17:04:23,810 [WARN] PackLoader:240 - Cannot read IP mode file for STMicroelectronics.X-CUBE-BLE2.3.3.0
2025-07-29 17:04:23,818 [WARN] PackLoader:240 - Cannot read IP mode file for STMicroelectronics.X-CUBE-NFC9.1.0.0
2025-07-29 17:04:23,829 [WARN] PackLoader:240 - Cannot read IP mode file for wolfSSL.I-CUBE-wolfSSL.5.8.0
2025-07-29 17:04:23,837 [WARN] PackLoader:240 - Cannot read IP mode file for STMicroelectronics.X-CUBE-BLE1.7.1.0
2025-07-29 17:04:23,841 [WARN] PackLoader:240 - Cannot read IP mode file for wolfSSL.I-CUBE-wolfMQTT.1.19.2
2025-07-29 17:04:23,849 [WARN] PackLoader:240 - Cannot read IP mode file for STMicroelectronics.X-CUBE-EEPRMA1.5.2.0
2025-07-29 17:04:23,858 [WARN] PackLoader:240 - Cannot read IP mode file for STMicroelectronics.X-CUBE-AI.10.1.0
2025-07-29 17:04:23,878 [WARN] PackLoader:240 - Cannot read IP mode file for STMicroelectronics.X-CUBE-AZRTOS-G0.1.1.0
2025-07-29 17:04:23,890 [WARN] PackLoader:240 - Cannot read IP mode file for STMicroelectronics.X-CUBE-SAFEA1.1.2.2
2025-07-29 17:04:23,915 [WARN] PackLoader:240 - Cannot read IP mode file for STMicroelectronics.X-CUBE-NFC4.3.0.0
2025-07-29 17:04:23,932 [WARN] PackLoader:240 - Cannot read IP mode file for EmbeddedOffice.I-CUBE-FS-RTOS.1.0.1
2025-07-29 17:04:23,942 [WARN] PackLoader:240 - Cannot read IP mode file for STMicroelectronics.X-CUBE-WB05N.2.0.0
2025-07-29 17:04:23,950 [WARN] PackLoader:240 - Cannot read IP mode file for wolfSSL.I-CUBE-wolfTPM.3.8.0
2025-07-29 17:04:23,989 [WARN] PackLoader:240 - Cannot read IP mode file for STMicroelectronics.X-CUBE-TCPP.4.2.0
2025-07-29 17:04:23,999 [WARN] PackLoader:240 - Cannot read IP mode file for RealThread.X-CUBE-RT-Thread_Nano.4.1.1
2025-07-29 17:04:24,007 [WARN] PackLoader:240 - Cannot read IP mode file for STMicroelectronics.FP-ATR-SIGFOX1.3.2.0
2025-07-29 17:04:24,017 [WARN] PackLoader:240 - Cannot read IP mode file for ITTIA_DB.I-CUBE-ITTIADB.8.9.0
2025-07-29 17:04:24,031 [WARN] PackLoader:240 - Cannot read IP mode file for STMicroelectronics.X-CUBE-ST67W61.1.0.0
2025-07-29 17:04:24,065 [WARN] PackLoader:240 - Cannot read IP mode file for SEGGER.I-CUBE-embOS.1.3.1
2025-07-29 17:04:24,111 [WARN] PackLoader:240 - Cannot read IP mode file for STMicroelectronics.X-CUBE-ALGOBUILD.1.4.0
2025-07-29 17:04:24,161 [WARN] PackLoader:240 - Cannot read IP mode file for STMicroelectronics.X-CUBE-MEMS1.11.3.0
2025-07-29 17:04:24,165 [INFO] WebApp:225 - Starting web application
2025-07-29 17:04:24,166 [INFO] WebApp:593 - Web application path used C:\ST\STM32CubeIDE_1.19.0\STM32CubeIDE\plugins\com.st.stm32cube.common.mx_6.15.0.202507011659\db\plugins\mcufinder\reactClient1\index.html
2025-07-29 17:04:24,301 [WARN] PackLoader:240 - Cannot read IP mode file for STMicroelectronics.X-CUBE-PM33A1.1.0.0
2025-07-29 17:04:24,315 [WARN] PackLoader:240 - Cannot read IP mode file for STMicroelectronics.X-CUBE-AZRTOS-F4.1.1.0
2025-07-29 17:04:24,322 [WARN] PackLoader:240 - Cannot read IP mode file for Avnet-IotConnect.X-CUBE-IoTC-DA16k-PMOD.1.0.0
2025-07-29 17:04:24,327 [WARN] PackLoader:240 - Cannot read IP mode file for STMicroelectronics.X-CUBE-ISPU.2.1.0
2025-07-29 17:04:24,333 [WARN] PackLoader:240 - Cannot read IP mode file for STMicroelectronics.X-CUBE-NFC12.1.0.0
2025-07-29 17:04:24,347 [WARN] PackLoader:240 - Cannot read IP mode file for STMicroelectronics.X-CUBE-AZRTOS-L5.2.0.0
2025-07-29 17:04:24,358 [WARN] PackLoader:240 - Cannot read IP mode file for STMicroelectronics.X-CUBE-NFC6.3.1.0
2025-07-29 17:04:24,369 [WARN] PackLoader:240 - Cannot read IP mode file for STMicroelectronics.X-CUBE-FREERTOS.1.3.1
2025-07-29 17:04:24,376 [WARN] PackLoader:240 - Cannot read IP mode file for STMicroelectronics.FP-SNS-STAIOTCFT.1.0.0
2025-07-29 17:04:24,385 [WARN] PackLoader:240 - Cannot read IP mode file for STMicroelectronics.X-CUBE-DPower.1.3.0
2025-07-29 17:04:24,402 [WARN] ConditionMgr:438 - getConditionDescription Invalid condition id : LAN8742 Phy interface Condition cause : null
2025-07-29 17:04:24,403 [WARN] PackLoader:240 - Cannot read IP mode file for STMicroelectronics.X-CUBE-AZRTOS-L4.2.0.0
2025-07-29 17:04:24,404 [WARN] ConditionMgr:1044 - genDependencies : Invalid condition id : LAN8742 Phy interface Condition cause : null
2025-07-29 17:04:24,405 [WARN] ConditionMgr:1044 - genDependencies : Invalid condition id : LAN8742 Phy interface Condition cause : null
2025-07-29 17:04:24,405 [WARN] ConditionMgr:1044 - genDependencies : Invalid condition id : LAN8742 Phy interface Condition cause : null
2025-07-29 17:04:24,413 [WARN] PackLoader:240 - Cannot read IP mode file for STMicroelectronics.X-CUBE-SFXS2LP1.4.0.0
2025-07-29 17:04:24,427 [WARN] PackLoader:240 - Cannot read IP mode file for STMicroelectronics.X-CUBE-BLEMGR.4.1.0
2025-07-29 17:04:24,443 [WARN] ConditionMgr:438 - getConditionDescription Invalid condition id : UX DEVICE CLASS RTOS Condition cause : null
2025-07-29 17:04:24,444 [WARN] ConditionMgr:438 - getConditionDescription Invalid condition id : UX DEVICE CLASS RTOS Condition cause : null
2025-07-29 17:04:24,447 [WARN] PackLoader:240 - Cannot read IP mode file for STMicroelectronics.X-CUBE-AZRTOS-WB.2.0.0
2025-07-29 17:04:24,448 [WARN] ConditionMgr:1044 - genDependencies : Invalid condition id : UX DEVICE CLASS RTOS Condition cause : null
2025-07-29 17:04:24,448 [WARN] ConditionMgr:1044 - genDependencies : Invalid condition id : UX DEVICE CLASS RTOS Condition cause : null
2025-07-29 17:04:24,449 [WARN] ConditionMgr:1044 - genDependencies : Invalid condition id : UX DEVICE CLASS RTOS Condition cause : null
2025-07-29 17:04:24,449 [WARN] ConditionMgr:1044 - genDependencies : Invalid condition id : UX DEVICE CLASS RTOS Condition cause : null
2025-07-29 17:04:24,449 [WARN] ConditionMgr:1044 - genDependencies : Invalid condition id : UX DEVICE CLASS RTOS Condition cause : null
2025-07-29 17:04:24,457 [WARN] PackLoader:240 - Cannot read IP mode file for STMicroelectronics.X-CUBE-GNSS1.7.0.1
2025-07-29 17:04:24,466 [WARN] PackLoader:240 - Cannot read IP mode file for STMicroelectronics.X-CUBE-TOUCHGFX.4.25.0
2025-07-29 17:04:24,474 [WARN] PackLoader:240 - Cannot read IP mode file for STMicroelectronics.FP-SNS-STBOX1.2.0.0
2025-07-29 17:04:24,481 [WARN] ConditionMgr:438 - getConditionDescription Invalid condition id : Cortex-A Device cause : null
2025-07-29 17:04:24,502 [WARN] ConditionMgr:1044 - genDependencies : Invalid condition id : Cortex-A Device cause : null
2025-07-29 17:04:24,502 [WARN] ConditionMgr:1044 - genDependencies : Invalid condition id : Cortex-A Device cause : null
2025-07-29 17:04:24,502 [WARN] ConditionMgr:1044 - genDependencies : Invalid condition id : Cortex-A Device cause : null
2025-07-29 17:04:24,515 [WARN] PackLoader:240 - Cannot read IP mode file for STMicroelectronics.X-CUBE-SUBG2.5.0.0
2025-07-29 17:04:24,549 [WARN] PackLoader:240 - Cannot read IP mode file for STMicroelectronics.X-CUBE-AZRTOS-H7RS.1.1.0
2025-07-29 17:04:24,558 [WARN] PackLoader:240 - Cannot read IP mode file for Cesanta.I-CUBE-Mongoose.7.13.0
2025-07-29 17:04:24,576 [WARN] PackLoader:240 - Cannot read IP mode file for STMicroelectronics.X-CUBE-AZRTOS-G4.2.0.0
2025-07-29 17:04:24,585 [WARN] PackLoader:240 - Cannot read IP mode file for wolfSSL.I-CUBE-wolfSSH.1.4.20
2025-07-29 17:04:24,591 [WARN] PackLoader:240 - Cannot read IP mode file for STMicroelectronics.X-CUBE-NFC7.2.0.0
2025-07-29 17:04:24,606 [WARN] PackLoader:240 - Cannot read IP mode file for STMicroelectronics.X-CUBE-IPS.3.1.0
2025-07-29 17:04:24,615 [WARN] PackLoader:240 - Cannot read IP mode file for STMicroelectronics.X-CUBE-ALS.1.0.2
2025-07-29 17:04:24,621 [WARN] PackLoader:240 - Cannot read IP mode file for portGmbH.I-Cube-SoM-uGOAL.1.1.0
2025-07-29 17:04:24,629 [WARN] PackLoader:240 - Cannot read IP mode file for STMicroelectronics.X-CUBE-TOF1.3.4.3
2025-07-29 17:04:24,639 [INFO] ThirdParty:978 - Integrity check success = true
2025-07-29 17:04:24,639 [INFO] IntegrityCheckThread:100 - exiting critical section [integrity check]
2025-07-29 17:04:24,639 [INFO] IntegrityCheckThread:103 - End integrity checks thread
2025-07-29 19:23:02,675 [INFO] WebApp:194 - Connection lost
2025-07-29 19:23:02,871 [INFO] WebApp:191 - Connection restablished
2025-07-29 19:37:28,017 [ERROR] LogOutputStream:75 - [STDERR_REDIRECT] 
2025-07-29 19:37:28,021 [ERROR] LogOutputStream:75 - [STDERR_REDIRECT] 
