2025-08-17 12:57:20,357 [ERROR] LogOutputStream:75 - [STDERR_REDIRECT] 
2025-08-17 14:58:47,201 [INFO] Activator:176 - 


2025-08-17 14:58:47,201 [INFO] Activator:177 - !SESSION log4j initialized
2025-08-17 14:58:53,687 [INFO] LogOutputStream:77 - [STDOUT_REDIRECT] 
2025-08-17 14:58:56,039 [INFO] ApplicationProperties:184 - Using Application install path: C:\ST\STM32CubeIDE_1.19.0\STM32CubeIDE\plugins\com.st.stm32cube.common.mx_6.15.0.202507011659
2025-08-17 14:58:56,056 [INFO] DbMcusXml:78 - Set database path to: C:\ST\STM32CubeIDE_1.19.0\STM32CubeIDE\plugins\com.st.stm32cube.common.mx_6.15.0.202507011659\\db\/mcu/
2025-08-17 14:58:56,056 [INFO] ApiDb:274 - Set plugin database path to: C:\ST\STM32CubeIDE_1.19.0\STM32CubeIDE\plugins\com.st.stm32cube.common.mx_6.15.0.202507011659\\db\/plugins/boardmanager/
2025-08-17 14:58:56,057 [WARN] ApiDb:259 - Overriding images path with different value:  => C:\ST\STM32CubeIDE_1.19.0\STM32CubeIDE\plugins\com.st.stm32cube.common.mx_6.15.0.202507011659\\db\/plugins/mcufinder/images/
2025-08-17 14:58:56,065 [INFO] ApiDb:250 - Set database path to: C:\Users\arafa\.stmcufinder\plugins\mcufinder//mcu/
2025-08-17 14:58:56,066 [INFO] DbMcusAds:125 - Set database path to: C:\Users\arafa\.stmcufinder\plugins\mcufinder//mcu/
2025-08-17 14:58:56,068 [INFO] CrossReferenceDbSqlite:203 - Set database path to: C:\Users\arafa\.stmcufinder\plugins\mcufinder//mcu/cs/
2025-08-17 14:58:56,205 [INFO] RulesReader:64 - Compatibility file has been processed (317 Rules)
2025-08-17 14:58:56,323 [INFO] DbMcusXml:78 - Set database path to: C:\ST\STM32CubeIDE_1.19.0\STM32CubeIDE\plugins\com.st.stm32cube.common.mx_6.15.0.202507011659\\db\/mcu/
2025-08-17 14:58:56,324 [INFO] ApiDb:274 - Set plugin database path to: C:\ST\STM32CubeIDE_1.19.0\STM32CubeIDE\plugins\com.st.stm32cube.common.mx_6.15.0.202507011659\\db\/plugins/boardmanager/
2025-08-17 14:58:56,324 [INFO] ApiDb:261 - Set plugin images path to: C:\ST\STM32CubeIDE_1.19.0\STM32CubeIDE\plugins\com.st.stm32cube.common.mx_6.15.0.202507011659\\db\/plugins/mcufinder/images/
2025-08-17 14:58:56,324 [WARN] DbFile:41 - Overriding database path with different value: C:\Users\arafa\.stmcufinder\plugins\mcufinder/ => C:\Users\arafa\.stmcufinder\plugins\mcufinder
2025-08-17 14:58:56,324 [INFO] ApiDb:250 - Set database path to: C:\Users\arafa\.stmcufinder\plugins\mcufinder//mcu/
2025-08-17 14:58:56,324 [WARN] DbFile:41 - Overriding database path with different value: C:\Users\arafa\.stmcufinder\plugins\mcufinder/ => C:\Users\arafa\.stmcufinder\plugins\mcufinder
2025-08-17 14:58:56,324 [INFO] DbMcusAds:125 - Set database path to: C:\Users\arafa\.stmcufinder\plugins\mcufinder//mcu/
2025-08-17 14:58:56,324 [WARN] DbFile:41 - Overriding database path with different value: C:\Users\arafa\.stmcufinder\plugins\mcufinder/ => C:\Users\arafa\.stmcufinder\plugins\mcufinder
2025-08-17 14:58:56,324 [WARN] DbFile:41 - Overriding database path with different value: C:\Users\arafa\.stmcufinder\plugins\mcufinder/ => C:\Users\arafa\.stmcufinder\plugins\mcufinder
2025-08-17 14:58:56,325 [INFO] CrossReferenceDbSqlite:203 - Set database path to: C:\Users\arafa\.stmcufinder\plugins\mcufinder//mcu/cs/
2025-08-17 14:58:56,426 [INFO] MainPanel:274 - HeapMemory: 268435456
2025-08-17 14:58:56,652 [INFO] DbMcusXml:78 - Set database path to: C:\ST\STM32CubeIDE_1.19.0\STM32CubeIDE\plugins\com.st.stm32cube.common.mx_6.15.0.202507011659\\db\/mcu/
2025-08-17 14:58:56,652 [INFO] ApiDb:274 - Set plugin database path to: C:\ST\STM32CubeIDE_1.19.0\STM32CubeIDE\plugins\com.st.stm32cube.common.mx_6.15.0.202507011659\\db\/plugins/boardmanager/
2025-08-17 14:58:56,652 [INFO] ApiDb:261 - Set plugin images path to: C:\ST\STM32CubeIDE_1.19.0\STM32CubeIDE\plugins\com.st.stm32cube.common.mx_6.15.0.202507011659\\db\/plugins/mcufinder/images/
2025-08-17 14:58:56,652 [WARN] DbFile:41 - Overriding database path with different value: C:\Users\arafa\.stmcufinder\plugins\mcufinder/ => C:\Users\arafa\.stmcufinder\plugins\mcufinder
2025-08-17 14:58:56,652 [INFO] ApiDb:250 - Set database path to: C:\Users\arafa\.stmcufinder\plugins\mcufinder//mcu/
2025-08-17 14:58:56,652 [WARN] DbFile:41 - Overriding database path with different value: C:\Users\arafa\.stmcufinder\plugins\mcufinder/ => C:\Users\arafa\.stmcufinder\plugins\mcufinder
2025-08-17 14:58:56,652 [INFO] DbMcusAds:125 - Set database path to: C:\Users\arafa\.stmcufinder\plugins\mcufinder//mcu/
2025-08-17 14:58:56,653 [WARN] DbFile:41 - Overriding database path with different value: C:\Users\arafa\.stmcufinder\plugins\mcufinder/ => C:\Users\arafa\.stmcufinder\plugins\mcufinder
2025-08-17 14:58:56,653 [WARN] DbFile:41 - Overriding database path with different value: C:\Users\arafa\.stmcufinder\plugins\mcufinder/ => C:\Users\arafa\.stmcufinder\plugins\mcufinder
2025-08-17 14:58:56,653 [INFO] CrossReferenceDbSqlite:203 - Set database path to: C:\Users\arafa\.stmcufinder\plugins\mcufinder//mcu/cs/
2025-08-17 14:58:56,680 [INFO] ApplicationProperties:184 - Using Application install path: C:\ST\STM32CubeIDE_1.19.0\STM32CubeIDE\plugins\com.st.stm32cube.common.mx_6.15.0.202507011659
2025-08-17 14:58:56,681 [INFO] PluginManage:196 - Search for loadable plugins [exclusion list=, ]
2025-08-17 14:58:56,684 [INFO] PluginManage:310 - Check plugin analytics
2025-08-17 14:58:56,947 [INFO] AnalyticsPlugin:253 - Accepted Software Licenses: 
2025-08-17 14:58:56,948 [INFO] AnalyticsPlugin:255 - Accepted CMSIS Pack Licenses: 
2025-08-17 14:58:56,948 [INFO] AnalyticsPlugin:257 - Accepted Firmware Licenses: 
2025-08-17 14:58:56,952 [INFO] PluginManage:359 - Loaded plugin analytics (category:tool,tabindex:-1)
2025-08-17 14:58:56,952 [INFO] PluginManage:310 - Check plugin cadmodel
2025-08-17 14:58:56,959 [INFO] CADModel:105 - Init CAD model plugin
2025-08-17 14:58:56,959 [INFO] PluginManage:359 - Loaded plugin cadmodel (category:power,tabindex:5)
2025-08-17 14:58:56,959 [INFO] PluginManage:310 - Check plugin clock
2025-08-17 14:58:56,968 [INFO] PluginManage:359 - Loaded plugin clock (category:base,tabindex:2)
2025-08-17 14:58:56,968 [INFO] PluginManage:310 - Check plugin ddr
2025-08-17 14:58:56,970 [INFO] PluginManage:359 - Loaded plugin ddr (category:tool,tabindex:6)
2025-08-17 14:58:56,970 [INFO] PluginManage:310 - Check plugin filemanager
2025-08-17 14:58:57,210 [INFO] PluginManage:359 - Loaded plugin filemanager (category:base,tabindex:10)
2025-08-17 14:58:57,210 [INFO] PluginManage:310 - Check plugin ipmanager
2025-08-17 14:58:57,218 [INFO] PluginManage:359 - Loaded plugin ipmanager (category:base,tabindex:5)
2025-08-17 14:58:57,218 [INFO] PluginManage:310 - Check plugin lpbam
2025-08-17 14:58:57,228 [INFO] PluginManage:359 - Loaded plugin lpbam (category:base,tabindex:0)
2025-08-17 14:58:57,228 [INFO] PluginManage:310 - Check plugin memorymap
2025-08-17 14:58:57,252 [INFO] PluginManage:359 - Loaded plugin memorymap (category:base,tabindex:4)
2025-08-17 14:58:57,252 [INFO] PluginManage:310 - Check plugin pinoutandconfiguration
2025-08-17 14:58:57,271 [INFO] PluginManage:359 - Loaded plugin pinoutandconfiguration (category:base,tabindex:1)
2025-08-17 14:58:57,272 [INFO] PluginManage:310 - Check plugin pinoutconfig
2025-08-17 14:58:57,444 [WARN] SupportedApi:132 - Cannot load RTOS API schema: s4s-elt-must-match.1: The content of 'definitions' must match (annotation?, (simpleType | complexType)?, (unique | key | keyref)*)). A problem was found starting at: attribute.
2025-08-17 14:58:57,711 [INFO] PluginManage:359 - Loaded plugin pinoutconfig (category:base,tabindex:0)
2025-08-17 14:58:57,711 [INFO] PluginManage:310 - Check plugin power
2025-08-17 14:58:57,724 [INFO] PluginManage:359 - Loaded plugin power (category:power,tabindex:4)
2025-08-17 14:58:57,725 [INFO] PluginManage:310 - Check plugin projectmanager
2025-08-17 14:58:57,743 [INFO] PluginManage:359 - Loaded plugin projectmanager (category:projectmanager,tabindex:4)
2025-08-17 14:58:57,743 [INFO] PluginManage:310 - Check plugin rif
2025-08-17 14:58:57,755 [INFO] PluginManage:359 - Loaded plugin rif (category:base,tabindex:3)
2025-08-17 14:58:57,755 [INFO] PluginManage:310 - Check plugin thirdparty
2025-08-17 14:58:57,943 [WARN] IntegrityCheckThread:84 - waiting for thirdparty lock release [integrity check]
2025-08-17 14:58:57,944 [INFO] IntegrityCheckThread:86 - entering critical section [integrity check]
2025-08-17 14:58:57,944 [INFO] ThirdPartyUpdaterWithRetryManager:70 - Updater plugin not ready yet. [1/15]
2025-08-17 14:58:57,944 [INFO] PluginManage:359 - Loaded plugin thirdparty (category:base,tabindex:-1)
2025-08-17 14:58:57,944 [INFO] PluginManage:310 - Check plugin tools
2025-08-17 14:58:57,948 [INFO] PluginManage:359 - Loaded plugin tools (category:base,tabindex:7)
2025-08-17 14:58:57,948 [INFO] PluginManage:310 - Check plugin tutovideos
2025-08-17 14:58:58,151 [INFO] PluginManage:359 - Loaded plugin tutovideos (category:base,tabindex:-1)
2025-08-17 14:58:58,151 [INFO] PluginManage:310 - Check plugin updater
2025-08-17 14:58:58,181 [INFO] PluginManage:359 - Loaded plugin updater (category:base,tabindex:12)
2025-08-17 14:58:58,181 [INFO] PluginManage:310 - Check plugin userauth
2025-08-17 14:58:58,186 [INFO] UserAuth:118 - Init User Auth plugin
2025-08-17 14:58:58,186 [INFO] PluginManage:359 - Loaded plugin userauth (category:base,tabindex:14)
2025-08-17 14:58:58,187 [INFO] PluginManage:283 - PluginManage : Loaded plugins [18]
2025-08-17 14:58:58,467 [INFO] PinOutPanel:1589 - setPackage(No Configuration,No Configuration)
2025-08-17 14:58:58,549 [INFO] CADModel:165 - CPN selected for project level
2025-08-17 14:58:58,549 [INFO] CADModel:114 - Register for checkConnection events
2025-08-17 14:58:58,568 [INFO] IPUIPlugin:80 - create IPUIPlugin
2025-08-17 14:58:58,568 [INFO] PluginManager:220 - loadIPPluginJar : add adc
2025-08-17 14:58:58,571 [INFO] IPUIPlugin:80 - create IPUIPlugin
2025-08-17 14:58:58,571 [INFO] PluginManager:220 - loadIPPluginJar : add aes
2025-08-17 14:58:58,574 [INFO] IPUIPlugin:80 - create IPUIPlugin
2025-08-17 14:58:58,574 [INFO] PluginManager:220 - loadIPPluginJar : add can
2025-08-17 14:58:58,580 [INFO] IPUIPlugin:80 - create IPUIPlugin
2025-08-17 14:58:58,580 [INFO] PluginManager:220 - loadIPPluginJar : add comp
2025-08-17 14:58:58,583 [INFO] IPUIPlugin:80 - create IPUIPlugin
2025-08-17 14:58:58,583 [INFO] PluginManager:220 - loadIPPluginJar : add cryp
2025-08-17 14:58:58,587 [INFO] IPUIPlugin:80 - create IPUIPlugin
2025-08-17 14:58:58,587 [INFO] PluginManager:220 - loadIPPluginJar : add ddr_ctrl_phy
2025-08-17 14:58:58,592 [INFO] IPUIPlugin:80 - create IPUIPlugin
2025-08-17 14:58:58,593 [INFO] PluginManager:220 - loadIPPluginJar : add dfsdm
2025-08-17 14:58:58,605 [INFO] IPUIPlugin:80 - create IPUIPlugin
2025-08-17 14:58:58,605 [INFO] PluginManager:220 - loadIPPluginJar : add dma
2025-08-17 14:58:58,615 [INFO] IPUIPlugin:80 - create IPUIPlugin
2025-08-17 14:58:58,615 [INFO] PluginManager:220 - loadIPPluginJar : add dma3
2025-08-17 14:58:58,618 [INFO] IPUIPlugin:80 - create IPUIPlugin
2025-08-17 14:58:58,618 [INFO] PluginManager:220 - loadIPPluginJar : add extmemmanager
2025-08-17 14:58:58,620 [INFO] IPUIPlugin:80 - create IPUIPlugin
2025-08-17 14:58:58,620 [INFO] PluginManager:220 - loadIPPluginJar : add fatfs
2025-08-17 14:58:58,624 [INFO] IPUIPlugin:80 - create IPUIPlugin
2025-08-17 14:58:58,625 [INFO] PluginManager:220 - loadIPPluginJar : add fmc
2025-08-17 14:58:58,640 [INFO] IPUIPlugin:80 - create IPUIPlugin
2025-08-17 14:58:58,640 [INFO] PluginManager:220 - loadIPPluginJar : add freertos
2025-08-17 14:58:58,642 [INFO] IPUIPlugin:80 - create IPUIPlugin
2025-08-17 14:58:58,642 [INFO] PluginManager:220 - loadIPPluginJar : add genericplugin
2025-08-17 14:58:58,645 [INFO] IPUIPlugin:80 - create IPUIPlugin
2025-08-17 14:58:58,645 [INFO] PluginManager:220 - loadIPPluginJar : add gfxmmu
2025-08-17 14:58:58,649 [INFO] IPUIPlugin:80 - create IPUIPlugin
2025-08-17 14:58:58,649 [INFO] PluginManager:220 - loadIPPluginJar : add gic
2025-08-17 14:58:58,654 [INFO] IPUIPlugin:80 - create IPUIPlugin
2025-08-17 14:58:58,654 [INFO] PluginManager:220 - loadIPPluginJar : add gpio
2025-08-17 14:58:58,657 [INFO] IPUIPlugin:80 - create IPUIPlugin
2025-08-17 14:58:58,657 [INFO] PluginManager:220 - loadIPPluginJar : add gtzc
2025-08-17 14:58:58,660 [INFO] IPUIPlugin:80 - create IPUIPlugin
2025-08-17 14:58:58,660 [INFO] PluginManager:220 - loadIPPluginJar : add hash
2025-08-17 14:58:58,663 [INFO] IPUIPlugin:80 - create IPUIPlugin
2025-08-17 14:58:58,663 [INFO] PluginManager:220 - loadIPPluginJar : add i2c
2025-08-17 14:58:58,665 [INFO] IPUIPlugin:80 - create IPUIPlugin
2025-08-17 14:58:58,665 [INFO] PluginManager:220 - loadIPPluginJar : add i2s
2025-08-17 14:58:58,668 [INFO] IPUIPlugin:80 - create IPUIPlugin
2025-08-17 14:58:58,668 [INFO] PluginManager:220 - loadIPPluginJar : add i3c
2025-08-17 14:58:58,671 [INFO] IPUIPlugin:80 - create IPUIPlugin
2025-08-17 14:58:58,671 [INFO] PluginManager:220 - loadIPPluginJar : add ipddr
2025-08-17 14:58:58,678 [INFO] IPUIPlugin:80 - create IPUIPlugin
2025-08-17 14:58:58,678 [INFO] PluginManager:220 - loadIPPluginJar : add linkedlist
2025-08-17 14:58:58,698 [INFO] IPUIPlugin:80 - create IPUIPlugin
2025-08-17 14:58:58,698 [INFO] PluginManager:220 - loadIPPluginJar : add lorawan
2025-08-17 14:58:58,702 [INFO] IPUIPlugin:80 - create IPUIPlugin
2025-08-17 14:58:58,702 [INFO] PluginManager:220 - loadIPPluginJar : add ltdc
2025-08-17 14:58:58,708 [INFO] IPUIPlugin:80 - create IPUIPlugin
2025-08-17 14:58:58,708 [INFO] PluginManager:220 - loadIPPluginJar : add mdma
2025-08-17 14:58:58,713 [INFO] IPUIPlugin:80 - create IPUIPlugin
2025-08-17 14:58:58,713 [INFO] PluginManager:220 - loadIPPluginJar : add nvic
2025-08-17 14:58:58,717 [INFO] IPUIPlugin:80 - create IPUIPlugin
2025-08-17 14:58:58,717 [INFO] PluginManager:220 - loadIPPluginJar : add opamp
2025-08-17 14:58:58,723 [INFO] IPUIPlugin:80 - create IPUIPlugin
2025-08-17 14:58:58,723 [INFO] PluginManager:220 - loadIPPluginJar : add openamp
2025-08-17 14:58:58,728 [INFO] IPUIPlugin:80 - create IPUIPlugin
2025-08-17 14:58:58,728 [INFO] PluginManager:220 - loadIPPluginJar : add pdm2pcm
2025-08-17 14:58:58,734 [INFO] IPUIPlugin:80 - create IPUIPlugin
2025-08-17 14:58:58,736 [INFO] PluginManager:220 - loadIPPluginJar : add plateformsettings
2025-08-17 14:58:58,738 [INFO] IPUIPlugin:80 - create IPUIPlugin
2025-08-17 14:58:58,738 [INFO] PluginManager:220 - loadIPPluginJar : add quadspi
2025-08-17 14:58:58,740 [INFO] IPUIPlugin:80 - create IPUIPlugin
2025-08-17 14:58:58,741 [INFO] PluginManager:220 - loadIPPluginJar : add radio
2025-08-17 14:58:58,746 [INFO] IPUIPlugin:80 - create IPUIPlugin
2025-08-17 14:58:58,746 [INFO] PluginManager:220 - loadIPPluginJar : add resmgrutility
2025-08-17 14:58:58,749 [INFO] IPUIPlugin:80 - create IPUIPlugin
2025-08-17 14:58:58,749 [INFO] PluginManager:220 - loadIPPluginJar : add sai
2025-08-17 14:58:58,752 [INFO] IPUIPlugin:80 - create IPUIPlugin
2025-08-17 14:58:58,752 [INFO] PluginManager:220 - loadIPPluginJar : add spi
2025-08-17 14:58:58,757 [INFO] IPUIPlugin:80 - create IPUIPlugin
2025-08-17 14:58:58,757 [INFO] PluginManager:220 - loadIPPluginJar : add stm32_wpan
2025-08-17 14:58:58,759 [INFO] IPUIPlugin:80 - create IPUIPlugin
2025-08-17 14:58:58,759 [INFO] PluginManager:220 - loadIPPluginJar : add tim
2025-08-17 14:58:58,763 [INFO] IPUIPlugin:80 - create IPUIPlugin
2025-08-17 14:58:58,763 [INFO] PluginManager:220 - loadIPPluginJar : add touchsensing
2025-08-17 14:58:58,765 [INFO] IPUIPlugin:80 - create IPUIPlugin
2025-08-17 14:58:58,765 [INFO] PluginManager:220 - loadIPPluginJar : add tracer_emb
2025-08-17 14:58:58,767 [INFO] IPUIPlugin:80 - create IPUIPlugin
2025-08-17 14:58:58,767 [INFO] PluginManager:220 - loadIPPluginJar : add ts
2025-08-17 14:58:58,769 [INFO] IPUIPlugin:80 - create IPUIPlugin
2025-08-17 14:58:58,770 [INFO] PluginManager:220 - loadIPPluginJar : add tsc
2025-08-17 14:58:58,772 [INFO] IPUIPlugin:80 - create IPUIPlugin
2025-08-17 14:58:58,772 [INFO] PluginManager:220 - loadIPPluginJar : add ucpd
2025-08-17 14:58:58,774 [INFO] IPUIPlugin:80 - create IPUIPlugin
2025-08-17 14:58:58,774 [INFO] PluginManager:220 - loadIPPluginJar : add usart
2025-08-17 14:58:58,778 [INFO] IPUIPlugin:80 - create IPUIPlugin
2025-08-17 14:58:58,778 [INFO] PluginManager:220 - loadIPPluginJar : add usbx
2025-08-17 14:58:58,906 [FATAL] Updater:351 - Updater called before beeing initialized
2025-08-17 14:58:58,934 [INFO] RulesReader:64 - Compatibility file has been processed (317 Rules)
2025-08-17 14:58:58,946 [INFO] RulesReader:64 - Compatibility file has been processed (317 Rules)
2025-08-17 14:58:58,965 [INFO] CADModel:165 - CPN selected for project level
2025-08-17 14:58:58,965 [INFO] CADModel:114 - Register for checkConnection events
2025-08-17 14:58:58,965 [FATAL] Updater:351 - Updater called before beeing initialized
2025-08-17 14:58:58,966 [ERROR] CADModel:125 - Updater not yet initialized, retry later 
2025-08-17 14:58:59,116 [FATAL] Updater:351 - Updater called before beeing initialized
2025-08-17 14:58:59,118 [INFO] CADModel:165 - CPN selected for project level
2025-08-17 14:58:59,118 [INFO] CADModel:114 - Register for checkConnection events
2025-08-17 14:58:59,119 [FATAL] Updater:351 - Updater called before beeing initialized
2025-08-17 14:58:59,119 [ERROR] CADModel:125 - Updater not yet initialized, retry later 
2025-08-17 14:58:59,125 [FATAL] Updater:351 - Updater called before beeing initialized
2025-08-17 14:58:59,219 [FATAL] Updater:351 - Updater called before beeing initialized
2025-08-17 14:58:59,223 [INFO] DbMcusAds:53 - JSON generation date=Tue Jul 08 04:14:23 EDT 2025 (1751962463582)
2025-08-17 14:58:59,223 [FATAL] Updater:351 - Updater called before beeing initialized
2025-08-17 14:58:59,256 [WARN] DetailPanel:346 - Failed to get advertising image, set to default
2025-08-17 14:58:59,382 [FATAL] Updater:351 - Updater called before beeing initialized
2025-08-17 14:58:59,384 [FATAL] Updater:351 - Updater called before beeing initialized
2025-08-17 14:58:59,384 [FATAL] Updater:351 - Updater called before beeing initialized
2025-08-17 14:58:59,385 [WARN] DetailPanel:346 - Failed to get advertising image, set to default
2025-08-17 14:58:59,386 [FATAL] Updater:351 - Updater called before beeing initialized
2025-08-17 14:58:59,432 [ERROR] Updater:1198 - MainUpdater not yet initialized. External WinMGr cannot be set.
2025-08-17 14:58:59,434 [INFO] Updater:1134 - Updater Version found : 6.15.0
2025-08-17 14:58:59,449 [INFO] ApplicationProperties:184 - Using Application install path: C:\ST\STM32CubeIDE_1.19.0\STM32CubeIDE\plugins\com.st.stm32cube.common.mx_6.15.0.202507011659
2025-08-17 14:59:00,946 [INFO] ThirdPartyUpdaterWithRetryManager:70 - Updater plugin not ready yet. [2/15]
2025-08-17 14:59:01,018 [ERROR] LogOutputStream:75 - [STDERR_REDIRECT] Aug 17, 2025 2:59:01 PM java.util.prefs.WindowsPreferences <init>
2025-08-17 14:59:01,019 [ERROR] LogOutputStream:75 - [STDERR_REDIRECT] WARNING: Could not open/create prefs root node Software\JavaSoft\Prefs at root 0xffffffff80000002. Windows RegCreateKeyEx(...) returned error code 5.
2025-08-17 14:59:01,021 [ERROR] LogOutputStream:75 - [STDERR_REDIRECT] 
2025-08-17 14:59:01,814 [INFO] MainUpdater:2872 - connection check result : 10
2025-08-17 14:59:01,814 [INFO] MainUpdater:289 - Updater Check For Update Now.
2025-08-17 14:59:01,814 [INFO] MicroXplorer:498 - Change Database Version : DB.6.0.150
2025-08-17 14:59:01,846 [INFO] McuFinderGlobals:63 - Set McuFinder mode to 2 (CubeIDE integrated)
2025-08-17 14:59:01,846 [INFO] UserAuth:171 - activating auth plugin
2025-08-17 14:59:01,849 [INFO] UserAuth:487 - Internet connection configuration mode: 1
2025-08-17 14:59:01,885 [INFO] JxBrowserEngine:152 - Initiate JxBrowser Engine with user profile folder
2025-08-17 14:59:01,990 [INFO] CheckServerUpdateThread:120 - End of CheckServer Thread
2025-08-17 14:59:03,030 [INFO] WebApp:169 - Instantiating new browser for Auth
2025-08-17 14:59:03,710 [INFO] WebApp:463 - Apply proxy settings
2025-08-17 14:59:03,711 [INFO] WebApp:548 - Chromium requires no authentication
2025-08-17 14:59:03,719 [INFO] WebApp:491 - Direct internet connection detected
2025-08-17 14:59:03,738 [INFO] WebApp:900 - Register for checkConnection events
2025-08-17 14:59:03,738 [INFO] WebApp:463 - Apply proxy settings
2025-08-17 14:59:03,738 [INFO] WebApp:548 - Chromium requires no authentication
2025-08-17 14:59:03,739 [INFO] WebApp:491 - Direct internet connection detected
2025-08-17 14:59:03,886 [INFO] WebApp:225 - Starting web application
2025-08-17 14:59:03,887 [INFO] WebApp:593 - Web application path used C:\ST\STM32CubeIDE_1.19.0\STM32CubeIDE\plugins\com.st.stm32cube.common.mx_6.15.0.202507011659\db\plugins\mcufinder\reactClient1\index.html
2025-08-17 14:59:03,992 [INFO] WebApp:191 - Connection restablished
2025-08-17 14:59:04,226 [WARN] PackLoader:240 - Cannot read IP mode file for STMicroelectronics.FP-SNS-MOTENVWB1.1.4.0
2025-08-17 14:59:04,236 [WARN] PackLoader:240 - Cannot read IP mode file for STMicroelectronics.FP-ATR-ASTRA1.2.0.2
2025-08-17 14:59:04,245 [WARN] PackLoader:240 - Cannot read IP mode file for STMicroelectronics.X-CUBE-SMBUS.2.1.0
2025-08-17 14:59:04,250 [WARN] PackLoader:240 - Cannot read IP mode file for STMicroelectronics.X-CUBE-ST60.1.0.0
2025-08-17 14:59:04,283 [WARN] PackLoader:240 - Cannot read IP mode file for STMicroelectronics.X-CUBE-AZRTOS-F7.1.1.0
2025-08-17 14:59:04,315 [WARN] PackLoader:240 - Cannot read IP mode file for Infineon.AIROC-Wi-Fi-Bluetooth-STM32.1.7.1
2025-08-17 14:59:04,354 [WARN] PackLoader:240 - Cannot read IP mode file for STMicroelectronics.X-CUBE-AZRTOS-H7.3.4.0
2025-08-17 14:59:04,363 [WARN] PackLoader:240 - Cannot read IP mode file for STMicroelectronics.X-CUBE-DISPLAY.3.0.0
2025-08-17 14:59:04,381 [WARN] PackLoader:240 - Cannot read IP mode file for STMicroelectronics.X-CUBE-NFC10.1.0.0
2025-08-17 14:59:04,386 [WARN] PackLoader:240 - Cannot read IP mode file for emotas.I-CUBE-CANOPEN.1.3.0
2025-08-17 14:59:04,392 [WARN] PackLoader:240 - Cannot read IP mode file for STMicroelectronics.FP-SNS-STBOX1.2.1.0
2025-08-17 14:59:04,398 [WARN] PackLoader:240 - Cannot read IP mode file for STMicroelectronics.FP-SNS-SMARTAG2.1.2.0
2025-08-17 14:59:04,402 [WARN] PackLoader:240 - Cannot read IP mode file for STMicroelectronics.FP-SNS-FLIGHT1.5.1.0
2025-08-17 14:59:04,408 [INFO] LogOutputStream:77 - [STDOUT_REDIRECT] 1 : Invalid condition id : UX_CORESTACK_Condition cause : null
2025-08-17 14:59:04,411 [INFO] LogOutputStream:77 - [STDOUT_REDIRECT] 1 : Invalid condition id : UX_CORESTACK_Condition cause : null
2025-08-17 14:59:04,413 [INFO] LogOutputStream:77 - [STDOUT_REDIRECT] 1 : Invalid condition id : UX_CORESTACK_Condition cause : null
2025-08-17 14:59:04,414 [INFO] LogOutputStream:77 - [STDOUT_REDIRECT] 1 : Invalid condition id : UX_CORESTACK_Condition cause : null
2025-08-17 14:59:04,415 [INFO] LogOutputStream:77 - [STDOUT_REDIRECT] 1 : Invalid condition id : UX_CORESTACK_Condition cause : null
2025-08-17 14:59:04,417 [WARN] PackLoader:240 - Cannot read IP mode file for STMicroelectronics.X-CUBE-AZRTOS-WL.2.0.0
2025-08-17 14:59:04,421 [WARN] PackLoader:240 - Cannot read IP mode file for STMicroelectronics.FP-SNS-MOTENV1.5.0.0
2025-08-17 14:59:04,431 [WARN] PackLoader:240 - Cannot read IP mode file for WES.I-CUBE-Cesium.1.3.0
2025-08-17 14:59:04,436 [WARN] PackLoader:240 - Cannot read IP mode file for STMicroelectronics.X-CUBE-BLE2.3.3.0
2025-08-17 14:59:04,442 [WARN] PackLoader:240 - Cannot read IP mode file for STMicroelectronics.X-CUBE-NFC9.1.0.0
2025-08-17 14:59:04,446 [WARN] PackLoader:240 - Cannot read IP mode file for wolfSSL.I-CUBE-wolfSSL.5.8.0
2025-08-17 14:59:04,449 [WARN] PackLoader:240 - Cannot read IP mode file for STMicroelectronics.X-CUBE-BLE1.7.1.0
2025-08-17 14:59:04,452 [WARN] PackLoader:240 - Cannot read IP mode file for wolfSSL.I-CUBE-wolfMQTT.1.19.2
2025-08-17 14:59:04,456 [WARN] PackLoader:240 - Cannot read IP mode file for STMicroelectronics.X-CUBE-EEPRMA1.5.2.0
2025-08-17 14:59:04,460 [WARN] PackLoader:240 - Cannot read IP mode file for STMicroelectronics.X-CUBE-AI.10.1.0
2025-08-17 14:59:04,469 [WARN] PackLoader:240 - Cannot read IP mode file for STMicroelectronics.X-CUBE-AZRTOS-G0.1.1.0
2025-08-17 14:59:04,474 [WARN] PackLoader:240 - Cannot read IP mode file for STMicroelectronics.X-CUBE-SAFEA1.1.2.2
2025-08-17 14:59:04,478 [WARN] PackLoader:240 - Cannot read IP mode file for STMicroelectronics.X-CUBE-NFC4.3.0.0
2025-08-17 14:59:04,483 [WARN] PackLoader:240 - Cannot read IP mode file for EmbeddedOffice.I-CUBE-FS-RTOS.1.0.1
2025-08-17 14:59:04,487 [WARN] PackLoader:240 - Cannot read IP mode file for STMicroelectronics.X-CUBE-WB05N.2.0.0
2025-08-17 14:59:04,490 [WARN] PackLoader:240 - Cannot read IP mode file for wolfSSL.I-CUBE-wolfTPM.3.8.0
2025-08-17 14:59:04,493 [WARN] PackLoader:240 - Cannot read IP mode file for STMicroelectronics.X-CUBE-TCPP.4.2.0
2025-08-17 14:59:04,497 [WARN] PackLoader:240 - Cannot read IP mode file for RealThread.X-CUBE-RT-Thread_Nano.4.1.1
2025-08-17 14:59:04,499 [WARN] PackLoader:240 - Cannot read IP mode file for STMicroelectronics.FP-ATR-SIGFOX1.3.2.0
2025-08-17 14:59:04,503 [WARN] PackLoader:240 - Cannot read IP mode file for ITTIA_DB.I-CUBE-ITTIADB.8.9.0
2025-08-17 14:59:04,511 [WARN] PackLoader:240 - Cannot read IP mode file for STMicroelectronics.X-CUBE-ST67W61.1.0.0
2025-08-17 14:59:04,514 [WARN] PackLoader:240 - Cannot read IP mode file for STMicroelectronics.X-CUBE-AI.10.2.0
2025-08-17 14:59:04,529 [WARN] PackLoader:240 - Cannot read IP mode file for SEGGER.I-CUBE-embOS.1.3.1
2025-08-17 14:59:04,551 [WARN] PackLoader:240 - Cannot read IP mode file for STMicroelectronics.X-CUBE-ALGOBUILD.1.4.0
2025-08-17 14:59:04,579 [WARN] PackLoader:240 - Cannot read IP mode file for STMicroelectronics.X-CUBE-MEMS1.11.3.0
2025-08-17 14:59:04,655 [WARN] PackLoader:240 - Cannot read IP mode file for STMicroelectronics.X-CUBE-PM33A1.1.0.0
2025-08-17 14:59:04,663 [WARN] PackLoader:240 - Cannot read IP mode file for STMicroelectronics.X-CUBE-AZRTOS-F4.1.1.0
2025-08-17 14:59:04,666 [WARN] PackLoader:240 - Cannot read IP mode file for Avnet-IotConnect.X-CUBE-IoTC-DA16k-PMOD.1.0.0
2025-08-17 14:59:04,669 [WARN] PackLoader:240 - Cannot read IP mode file for STMicroelectronics.X-CUBE-ISPU.2.1.0
2025-08-17 14:59:04,674 [WARN] PackLoader:240 - Cannot read IP mode file for STMicroelectronics.X-CUBE-NFC12.1.0.0
2025-08-17 14:59:04,683 [WARN] PackLoader:240 - Cannot read IP mode file for STMicroelectronics.X-CUBE-AZRTOS-L5.2.0.0
2025-08-17 14:59:04,689 [WARN] PackLoader:240 - Cannot read IP mode file for STMicroelectronics.X-CUBE-NFC6.3.1.0
2025-08-17 14:59:04,701 [WARN] PackLoader:240 - Cannot read IP mode file for STMicroelectronics.X-CUBE-FREERTOS.1.3.1
2025-08-17 14:59:04,706 [WARN] PackLoader:240 - Cannot read IP mode file for STMicroelectronics.FP-SNS-STAIOTCFT.1.0.0
2025-08-17 14:59:04,713 [WARN] PackLoader:240 - Cannot read IP mode file for STMicroelectronics.X-CUBE-DPower.1.3.0
2025-08-17 14:59:04,756 [WARN] ConditionMgr:438 - getConditionDescription Invalid condition id : LAN8742 Phy interface Condition cause : null
2025-08-17 14:59:04,756 [WARN] PackLoader:240 - Cannot read IP mode file for STMicroelectronics.X-CUBE-AZRTOS-L4.2.0.0
2025-08-17 14:59:04,757 [WARN] ConditionMgr:1044 - genDependencies : Invalid condition id : LAN8742 Phy interface Condition cause : null
2025-08-17 14:59:04,757 [WARN] ConditionMgr:1044 - genDependencies : Invalid condition id : LAN8742 Phy interface Condition cause : null
2025-08-17 14:59:04,758 [WARN] ConditionMgr:1044 - genDependencies : Invalid condition id : LAN8742 Phy interface Condition cause : null
2025-08-17 14:59:04,764 [WARN] PackLoader:240 - Cannot read IP mode file for STMicroelectronics.X-CUBE-SFXS2LP1.4.0.0
2025-08-17 14:59:04,770 [WARN] PackLoader:240 - Cannot read IP mode file for STMicroelectronics.X-CUBE-BLEMGR.4.1.0
2025-08-17 14:59:04,778 [WARN] ConditionMgr:438 - getConditionDescription Invalid condition id : UX DEVICE CLASS RTOS Condition cause : null
2025-08-17 14:59:04,778 [WARN] ConditionMgr:438 - getConditionDescription Invalid condition id : UX DEVICE CLASS RTOS Condition cause : null
2025-08-17 14:59:04,779 [WARN] PackLoader:240 - Cannot read IP mode file for STMicroelectronics.X-CUBE-AZRTOS-WB.2.0.0
2025-08-17 14:59:04,780 [WARN] ConditionMgr:1044 - genDependencies : Invalid condition id : UX DEVICE CLASS RTOS Condition cause : null
2025-08-17 14:59:04,780 [WARN] ConditionMgr:1044 - genDependencies : Invalid condition id : UX DEVICE CLASS RTOS Condition cause : null
2025-08-17 14:59:04,780 [WARN] ConditionMgr:1044 - genDependencies : Invalid condition id : UX DEVICE CLASS RTOS Condition cause : null
2025-08-17 14:59:04,780 [WARN] ConditionMgr:1044 - genDependencies : Invalid condition id : UX DEVICE CLASS RTOS Condition cause : null
2025-08-17 14:59:04,780 [WARN] ConditionMgr:1044 - genDependencies : Invalid condition id : UX DEVICE CLASS RTOS Condition cause : null
2025-08-17 14:59:04,784 [WARN] PackLoader:240 - Cannot read IP mode file for STMicroelectronics.X-CUBE-GNSS1.7.0.1
2025-08-17 14:59:04,791 [WARN] PackLoader:240 - Cannot read IP mode file for STMicroelectronics.X-CUBE-TOUCHGFX.4.25.0
2025-08-17 14:59:04,795 [WARN] PackLoader:240 - Cannot read IP mode file for STMicroelectronics.FP-SNS-STBOX1.2.0.0
2025-08-17 14:59:04,799 [WARN] ConditionMgr:438 - getConditionDescription Invalid condition id : Cortex-A Device cause : null
2025-08-17 14:59:04,813 [WARN] ConditionMgr:1044 - genDependencies : Invalid condition id : Cortex-A Device cause : null
2025-08-17 14:59:04,813 [WARN] ConditionMgr:1044 - genDependencies : Invalid condition id : Cortex-A Device cause : null
2025-08-17 14:59:04,813 [WARN] ConditionMgr:1044 - genDependencies : Invalid condition id : Cortex-A Device cause : null
2025-08-17 14:59:04,819 [WARN] PackLoader:240 - Cannot read IP mode file for STMicroelectronics.X-CUBE-SUBG2.5.0.0
2025-08-17 14:59:04,831 [WARN] PackLoader:240 - Cannot read IP mode file for STMicroelectronics.X-CUBE-AZRTOS-H7RS.1.1.0
2025-08-17 14:59:04,836 [WARN] PackLoader:240 - Cannot read IP mode file for Cesanta.I-CUBE-Mongoose.7.13.0
2025-08-17 14:59:04,844 [WARN] PackLoader:240 - Cannot read IP mode file for STMicroelectronics.X-CUBE-AZRTOS-G4.2.0.0
2025-08-17 14:59:04,848 [WARN] PackLoader:240 - Cannot read IP mode file for wolfSSL.I-CUBE-wolfSSH.1.4.20
2025-08-17 14:59:04,851 [WARN] PackLoader:240 - Cannot read IP mode file for STMicroelectronics.X-CUBE-NFC7.2.0.0
2025-08-17 14:59:04,860 [WARN] PackLoader:240 - Cannot read IP mode file for STMicroelectronics.X-CUBE-IPS.3.1.0
2025-08-17 14:59:04,866 [WARN] PackLoader:240 - Cannot read IP mode file for STMicroelectronics.X-CUBE-ALS.1.0.2
2025-08-17 14:59:04,871 [WARN] PackLoader:240 - Cannot read IP mode file for portGmbH.I-Cube-SoM-uGOAL.1.1.0
2025-08-17 14:59:04,878 [WARN] PackLoader:240 - Cannot read IP mode file for STMicroelectronics.X-CUBE-TOF1.3.4.3
2025-08-17 14:59:04,885 [INFO] ThirdParty:978 - Integrity check success = true
2025-08-17 14:59:04,885 [INFO] IntegrityCheckThread:100 - exiting critical section [integrity check]
2025-08-17 14:59:04,886 [INFO] IntegrityCheckThread:103 - End integrity checks thread
2025-08-17 14:59:47,506 [INFO] WebApp:194 - Connection lost
2025-08-17 14:59:47,789 [INFO] WebApp:191 - Connection restablished
2025-08-17 15:23:21,436 [INFO] WebApp:194 - Connection lost
2025-08-17 15:23:21,701 [INFO] WebApp:191 - Connection restablished
2025-08-17 15:23:38,446 [INFO] WebApp:194 - Connection lost
2025-08-17 15:23:38,600 [INFO] WebApp:191 - Connection restablished
2025-08-17 18:07:00,922 [INFO] WebApp:194 - Connection lost
2025-08-17 18:07:01,088 [INFO] WebApp:191 - Connection restablished
2025-08-17 18:09:14,570 [ERROR] LogOutputStream:75 - [STDERR_REDIRECT] 
2025-08-17 18:09:14,573 [ERROR] LogOutputStream:75 - [STDERR_REDIRECT] 
