12:27:57 **** Build of configuration Debug for project Average ****
make all 
'Building file: ../.metadata/.plugins/org.eclipse.cdt.managedbuilder.core/spec.c'
'Invoking: Cross GCC Compiler'
gcc -O0 -g3 -Wall -c -fmessage-length=0 -MMD -MP -MF".metadata/.plugins/org.eclipse.cdt.managedbuilder.core/spec.d" -MT".metadata/.plugins/org.eclipse.cdt.managedbuilder.core/spec.o" -o ".metadata/.plugins/org.eclipse.cdt.managedbuilder.core/spec.o" "../.metadata/.plugins/org.eclipse.cdt.managedbuilder.core/spec.c"
'Finished building: ../.metadata/.plugins/org.eclipse.cdt.managedbuilder.core/spec.c'
' '
'Building file: ../.metadata/.plugins/org.eclipse.cdt.make.core/specs.c'
'Invoking: Cross GCC Compiler'
gcc -O0 -g3 -Wall -c -fmessage-length=0 -MMD -MP -MF".metadata/.plugins/org.eclipse.cdt.make.core/specs.d" -MT".metadata/.plugins/org.eclipse.cdt.make.core/specs.o" -o ".metadata/.plugins/org.eclipse.cdt.make.core/specs.o" "../.metadata/.plugins/org.eclipse.cdt.make.core/specs.c"
'Finished building: ../.metadata/.plugins/org.eclipse.cdt.make.core/specs.c'
' '
'Building file: ../main.c'
'Invoking: Cross GCC Compiler'
gcc -O0 -g3 -Wall -c -fmessage-length=0 -MMD -MP -MF"main.d" -MT"main.o" -o "main.o" "../main.c"
'Finished building: ../main.c'
' '
'Building target: Average'
'Invoking: Cross GCC Linker'
gcc  -o "Average"  ./.metadata/.plugins/org.eclipse.cdt.managedbuilder.core/spec.o  ./.metadata/.plugins/org.eclipse.cdt.make.core/specs.o  ./main.o   
C:/mingw64/bin/../lib/gcc/x86_64-w64-mingw32/14.2.0/../../../../x86_64-w64-mingw32/bin/ld.exe: C:/mingw64/bin/../lib/gcc/x86_64-w64-mingw32/14.2.0/../../../../x86_64-w64-mingw32/lib/../lib/libmingw32.a(lib64_libmingw32_a-crtexewin.o):crtexewin.c:(.text+0x130): undefined reference to `WinMain'
collect2.exe: error: ld returned 1 exit status
make: *** [makefile:45: Average] Error 1
"make all" terminated with exit code 2. Build might be incomplete.

12:28:01 Build Failed. 2 errors, 0 warnings. (took 4s.328ms)

