2025-07-31 12:00:35,036 [INFO] Activator:176 - 


2025-07-31 12:00:35,045 [INFO] Activator:177 - !SESSION log4j initialized
2025-07-31 12:00:42,333 [INFO] LogOutputStream:77 - [STDOUT_REDIRECT] 
2025-07-31 12:00:43,709 [INFO] ApplicationProperties:184 - Using Application install path: C:\ST\STM32CubeIDE_1.19.0\STM32CubeIDE\plugins\com.st.stm32cube.common.mx_6.15.0.202507011659
2025-07-31 12:00:43,735 [INFO] DbMcusXml:78 - Set database path to: C:\ST\STM32CubeIDE_1.19.0\STM32CubeIDE\plugins\com.st.stm32cube.common.mx_6.15.0.202507011659\\db\/mcu/
2025-07-31 12:00:43,735 [INFO] ApiDb:274 - Set plugin database path to: C:\ST\STM32CubeIDE_1.19.0\STM32CubeIDE\plugins\com.st.stm32cube.common.mx_6.15.0.202507011659\\db\/plugins/boardmanager/
2025-07-31 12:00:43,736 [WARN] ApiDb:259 - Overriding images path with different value:  => C:\ST\STM32CubeIDE_1.19.0\STM32CubeIDE\plugins\com.st.stm32cube.common.mx_6.15.0.202507011659\\db\/plugins/mcufinder/images/
2025-07-31 12:00:43,749 [INFO] ApiDb:250 - Set database path to: C:\Users\arafa\.stmcufinder\plugins\mcufinder//mcu/
2025-07-31 12:00:43,751 [INFO] DbMcusAds:125 - Set database path to: C:\Users\arafa\.stmcufinder\plugins\mcufinder//mcu/
2025-07-31 12:00:43,756 [INFO] CrossReferenceDbSqlite:203 - Set database path to: C:\Users\arafa\.stmcufinder\plugins\mcufinder//mcu/cs/
2025-07-31 12:00:43,935 [INFO] RulesReader:64 - Compatibility file has been processed (317 Rules)
2025-07-31 12:00:44,072 [INFO] DbMcusXml:78 - Set database path to: C:\ST\STM32CubeIDE_1.19.0\STM32CubeIDE\plugins\com.st.stm32cube.common.mx_6.15.0.202507011659\\db\/mcu/
2025-07-31 12:00:44,072 [INFO] ApiDb:274 - Set plugin database path to: C:\ST\STM32CubeIDE_1.19.0\STM32CubeIDE\plugins\com.st.stm32cube.common.mx_6.15.0.202507011659\\db\/plugins/boardmanager/
2025-07-31 12:00:44,072 [INFO] ApiDb:261 - Set plugin images path to: C:\ST\STM32CubeIDE_1.19.0\STM32CubeIDE\plugins\com.st.stm32cube.common.mx_6.15.0.202507011659\\db\/plugins/mcufinder/images/
2025-07-31 12:00:44,072 [WARN] DbFile:41 - Overriding database path with different value: C:\Users\arafa\.stmcufinder\plugins\mcufinder/ => C:\Users\arafa\.stmcufinder\plugins\mcufinder
2025-07-31 12:00:44,074 [INFO] ApiDb:250 - Set database path to: C:\Users\arafa\.stmcufinder\plugins\mcufinder//mcu/
2025-07-31 12:00:44,074 [WARN] DbFile:41 - Overriding database path with different value: C:\Users\arafa\.stmcufinder\plugins\mcufinder/ => C:\Users\arafa\.stmcufinder\plugins\mcufinder
2025-07-31 12:00:44,074 [INFO] DbMcusAds:125 - Set database path to: C:\Users\arafa\.stmcufinder\plugins\mcufinder//mcu/
2025-07-31 12:00:44,074 [WARN] DbFile:41 - Overriding database path with different value: C:\Users\arafa\.stmcufinder\plugins\mcufinder/ => C:\Users\arafa\.stmcufinder\plugins\mcufinder
2025-07-31 12:00:44,074 [WARN] DbFile:41 - Overriding database path with different value: C:\Users\arafa\.stmcufinder\plugins\mcufinder/ => C:\Users\arafa\.stmcufinder\plugins\mcufinder
2025-07-31 12:00:44,074 [INFO] CrossReferenceDbSqlite:203 - Set database path to: C:\Users\arafa\.stmcufinder\plugins\mcufinder//mcu/cs/
2025-07-31 12:00:44,170 [INFO] MainPanel:274 - HeapMemory: 268435456
2025-07-31 12:00:44,328 [INFO] DbMcusXml:78 - Set database path to: C:\ST\STM32CubeIDE_1.19.0\STM32CubeIDE\plugins\com.st.stm32cube.common.mx_6.15.0.202507011659\\db\/mcu/
2025-07-31 12:00:44,328 [INFO] ApiDb:274 - Set plugin database path to: C:\ST\STM32CubeIDE_1.19.0\STM32CubeIDE\plugins\com.st.stm32cube.common.mx_6.15.0.202507011659\\db\/plugins/boardmanager/
2025-07-31 12:00:44,328 [INFO] ApiDb:261 - Set plugin images path to: C:\ST\STM32CubeIDE_1.19.0\STM32CubeIDE\plugins\com.st.stm32cube.common.mx_6.15.0.202507011659\\db\/plugins/mcufinder/images/
2025-07-31 12:00:44,329 [WARN] DbFile:41 - Overriding database path with different value: C:\Users\arafa\.stmcufinder\plugins\mcufinder/ => C:\Users\arafa\.stmcufinder\plugins\mcufinder
2025-07-31 12:00:44,329 [INFO] ApiDb:250 - Set database path to: C:\Users\arafa\.stmcufinder\plugins\mcufinder//mcu/
2025-07-31 12:00:44,329 [WARN] DbFile:41 - Overriding database path with different value: C:\Users\arafa\.stmcufinder\plugins\mcufinder/ => C:\Users\arafa\.stmcufinder\plugins\mcufinder
2025-07-31 12:00:44,329 [INFO] DbMcusAds:125 - Set database path to: C:\Users\arafa\.stmcufinder\plugins\mcufinder//mcu/
2025-07-31 12:00:44,330 [WARN] DbFile:41 - Overriding database path with different value: C:\Users\arafa\.stmcufinder\plugins\mcufinder/ => C:\Users\arafa\.stmcufinder\plugins\mcufinder
2025-07-31 12:00:44,330 [WARN] DbFile:41 - Overriding database path with different value: C:\Users\arafa\.stmcufinder\plugins\mcufinder/ => C:\Users\arafa\.stmcufinder\plugins\mcufinder
2025-07-31 12:00:44,330 [INFO] CrossReferenceDbSqlite:203 - Set database path to: C:\Users\arafa\.stmcufinder\plugins\mcufinder//mcu/cs/
2025-07-31 12:00:44,353 [INFO] ApplicationProperties:184 - Using Application install path: C:\ST\STM32CubeIDE_1.19.0\STM32CubeIDE\plugins\com.st.stm32cube.common.mx_6.15.0.202507011659
2025-07-31 12:00:44,355 [INFO] PluginManage:196 - Search for loadable plugins [exclusion list=, ]
2025-07-31 12:00:44,357 [INFO] PluginManage:310 - Check plugin analytics
2025-07-31 12:00:44,623 [INFO] AnalyticsPlugin:253 - Accepted Software Licenses: 
2025-07-31 12:00:44,625 [INFO] AnalyticsPlugin:255 - Accepted CMSIS Pack Licenses: 
2025-07-31 12:00:44,625 [INFO] AnalyticsPlugin:257 - Accepted Firmware Licenses: 
2025-07-31 12:00:44,631 [INFO] PluginManage:359 - Loaded plugin analytics (category:tool,tabindex:-1)
2025-07-31 12:00:44,632 [INFO] PluginManage:310 - Check plugin cadmodel
2025-07-31 12:00:44,640 [INFO] CADModel:105 - Init CAD model plugin
2025-07-31 12:00:44,640 [INFO] PluginManage:359 - Loaded plugin cadmodel (category:power,tabindex:5)
2025-07-31 12:00:44,640 [INFO] PluginManage:310 - Check plugin clock
2025-07-31 12:00:44,654 [INFO] PluginManage:359 - Loaded plugin clock (category:base,tabindex:2)
2025-07-31 12:00:44,654 [INFO] PluginManage:310 - Check plugin ddr
2025-07-31 12:00:44,657 [INFO] PluginManage:359 - Loaded plugin ddr (category:tool,tabindex:6)
2025-07-31 12:00:44,658 [INFO] PluginManage:310 - Check plugin filemanager
2025-07-31 12:00:44,892 [INFO] PluginManage:359 - Loaded plugin filemanager (category:base,tabindex:10)
2025-07-31 12:00:44,892 [INFO] PluginManage:310 - Check plugin ipmanager
2025-07-31 12:00:44,906 [INFO] PluginManage:359 - Loaded plugin ipmanager (category:base,tabindex:5)
2025-07-31 12:00:44,907 [INFO] PluginManage:310 - Check plugin lpbam
2025-07-31 12:00:44,924 [INFO] PluginManage:359 - Loaded plugin lpbam (category:base,tabindex:0)
2025-07-31 12:00:44,925 [INFO] PluginManage:310 - Check plugin memorymap
2025-07-31 12:00:44,952 [INFO] PluginManage:359 - Loaded plugin memorymap (category:base,tabindex:4)
2025-07-31 12:00:44,952 [INFO] PluginManage:310 - Check plugin pinoutandconfiguration
2025-07-31 12:00:44,966 [INFO] PluginManage:359 - Loaded plugin pinoutandconfiguration (category:base,tabindex:1)
2025-07-31 12:00:44,966 [INFO] PluginManage:310 - Check plugin pinoutconfig
2025-07-31 12:00:45,140 [WARN] SupportedApi:132 - Cannot load RTOS API schema: s4s-elt-must-match.1: The content of 'definitions' must match (annotation?, (simpleType | complexType)?, (unique | key | keyref)*)). A problem was found starting at: attribute.
2025-07-31 12:00:45,383 [INFO] PluginManage:359 - Loaded plugin pinoutconfig (category:base,tabindex:0)
2025-07-31 12:00:45,383 [INFO] PluginManage:310 - Check plugin power
2025-07-31 12:00:45,397 [INFO] PluginManage:359 - Loaded plugin power (category:power,tabindex:4)
2025-07-31 12:00:45,397 [INFO] PluginManage:310 - Check plugin projectmanager
2025-07-31 12:00:45,422 [INFO] PluginManage:359 - Loaded plugin projectmanager (category:projectmanager,tabindex:4)
2025-07-31 12:00:45,422 [INFO] PluginManage:310 - Check plugin rif
2025-07-31 12:00:45,438 [INFO] PluginManage:359 - Loaded plugin rif (category:base,tabindex:3)
2025-07-31 12:00:45,439 [INFO] PluginManage:310 - Check plugin thirdparty
2025-07-31 12:00:45,637 [WARN] IntegrityCheckThread:84 - waiting for thirdparty lock release [integrity check]
2025-07-31 12:00:45,637 [INFO] IntegrityCheckThread:86 - entering critical section [integrity check]
2025-07-31 12:00:45,637 [INFO] PluginManage:359 - Loaded plugin thirdparty (category:base,tabindex:-1)
2025-07-31 12:00:45,637 [INFO] PluginManage:310 - Check plugin tools
2025-07-31 12:00:45,638 [INFO] ThirdPartyUpdaterWithRetryManager:70 - Updater plugin not ready yet. [1/15]
2025-07-31 12:00:45,643 [INFO] PluginManage:359 - Loaded plugin tools (category:base,tabindex:7)
2025-07-31 12:00:45,644 [INFO] PluginManage:310 - Check plugin tutovideos
2025-07-31 12:00:45,976 [INFO] PluginManage:359 - Loaded plugin tutovideos (category:base,tabindex:-1)
2025-07-31 12:00:45,976 [INFO] PluginManage:310 - Check plugin updater
2025-07-31 12:00:46,010 [INFO] PluginManage:359 - Loaded plugin updater (category:base,tabindex:12)
2025-07-31 12:00:46,010 [INFO] PluginManage:310 - Check plugin userauth
2025-07-31 12:00:46,016 [INFO] UserAuth:118 - Init User Auth plugin
2025-07-31 12:00:46,017 [INFO] PluginManage:359 - Loaded plugin userauth (category:base,tabindex:14)
2025-07-31 12:00:46,017 [INFO] PluginManage:283 - PluginManage : Loaded plugins [18]
2025-07-31 12:00:46,352 [INFO] PinOutPanel:1589 - setPackage(No Configuration,No Configuration)
2025-07-31 12:00:46,483 [INFO] CADModel:165 - CPN selected for project level
2025-07-31 12:00:46,484 [INFO] CADModel:114 - Register for checkConnection events
2025-07-31 12:00:46,515 [INFO] IPUIPlugin:80 - create IPUIPlugin
2025-07-31 12:00:46,516 [INFO] PluginManager:220 - loadIPPluginJar : add adc
2025-07-31 12:00:46,522 [INFO] IPUIPlugin:80 - create IPUIPlugin
2025-07-31 12:00:46,522 [INFO] PluginManager:220 - loadIPPluginJar : add aes
2025-07-31 12:00:46,527 [INFO] IPUIPlugin:80 - create IPUIPlugin
2025-07-31 12:00:46,528 [INFO] PluginManager:220 - loadIPPluginJar : add can
2025-07-31 12:00:46,531 [INFO] IPUIPlugin:80 - create IPUIPlugin
2025-07-31 12:00:46,531 [INFO] PluginManager:220 - loadIPPluginJar : add comp
2025-07-31 12:00:46,536 [INFO] IPUIPlugin:80 - create IPUIPlugin
2025-07-31 12:00:46,536 [INFO] PluginManager:220 - loadIPPluginJar : add cryp
2025-07-31 12:00:46,541 [INFO] IPUIPlugin:80 - create IPUIPlugin
2025-07-31 12:00:46,541 [INFO] PluginManager:220 - loadIPPluginJar : add ddr_ctrl_phy
2025-07-31 12:00:46,546 [INFO] IPUIPlugin:80 - create IPUIPlugin
2025-07-31 12:00:46,546 [INFO] PluginManager:220 - loadIPPluginJar : add dfsdm
2025-07-31 12:00:46,555 [INFO] IPUIPlugin:80 - create IPUIPlugin
2025-07-31 12:00:46,556 [INFO] PluginManager:220 - loadIPPluginJar : add dma
2025-07-31 12:00:46,560 [INFO] IPUIPlugin:80 - create IPUIPlugin
2025-07-31 12:00:46,560 [INFO] PluginManager:220 - loadIPPluginJar : add dma3
2025-07-31 12:00:46,564 [INFO] IPUIPlugin:80 - create IPUIPlugin
2025-07-31 12:00:46,564 [INFO] PluginManager:220 - loadIPPluginJar : add extmemmanager
2025-07-31 12:00:46,568 [INFO] IPUIPlugin:80 - create IPUIPlugin
2025-07-31 12:00:46,568 [INFO] PluginManager:220 - loadIPPluginJar : add fatfs
2025-07-31 12:00:46,575 [INFO] IPUIPlugin:80 - create IPUIPlugin
2025-07-31 12:00:46,575 [INFO] PluginManager:220 - loadIPPluginJar : add fmc
2025-07-31 12:00:46,589 [INFO] IPUIPlugin:80 - create IPUIPlugin
2025-07-31 12:00:46,590 [INFO] PluginManager:220 - loadIPPluginJar : add freertos
2025-07-31 12:00:46,592 [INFO] IPUIPlugin:80 - create IPUIPlugin
2025-07-31 12:00:46,592 [INFO] PluginManager:220 - loadIPPluginJar : add genericplugin
2025-07-31 12:00:46,595 [INFO] IPUIPlugin:80 - create IPUIPlugin
2025-07-31 12:00:46,596 [INFO] PluginManager:220 - loadIPPluginJar : add gfxmmu
2025-07-31 12:00:46,602 [INFO] IPUIPlugin:80 - create IPUIPlugin
2025-07-31 12:00:46,602 [INFO] PluginManager:220 - loadIPPluginJar : add gic
2025-07-31 12:00:46,608 [INFO] IPUIPlugin:80 - create IPUIPlugin
2025-07-31 12:00:46,609 [INFO] PluginManager:220 - loadIPPluginJar : add gpio
2025-07-31 12:00:46,613 [INFO] IPUIPlugin:80 - create IPUIPlugin
2025-07-31 12:00:46,613 [INFO] PluginManager:220 - loadIPPluginJar : add gtzc
2025-07-31 12:00:46,617 [INFO] IPUIPlugin:80 - create IPUIPlugin
2025-07-31 12:00:46,617 [INFO] PluginManager:220 - loadIPPluginJar : add hash
2025-07-31 12:00:46,621 [INFO] IPUIPlugin:80 - create IPUIPlugin
2025-07-31 12:00:46,621 [INFO] PluginManager:220 - loadIPPluginJar : add i2c
2025-07-31 12:00:46,625 [INFO] IPUIPlugin:80 - create IPUIPlugin
2025-07-31 12:00:46,625 [INFO] PluginManager:220 - loadIPPluginJar : add i2s
2025-07-31 12:00:46,630 [INFO] IPUIPlugin:80 - create IPUIPlugin
2025-07-31 12:00:46,630 [INFO] PluginManager:220 - loadIPPluginJar : add i3c
2025-07-31 12:00:46,635 [INFO] IPUIPlugin:80 - create IPUIPlugin
2025-07-31 12:00:46,635 [INFO] PluginManager:220 - loadIPPluginJar : add ipddr
2025-07-31 12:00:46,643 [INFO] IPUIPlugin:80 - create IPUIPlugin
2025-07-31 12:00:46,644 [INFO] PluginManager:220 - loadIPPluginJar : add linkedlist
2025-07-31 12:00:46,648 [INFO] IPUIPlugin:80 - create IPUIPlugin
2025-07-31 12:00:46,648 [INFO] PluginManager:220 - loadIPPluginJar : add lorawan
2025-07-31 12:00:46,650 [INFO] IPUIPlugin:80 - create IPUIPlugin
2025-07-31 12:00:46,650 [INFO] PluginManager:220 - loadIPPluginJar : add ltdc
2025-07-31 12:00:46,656 [INFO] IPUIPlugin:80 - create IPUIPlugin
2025-07-31 12:00:46,658 [INFO] PluginManager:220 - loadIPPluginJar : add mdma
2025-07-31 12:00:46,662 [INFO] IPUIPlugin:80 - create IPUIPlugin
2025-07-31 12:00:46,662 [INFO] PluginManager:220 - loadIPPluginJar : add nvic
2025-07-31 12:00:46,666 [INFO] IPUIPlugin:80 - create IPUIPlugin
2025-07-31 12:00:46,666 [INFO] PluginManager:220 - loadIPPluginJar : add opamp
2025-07-31 12:00:46,670 [INFO] IPUIPlugin:80 - create IPUIPlugin
2025-07-31 12:00:46,670 [INFO] PluginManager:220 - loadIPPluginJar : add openamp
2025-07-31 12:00:46,674 [INFO] IPUIPlugin:80 - create IPUIPlugin
2025-07-31 12:00:46,674 [INFO] PluginManager:220 - loadIPPluginJar : add pdm2pcm
2025-07-31 12:00:46,682 [INFO] IPUIPlugin:80 - create IPUIPlugin
2025-07-31 12:00:46,685 [INFO] PluginManager:220 - loadIPPluginJar : add plateformsettings
2025-07-31 12:00:46,687 [INFO] IPUIPlugin:80 - create IPUIPlugin
2025-07-31 12:00:46,687 [INFO] PluginManager:220 - loadIPPluginJar : add quadspi
2025-07-31 12:00:46,689 [INFO] IPUIPlugin:80 - create IPUIPlugin
2025-07-31 12:00:46,690 [INFO] PluginManager:220 - loadIPPluginJar : add radio
2025-07-31 12:00:46,695 [INFO] IPUIPlugin:80 - create IPUIPlugin
2025-07-31 12:00:46,695 [INFO] PluginManager:220 - loadIPPluginJar : add resmgrutility
2025-07-31 12:00:46,698 [INFO] IPUIPlugin:80 - create IPUIPlugin
2025-07-31 12:00:46,698 [INFO] PluginManager:220 - loadIPPluginJar : add sai
2025-07-31 12:00:46,703 [INFO] IPUIPlugin:80 - create IPUIPlugin
2025-07-31 12:00:46,703 [INFO] PluginManager:220 - loadIPPluginJar : add spi
2025-07-31 12:00:46,712 [INFO] IPUIPlugin:80 - create IPUIPlugin
2025-07-31 12:00:46,713 [INFO] PluginManager:220 - loadIPPluginJar : add stm32_wpan
2025-07-31 12:00:46,716 [INFO] IPUIPlugin:80 - create IPUIPlugin
2025-07-31 12:00:46,716 [INFO] PluginManager:220 - loadIPPluginJar : add tim
2025-07-31 12:00:46,721 [INFO] IPUIPlugin:80 - create IPUIPlugin
2025-07-31 12:00:46,722 [INFO] PluginManager:220 - loadIPPluginJar : add touchsensing
2025-07-31 12:00:46,726 [INFO] IPUIPlugin:80 - create IPUIPlugin
2025-07-31 12:00:46,726 [INFO] PluginManager:220 - loadIPPluginJar : add tracer_emb
2025-07-31 12:00:46,730 [INFO] IPUIPlugin:80 - create IPUIPlugin
2025-07-31 12:00:46,730 [INFO] PluginManager:220 - loadIPPluginJar : add ts
2025-07-31 12:00:46,733 [INFO] IPUIPlugin:80 - create IPUIPlugin
2025-07-31 12:00:46,734 [INFO] PluginManager:220 - loadIPPluginJar : add tsc
2025-07-31 12:00:46,738 [INFO] IPUIPlugin:80 - create IPUIPlugin
2025-07-31 12:00:46,738 [INFO] PluginManager:220 - loadIPPluginJar : add ucpd
2025-07-31 12:00:46,744 [INFO] IPUIPlugin:80 - create IPUIPlugin
2025-07-31 12:00:46,744 [INFO] PluginManager:220 - loadIPPluginJar : add usart
2025-07-31 12:00:46,750 [INFO] IPUIPlugin:80 - create IPUIPlugin
2025-07-31 12:00:46,750 [INFO] PluginManager:220 - loadIPPluginJar : add usbx
2025-07-31 12:00:46,944 [FATAL] Updater:351 - Updater called before beeing initialized
2025-07-31 12:00:47,031 [INFO] RulesReader:64 - Compatibility file has been processed (317 Rules)
2025-07-31 12:00:47,071 [INFO] RulesReader:64 - Compatibility file has been processed (317 Rules)
2025-07-31 12:00:47,109 [INFO] CADModel:165 - CPN selected for project level
2025-07-31 12:00:47,109 [INFO] CADModel:114 - Register for checkConnection events
2025-07-31 12:00:47,110 [FATAL] Updater:351 - Updater called before beeing initialized
2025-07-31 12:00:47,110 [ERROR] CADModel:125 - Updater not yet initialized, retry later 
2025-07-31 12:00:47,327 [FATAL] Updater:351 - Updater called before beeing initialized
2025-07-31 12:00:47,331 [INFO] CADModel:165 - CPN selected for project level
2025-07-31 12:00:47,332 [INFO] CADModel:114 - Register for checkConnection events
2025-07-31 12:00:47,332 [FATAL] Updater:351 - Updater called before beeing initialized
2025-07-31 12:00:47,332 [ERROR] CADModel:125 - Updater not yet initialized, retry later 
2025-07-31 12:00:47,336 [FATAL] Updater:351 - Updater called before beeing initialized
2025-07-31 12:00:47,506 [FATAL] Updater:351 - Updater called before beeing initialized
2025-07-31 12:00:47,511 [INFO] DbMcusAds:53 - JSON generation date=Tue Jul 08 04:14:23 EDT 2025 (1751962463524)
2025-07-31 12:00:47,512 [FATAL] Updater:351 - Updater called before beeing initialized
2025-07-31 12:00:47,561 [WARN] DetailPanel:346 - Failed to get advertising image, set to default
2025-07-31 12:00:47,663 [FATAL] Updater:351 - Updater called before beeing initialized
2025-07-31 12:00:47,665 [FATAL] Updater:351 - Updater called before beeing initialized
2025-07-31 12:00:47,665 [FATAL] Updater:351 - Updater called before beeing initialized
2025-07-31 12:00:47,666 [WARN] DetailPanel:346 - Failed to get advertising image, set to default
2025-07-31 12:00:47,667 [FATAL] Updater:351 - Updater called before beeing initialized
2025-07-31 12:00:47,755 [ERROR] Updater:1198 - MainUpdater not yet initialized. External WinMGr cannot be set.
2025-07-31 12:00:47,760 [INFO] Updater:1134 - Updater Version found : 6.15.0
2025-07-31 12:00:47,809 [INFO] ApplicationProperties:184 - Using Application install path: C:\ST\STM32CubeIDE_1.19.0\STM32CubeIDE\plugins\com.st.stm32cube.common.mx_6.15.0.202507011659
2025-07-31 12:00:48,640 [INFO] ThirdPartyUpdaterWithRetryManager:70 - Updater plugin not ready yet. [2/15]
2025-07-31 12:00:49,406 [ERROR] LogOutputStream:75 - [STDERR_REDIRECT] Jul 31, 2025 12:00:49 PM java.util.prefs.WindowsPreferences <init>
2025-07-31 12:00:49,408 [ERROR] LogOutputStream:75 - [STDERR_REDIRECT] WARNING: Could not open/create prefs root node Software\JavaSoft\Prefs at root 0xffffffff80000002. Windows RegCreateKeyEx(...) returned error code 5.
2025-07-31 12:00:49,408 [ERROR] LogOutputStream:75 - [STDERR_REDIRECT] 
2025-07-31 12:00:49,923 [INFO] MainUpdater:2872 - connection check result : 10
2025-07-31 12:00:49,924 [INFO] MainUpdater:289 - Updater Check For Update Now.
2025-07-31 12:00:49,925 [INFO] MicroXplorer:498 - Change Database Version : DB.6.0.150
2025-07-31 12:00:49,953 [INFO] McuFinderGlobals:63 - Set McuFinder mode to 2 (CubeIDE integrated)
2025-07-31 12:00:49,954 [INFO] UserAuth:171 - activating auth plugin
2025-07-31 12:00:49,964 [INFO] UserAuth:487 - Internet connection configuration mode: 1
2025-07-31 12:00:50,088 [INFO] JxBrowserEngine:152 - Initiate JxBrowser Engine with user profile folder
2025-07-31 12:00:50,202 [INFO] CheckServerUpdateThread:120 - End of CheckServer Thread
2025-07-31 12:00:52,113 [WARN] PackLoader:240 - Cannot read IP mode file for STMicroelectronics.FP-SNS-MOTENVWB1.1.4.0
2025-07-31 12:00:52,128 [WARN] PackLoader:240 - Cannot read IP mode file for STMicroelectronics.FP-ATR-ASTRA1.2.0.2
2025-07-31 12:00:52,145 [WARN] PackLoader:240 - Cannot read IP mode file for STMicroelectronics.X-CUBE-SMBUS.2.1.0
2025-07-31 12:00:52,153 [WARN] PackLoader:240 - Cannot read IP mode file for STMicroelectronics.X-CUBE-ST60.1.0.0
2025-07-31 12:00:52,195 [INFO] WebApp:169 - Instantiating new browser for Auth
2025-07-31 12:00:52,202 [WARN] PackLoader:240 - Cannot read IP mode file for STMicroelectronics.X-CUBE-AZRTOS-F7.1.1.0
2025-07-31 12:00:52,270 [WARN] PackLoader:240 - Cannot read IP mode file for Infineon.AIROC-Wi-Fi-Bluetooth-STM32.1.7.1
2025-07-31 12:00:52,345 [WARN] PackLoader:240 - Cannot read IP mode file for STMicroelectronics.X-CUBE-AZRTOS-H7.3.4.0
2025-07-31 12:00:52,361 [WARN] PackLoader:240 - Cannot read IP mode file for STMicroelectronics.X-CUBE-DISPLAY.3.0.0
2025-07-31 12:00:52,383 [WARN] PackLoader:240 - Cannot read IP mode file for STMicroelectronics.X-CUBE-NFC10.1.0.0
2025-07-31 12:00:52,394 [WARN] PackLoader:240 - Cannot read IP mode file for emotas.I-CUBE-CANOPEN.1.3.0
2025-07-31 12:00:52,400 [WARN] PackLoader:240 - Cannot read IP mode file for STMicroelectronics.FP-SNS-SMARTAG2.1.2.0
2025-07-31 12:00:52,406 [WARN] PackLoader:240 - Cannot read IP mode file for STMicroelectronics.FP-SNS-FLIGHT1.5.1.0
2025-07-31 12:00:52,418 [INFO] LogOutputStream:77 - [STDOUT_REDIRECT] 1 : Invalid condition id : UX_CORESTACK_Condition cause : null
2025-07-31 12:00:52,419 [INFO] LogOutputStream:77 - [STDOUT_REDIRECT] 1 : Invalid condition id : UX_CORESTACK_Condition cause : null
2025-07-31 12:00:52,421 [INFO] LogOutputStream:77 - [STDOUT_REDIRECT] 1 : Invalid condition id : UX_CORESTACK_Condition cause : null
2025-07-31 12:00:52,422 [INFO] LogOutputStream:77 - [STDOUT_REDIRECT] 1 : Invalid condition id : UX_CORESTACK_Condition cause : null
2025-07-31 12:00:52,423 [INFO] LogOutputStream:77 - [STDOUT_REDIRECT] 1 : Invalid condition id : UX_CORESTACK_Condition cause : null
2025-07-31 12:00:52,426 [WARN] PackLoader:240 - Cannot read IP mode file for STMicroelectronics.X-CUBE-AZRTOS-WL.2.0.0
2025-07-31 12:00:52,433 [WARN] PackLoader:240 - Cannot read IP mode file for STMicroelectronics.FP-SNS-MOTENV1.5.0.0
2025-07-31 12:00:52,445 [WARN] PackLoader:240 - Cannot read IP mode file for WES.I-CUBE-Cesium.1.3.0
2025-07-31 12:00:52,452 [WARN] PackLoader:240 - Cannot read IP mode file for STMicroelectronics.X-CUBE-BLE2.3.3.0
2025-07-31 12:00:52,459 [WARN] PackLoader:240 - Cannot read IP mode file for STMicroelectronics.X-CUBE-NFC9.1.0.0
2025-07-31 12:00:52,467 [WARN] PackLoader:240 - Cannot read IP mode file for wolfSSL.I-CUBE-wolfSSL.5.8.0
2025-07-31 12:00:52,473 [WARN] PackLoader:240 - Cannot read IP mode file for STMicroelectronics.X-CUBE-BLE1.7.1.0
2025-07-31 12:00:52,478 [WARN] PackLoader:240 - Cannot read IP mode file for wolfSSL.I-CUBE-wolfMQTT.1.19.2
2025-07-31 12:00:52,485 [WARN] PackLoader:240 - Cannot read IP mode file for STMicroelectronics.X-CUBE-EEPRMA1.5.2.0
2025-07-31 12:00:52,494 [WARN] PackLoader:240 - Cannot read IP mode file for STMicroelectronics.X-CUBE-AI.10.1.0
2025-07-31 12:00:52,523 [WARN] PackLoader:240 - Cannot read IP mode file for STMicroelectronics.X-CUBE-AZRTOS-G0.1.1.0
2025-07-31 12:00:52,595 [WARN] PackLoader:240 - Cannot read IP mode file for STMicroelectronics.X-CUBE-SAFEA1.1.2.2
2025-07-31 12:00:52,616 [WARN] PackLoader:240 - Cannot read IP mode file for STMicroelectronics.X-CUBE-NFC4.3.0.0
2025-07-31 12:00:52,643 [WARN] PackLoader:240 - Cannot read IP mode file for EmbeddedOffice.I-CUBE-FS-RTOS.1.0.1
2025-07-31 12:00:52,650 [WARN] PackLoader:240 - Cannot read IP mode file for STMicroelectronics.X-CUBE-WB05N.2.0.0
2025-07-31 12:00:52,656 [WARN] PackLoader:240 - Cannot read IP mode file for wolfSSL.I-CUBE-wolfTPM.3.8.0
2025-07-31 12:00:52,662 [WARN] PackLoader:240 - Cannot read IP mode file for STMicroelectronics.X-CUBE-TCPP.4.2.0
2025-07-31 12:00:52,669 [WARN] PackLoader:240 - Cannot read IP mode file for RealThread.X-CUBE-RT-Thread_Nano.4.1.1
2025-07-31 12:00:52,675 [WARN] PackLoader:240 - Cannot read IP mode file for STMicroelectronics.FP-ATR-SIGFOX1.3.2.0
2025-07-31 12:00:52,682 [WARN] PackLoader:240 - Cannot read IP mode file for ITTIA_DB.I-CUBE-ITTIADB.8.9.0
2025-07-31 12:00:52,694 [WARN] PackLoader:240 - Cannot read IP mode file for STMicroelectronics.X-CUBE-ST67W61.1.0.0
2025-07-31 12:00:52,720 [WARN] PackLoader:240 - Cannot read IP mode file for SEGGER.I-CUBE-embOS.1.3.1
2025-07-31 12:00:52,765 [WARN] PackLoader:240 - Cannot read IP mode file for STMicroelectronics.X-CUBE-ALGOBUILD.1.4.0
2025-07-31 12:00:52,859 [WARN] PackLoader:240 - Cannot read IP mode file for STMicroelectronics.X-CUBE-MEMS1.11.3.0
2025-07-31 12:00:53,002 [WARN] PackLoader:240 - Cannot read IP mode file for STMicroelectronics.X-CUBE-PM33A1.1.0.0
2025-07-31 12:00:53,015 [WARN] PackLoader:240 - Cannot read IP mode file for STMicroelectronics.X-CUBE-AZRTOS-F4.1.1.0
2025-07-31 12:00:53,022 [WARN] PackLoader:240 - Cannot read IP mode file for Avnet-IotConnect.X-CUBE-IoTC-DA16k-PMOD.1.0.0
2025-07-31 12:00:53,026 [WARN] PackLoader:240 - Cannot read IP mode file for STMicroelectronics.X-CUBE-ISPU.2.1.0
2025-07-31 12:00:53,032 [WARN] PackLoader:240 - Cannot read IP mode file for STMicroelectronics.X-CUBE-NFC12.1.0.0
2025-07-31 12:00:53,048 [WARN] PackLoader:240 - Cannot read IP mode file for STMicroelectronics.X-CUBE-AZRTOS-L5.2.0.0
2025-07-31 12:00:53,062 [WARN] PackLoader:240 - Cannot read IP mode file for STMicroelectronics.X-CUBE-NFC6.3.1.0
2025-07-31 12:00:53,071 [WARN] PackLoader:240 - Cannot read IP mode file for STMicroelectronics.X-CUBE-FREERTOS.1.3.1
2025-07-31 12:00:53,081 [WARN] PackLoader:240 - Cannot read IP mode file for STMicroelectronics.FP-SNS-STAIOTCFT.1.0.0
2025-07-31 12:00:53,088 [WARN] PackLoader:240 - Cannot read IP mode file for STMicroelectronics.X-CUBE-DPower.1.3.0
2025-07-31 12:00:53,107 [WARN] ConditionMgr:438 - getConditionDescription Invalid condition id : LAN8742 Phy interface Condition cause : null
2025-07-31 12:00:53,108 [WARN] PackLoader:240 - Cannot read IP mode file for STMicroelectronics.X-CUBE-AZRTOS-L4.2.0.0
2025-07-31 12:00:53,110 [WARN] ConditionMgr:1044 - genDependencies : Invalid condition id : LAN8742 Phy interface Condition cause : null
2025-07-31 12:00:53,110 [WARN] ConditionMgr:1044 - genDependencies : Invalid condition id : LAN8742 Phy interface Condition cause : null
2025-07-31 12:00:53,111 [WARN] ConditionMgr:1044 - genDependencies : Invalid condition id : LAN8742 Phy interface Condition cause : null
2025-07-31 12:00:53,119 [WARN] PackLoader:240 - Cannot read IP mode file for STMicroelectronics.X-CUBE-SFXS2LP1.4.0.0
2025-07-31 12:00:53,148 [WARN] PackLoader:240 - Cannot read IP mode file for STMicroelectronics.X-CUBE-BLEMGR.4.1.0
2025-07-31 12:00:53,165 [WARN] ConditionMgr:438 - getConditionDescription Invalid condition id : UX DEVICE CLASS RTOS Condition cause : null
2025-07-31 12:00:53,166 [WARN] ConditionMgr:438 - getConditionDescription Invalid condition id : UX DEVICE CLASS RTOS Condition cause : null
2025-07-31 12:00:53,168 [WARN] PackLoader:240 - Cannot read IP mode file for STMicroelectronics.X-CUBE-AZRTOS-WB.2.0.0
2025-07-31 12:00:53,169 [WARN] ConditionMgr:1044 - genDependencies : Invalid condition id : UX DEVICE CLASS RTOS Condition cause : null
2025-07-31 12:00:53,169 [WARN] ConditionMgr:1044 - genDependencies : Invalid condition id : UX DEVICE CLASS RTOS Condition cause : null
2025-07-31 12:00:53,170 [WARN] ConditionMgr:1044 - genDependencies : Invalid condition id : UX DEVICE CLASS RTOS Condition cause : null
2025-07-31 12:00:53,170 [WARN] ConditionMgr:1044 - genDependencies : Invalid condition id : UX DEVICE CLASS RTOS Condition cause : null
2025-07-31 12:00:53,170 [WARN] ConditionMgr:1044 - genDependencies : Invalid condition id : UX DEVICE CLASS RTOS Condition cause : null
2025-07-31 12:00:53,178 [WARN] PackLoader:240 - Cannot read IP mode file for STMicroelectronics.X-CUBE-GNSS1.7.0.1
2025-07-31 12:00:53,187 [WARN] PackLoader:240 - Cannot read IP mode file for STMicroelectronics.X-CUBE-TOUCHGFX.4.25.0
2025-07-31 12:00:53,195 [WARN] PackLoader:240 - Cannot read IP mode file for STMicroelectronics.FP-SNS-STBOX1.2.0.0
2025-07-31 12:00:53,201 [WARN] ConditionMgr:438 - getConditionDescription Invalid condition id : Cortex-A Device cause : null
2025-07-31 12:00:53,223 [WARN] ConditionMgr:1044 - genDependencies : Invalid condition id : Cortex-A Device cause : null
2025-07-31 12:00:53,224 [WARN] ConditionMgr:1044 - genDependencies : Invalid condition id : Cortex-A Device cause : null
2025-07-31 12:00:53,224 [WARN] ConditionMgr:1044 - genDependencies : Invalid condition id : Cortex-A Device cause : null
2025-07-31 12:00:53,234 [WARN] PackLoader:240 - Cannot read IP mode file for STMicroelectronics.X-CUBE-SUBG2.5.0.0
2025-07-31 12:00:53,261 [WARN] PackLoader:240 - Cannot read IP mode file for STMicroelectronics.X-CUBE-AZRTOS-H7RS.1.1.0
2025-07-31 12:00:53,270 [WARN] PackLoader:240 - Cannot read IP mode file for Cesanta.I-CUBE-Mongoose.7.13.0
2025-07-31 12:00:53,285 [WARN] PackLoader:240 - Cannot read IP mode file for STMicroelectronics.X-CUBE-AZRTOS-G4.2.0.0
2025-07-31 12:00:53,291 [WARN] PackLoader:240 - Cannot read IP mode file for wolfSSL.I-CUBE-wolfSSH.1.4.20
2025-07-31 12:00:53,297 [WARN] PackLoader:240 - Cannot read IP mode file for STMicroelectronics.X-CUBE-NFC7.2.0.0
2025-07-31 12:00:53,312 [WARN] PackLoader:240 - Cannot read IP mode file for STMicroelectronics.X-CUBE-IPS.3.1.0
2025-07-31 12:00:53,324 [WARN] PackLoader:240 - Cannot read IP mode file for STMicroelectronics.X-CUBE-ALS.1.0.2
2025-07-31 12:00:53,330 [WARN] PackLoader:240 - Cannot read IP mode file for portGmbH.I-Cube-SoM-uGOAL.1.1.0
2025-07-31 12:00:53,342 [WARN] PackLoader:240 - Cannot read IP mode file for STMicroelectronics.X-CUBE-TOF1.3.4.3
2025-07-31 12:00:53,355 [INFO] ThirdParty:978 - Integrity check success = true
2025-07-31 12:00:53,356 [INFO] IntegrityCheckThread:100 - exiting critical section [integrity check]
2025-07-31 12:00:53,356 [INFO] IntegrityCheckThread:103 - End integrity checks thread
2025-07-31 12:00:54,567 [INFO] WebApp:463 - Apply proxy settings
2025-07-31 12:00:54,567 [INFO] WebApp:548 - Chromium requires no authentication
2025-07-31 12:00:54,582 [INFO] WebApp:491 - Direct internet connection detected
2025-07-31 12:00:54,612 [INFO] WebApp:900 - Register for checkConnection events
2025-07-31 12:00:54,613 [INFO] WebApp:463 - Apply proxy settings
2025-07-31 12:00:54,613 [INFO] WebApp:548 - Chromium requires no authentication
2025-07-31 12:00:54,613 [INFO] WebApp:491 - Direct internet connection detected
2025-07-31 12:00:54,836 [INFO] WebApp:191 - Connection restablished
2025-07-31 12:00:54,855 [INFO] WebApp:225 - Starting web application
2025-07-31 12:00:54,855 [INFO] WebApp:593 - Web application path used C:\ST\STM32CubeIDE_1.19.0\STM32CubeIDE\plugins\com.st.stm32cube.common.mx_6.15.0.202507011659\db\plugins\mcufinder\reactClient1\index.html
2025-07-31 12:27:08,192 [INFO] Activator:176 - 


2025-07-31 12:27:08,194 [INFO] Activator:177 - !SESSION log4j initialized
2025-07-31 12:27:15,335 [INFO] LogOutputStream:77 - [STDOUT_REDIRECT] 
2025-07-31 12:27:16,973 [INFO] ApplicationProperties:184 - Using Application install path: C:\ST\STM32CubeIDE_1.19.0\STM32CubeIDE\plugins\com.st.stm32cube.common.mx_6.15.0.202507011659
2025-07-31 12:27:17,000 [INFO] DbMcusXml:78 - Set database path to: C:\ST\STM32CubeIDE_1.19.0\STM32CubeIDE\plugins\com.st.stm32cube.common.mx_6.15.0.202507011659\\db\/mcu/
2025-07-31 12:27:17,000 [INFO] ApiDb:274 - Set plugin database path to: C:\ST\STM32CubeIDE_1.19.0\STM32CubeIDE\plugins\com.st.stm32cube.common.mx_6.15.0.202507011659\\db\/plugins/boardmanager/
2025-07-31 12:27:17,000 [WARN] ApiDb:259 - Overriding images path with different value:  => C:\ST\STM32CubeIDE_1.19.0\STM32CubeIDE\plugins\com.st.stm32cube.common.mx_6.15.0.202507011659\\db\/plugins/mcufinder/images/
2025-07-31 12:27:17,008 [INFO] ApiDb:250 - Set database path to: C:\Users\arafa\.stmcufinder\plugins\mcufinder//mcu/
2025-07-31 12:27:17,009 [INFO] DbMcusAds:125 - Set database path to: C:\Users\arafa\.stmcufinder\plugins\mcufinder//mcu/
2025-07-31 12:27:17,012 [INFO] CrossReferenceDbSqlite:203 - Set database path to: C:\Users\arafa\.stmcufinder\plugins\mcufinder//mcu/cs/
2025-07-31 12:27:17,174 [INFO] RulesReader:64 - Compatibility file has been processed (317 Rules)
2025-07-31 12:27:17,274 [INFO] DbMcusXml:78 - Set database path to: C:\ST\STM32CubeIDE_1.19.0\STM32CubeIDE\plugins\com.st.stm32cube.common.mx_6.15.0.202507011659\\db\/mcu/
2025-07-31 12:27:17,274 [INFO] ApiDb:274 - Set plugin database path to: C:\ST\STM32CubeIDE_1.19.0\STM32CubeIDE\plugins\com.st.stm32cube.common.mx_6.15.0.202507011659\\db\/plugins/boardmanager/
2025-07-31 12:27:17,275 [INFO] ApiDb:261 - Set plugin images path to: C:\ST\STM32CubeIDE_1.19.0\STM32CubeIDE\plugins\com.st.stm32cube.common.mx_6.15.0.202507011659\\db\/plugins/mcufinder/images/
2025-07-31 12:27:17,275 [WARN] DbFile:41 - Overriding database path with different value: C:\Users\arafa\.stmcufinder\plugins\mcufinder/ => C:\Users\arafa\.stmcufinder\plugins\mcufinder
2025-07-31 12:27:17,275 [INFO] ApiDb:250 - Set database path to: C:\Users\arafa\.stmcufinder\plugins\mcufinder//mcu/
2025-07-31 12:27:17,275 [WARN] DbFile:41 - Overriding database path with different value: C:\Users\arafa\.stmcufinder\plugins\mcufinder/ => C:\Users\arafa\.stmcufinder\plugins\mcufinder
2025-07-31 12:27:17,275 [INFO] DbMcusAds:125 - Set database path to: C:\Users\arafa\.stmcufinder\plugins\mcufinder//mcu/
2025-07-31 12:27:17,276 [WARN] DbFile:41 - Overriding database path with different value: C:\Users\arafa\.stmcufinder\plugins\mcufinder/ => C:\Users\arafa\.stmcufinder\plugins\mcufinder
2025-07-31 12:27:17,276 [WARN] DbFile:41 - Overriding database path with different value: C:\Users\arafa\.stmcufinder\plugins\mcufinder/ => C:\Users\arafa\.stmcufinder\plugins\mcufinder
2025-07-31 12:27:17,276 [INFO] CrossReferenceDbSqlite:203 - Set database path to: C:\Users\arafa\.stmcufinder\plugins\mcufinder//mcu/cs/
2025-07-31 12:27:17,359 [INFO] MainPanel:274 - HeapMemory: 268435456
2025-07-31 12:27:17,480 [INFO] DbMcusXml:78 - Set database path to: C:\ST\STM32CubeIDE_1.19.0\STM32CubeIDE\plugins\com.st.stm32cube.common.mx_6.15.0.202507011659\\db\/mcu/
2025-07-31 12:27:17,480 [INFO] ApiDb:274 - Set plugin database path to: C:\ST\STM32CubeIDE_1.19.0\STM32CubeIDE\plugins\com.st.stm32cube.common.mx_6.15.0.202507011659\\db\/plugins/boardmanager/
2025-07-31 12:27:17,480 [INFO] ApiDb:261 - Set plugin images path to: C:\ST\STM32CubeIDE_1.19.0\STM32CubeIDE\plugins\com.st.stm32cube.common.mx_6.15.0.202507011659\\db\/plugins/mcufinder/images/
2025-07-31 12:27:17,481 [WARN] DbFile:41 - Overriding database path with different value: C:\Users\arafa\.stmcufinder\plugins\mcufinder/ => C:\Users\arafa\.stmcufinder\plugins\mcufinder
2025-07-31 12:27:17,481 [INFO] ApiDb:250 - Set database path to: C:\Users\arafa\.stmcufinder\plugins\mcufinder//mcu/
2025-07-31 12:27:17,481 [WARN] DbFile:41 - Overriding database path with different value: C:\Users\arafa\.stmcufinder\plugins\mcufinder/ => C:\Users\arafa\.stmcufinder\plugins\mcufinder
2025-07-31 12:27:17,481 [INFO] DbMcusAds:125 - Set database path to: C:\Users\arafa\.stmcufinder\plugins\mcufinder//mcu/
2025-07-31 12:27:17,481 [WARN] DbFile:41 - Overriding database path with different value: C:\Users\arafa\.stmcufinder\plugins\mcufinder/ => C:\Users\arafa\.stmcufinder\plugins\mcufinder
2025-07-31 12:27:17,482 [WARN] DbFile:41 - Overriding database path with different value: C:\Users\arafa\.stmcufinder\plugins\mcufinder/ => C:\Users\arafa\.stmcufinder\plugins\mcufinder
2025-07-31 12:27:17,482 [INFO] CrossReferenceDbSqlite:203 - Set database path to: C:\Users\arafa\.stmcufinder\plugins\mcufinder//mcu/cs/
2025-07-31 12:27:17,504 [INFO] ApplicationProperties:184 - Using Application install path: C:\ST\STM32CubeIDE_1.19.0\STM32CubeIDE\plugins\com.st.stm32cube.common.mx_6.15.0.202507011659
2025-07-31 12:27:17,505 [INFO] PluginManage:196 - Search for loadable plugins [exclusion list=, ]
2025-07-31 12:27:17,507 [INFO] PluginManage:310 - Check plugin analytics
2025-07-31 12:27:17,793 [INFO] AnalyticsPlugin:253 - Accepted Software Licenses: 
2025-07-31 12:27:17,795 [INFO] AnalyticsPlugin:255 - Accepted CMSIS Pack Licenses: 
2025-07-31 12:27:17,795 [INFO] AnalyticsPlugin:257 - Accepted Firmware Licenses: 
2025-07-31 12:27:17,805 [INFO] PluginManage:359 - Loaded plugin analytics (category:tool,tabindex:-1)
2025-07-31 12:27:17,805 [INFO] PluginManage:310 - Check plugin cadmodel
2025-07-31 12:27:17,814 [INFO] CADModel:105 - Init CAD model plugin
2025-07-31 12:27:17,815 [INFO] PluginManage:359 - Loaded plugin cadmodel (category:power,tabindex:5)
2025-07-31 12:27:17,816 [INFO] PluginManage:310 - Check plugin clock
2025-07-31 12:27:17,829 [INFO] PluginManage:359 - Loaded plugin clock (category:base,tabindex:2)
2025-07-31 12:27:17,829 [INFO] PluginManage:310 - Check plugin ddr
2025-07-31 12:27:17,831 [INFO] PluginManage:359 - Loaded plugin ddr (category:tool,tabindex:6)
2025-07-31 12:27:17,832 [INFO] PluginManage:310 - Check plugin filemanager
2025-07-31 12:27:18,017 [INFO] PluginManage:359 - Loaded plugin filemanager (category:base,tabindex:10)
2025-07-31 12:27:18,017 [INFO] PluginManage:310 - Check plugin ipmanager
2025-07-31 12:27:18,026 [INFO] PluginManage:359 - Loaded plugin ipmanager (category:base,tabindex:5)
2025-07-31 12:27:18,026 [INFO] PluginManage:310 - Check plugin lpbam
2025-07-31 12:27:18,039 [INFO] PluginManage:359 - Loaded plugin lpbam (category:base,tabindex:0)
2025-07-31 12:27:18,039 [INFO] PluginManage:310 - Check plugin memorymap
2025-07-31 12:27:18,057 [INFO] PluginManage:359 - Loaded plugin memorymap (category:base,tabindex:4)
2025-07-31 12:27:18,058 [INFO] PluginManage:310 - Check plugin pinoutandconfiguration
2025-07-31 12:27:18,074 [INFO] PluginManage:359 - Loaded plugin pinoutandconfiguration (category:base,tabindex:1)
2025-07-31 12:27:18,074 [INFO] PluginManage:310 - Check plugin pinoutconfig
2025-07-31 12:27:18,191 [WARN] SupportedApi:132 - Cannot load RTOS API schema: s4s-elt-must-match.1: The content of 'definitions' must match (annotation?, (simpleType | complexType)?, (unique | key | keyref)*)). A problem was found starting at: attribute.
2025-07-31 12:27:18,352 [INFO] PluginManage:359 - Loaded plugin pinoutconfig (category:base,tabindex:0)
2025-07-31 12:27:18,352 [INFO] PluginManage:310 - Check plugin power
2025-07-31 12:27:18,363 [INFO] PluginManage:359 - Loaded plugin power (category:power,tabindex:4)
2025-07-31 12:27:18,363 [INFO] PluginManage:310 - Check plugin projectmanager
2025-07-31 12:27:18,392 [INFO] PluginManage:359 - Loaded plugin projectmanager (category:projectmanager,tabindex:4)
2025-07-31 12:27:18,393 [INFO] PluginManage:310 - Check plugin rif
2025-07-31 12:27:18,404 [INFO] PluginManage:359 - Loaded plugin rif (category:base,tabindex:3)
2025-07-31 12:27:18,405 [INFO] PluginManage:310 - Check plugin thirdparty
2025-07-31 12:27:18,588 [WARN] IntegrityCheckThread:84 - waiting for thirdparty lock release [integrity check]
2025-07-31 12:27:18,589 [INFO] IntegrityCheckThread:86 - entering critical section [integrity check]
2025-07-31 12:27:18,591 [INFO] ThirdPartyUpdaterWithRetryManager:70 - Updater plugin not ready yet. [1/15]
2025-07-31 12:27:18,592 [INFO] PluginManage:359 - Loaded plugin thirdparty (category:base,tabindex:-1)
2025-07-31 12:27:18,593 [INFO] PluginManage:310 - Check plugin tools
2025-07-31 12:27:18,598 [INFO] PluginManage:359 - Loaded plugin tools (category:base,tabindex:7)
2025-07-31 12:27:18,598 [INFO] PluginManage:310 - Check plugin tutovideos
2025-07-31 12:27:18,859 [INFO] PluginManage:359 - Loaded plugin tutovideos (category:base,tabindex:-1)
2025-07-31 12:27:18,859 [INFO] PluginManage:310 - Check plugin updater
2025-07-31 12:27:18,894 [INFO] PluginManage:359 - Loaded plugin updater (category:base,tabindex:12)
2025-07-31 12:27:18,895 [INFO] PluginManage:310 - Check plugin userauth
2025-07-31 12:27:18,901 [INFO] UserAuth:118 - Init User Auth plugin
2025-07-31 12:27:18,903 [INFO] PluginManage:359 - Loaded plugin userauth (category:base,tabindex:14)
2025-07-31 12:27:18,904 [INFO] PluginManage:283 - PluginManage : Loaded plugins [18]
2025-07-31 12:27:19,227 [INFO] PinOutPanel:1589 - setPackage(No Configuration,No Configuration)
2025-07-31 12:27:19,345 [INFO] CADModel:165 - CPN selected for project level
2025-07-31 12:27:19,346 [INFO] CADModel:114 - Register for checkConnection events
2025-07-31 12:27:19,365 [INFO] IPUIPlugin:80 - create IPUIPlugin
2025-07-31 12:27:19,366 [INFO] PluginManager:220 - loadIPPluginJar : add adc
2025-07-31 12:27:19,369 [INFO] IPUIPlugin:80 - create IPUIPlugin
2025-07-31 12:27:19,370 [INFO] PluginManager:220 - loadIPPluginJar : add aes
2025-07-31 12:27:19,373 [INFO] IPUIPlugin:80 - create IPUIPlugin
2025-07-31 12:27:19,374 [INFO] PluginManager:220 - loadIPPluginJar : add can
2025-07-31 12:27:19,376 [INFO] IPUIPlugin:80 - create IPUIPlugin
2025-07-31 12:27:19,376 [INFO] PluginManager:220 - loadIPPluginJar : add comp
2025-07-31 12:27:19,379 [INFO] IPUIPlugin:80 - create IPUIPlugin
2025-07-31 12:27:19,380 [INFO] PluginManager:220 - loadIPPluginJar : add cryp
2025-07-31 12:27:19,383 [INFO] IPUIPlugin:80 - create IPUIPlugin
2025-07-31 12:27:19,383 [INFO] PluginManager:220 - loadIPPluginJar : add ddr_ctrl_phy
2025-07-31 12:27:19,386 [INFO] IPUIPlugin:80 - create IPUIPlugin
2025-07-31 12:27:19,386 [INFO] PluginManager:220 - loadIPPluginJar : add dfsdm
2025-07-31 12:27:19,394 [INFO] IPUIPlugin:80 - create IPUIPlugin
2025-07-31 12:27:19,395 [INFO] PluginManager:220 - loadIPPluginJar : add dma
2025-07-31 12:27:19,399 [INFO] IPUIPlugin:80 - create IPUIPlugin
2025-07-31 12:27:19,399 [INFO] PluginManager:220 - loadIPPluginJar : add dma3
2025-07-31 12:27:19,402 [INFO] IPUIPlugin:80 - create IPUIPlugin
2025-07-31 12:27:19,403 [INFO] PluginManager:220 - loadIPPluginJar : add extmemmanager
2025-07-31 12:27:19,406 [INFO] IPUIPlugin:80 - create IPUIPlugin
2025-07-31 12:27:19,406 [INFO] PluginManager:220 - loadIPPluginJar : add fatfs
2025-07-31 12:27:19,413 [INFO] IPUIPlugin:80 - create IPUIPlugin
2025-07-31 12:27:19,414 [INFO] PluginManager:220 - loadIPPluginJar : add fmc
2025-07-31 12:27:19,422 [INFO] IPUIPlugin:80 - create IPUIPlugin
2025-07-31 12:27:19,423 [INFO] PluginManager:220 - loadIPPluginJar : add freertos
2025-07-31 12:27:19,425 [INFO] IPUIPlugin:80 - create IPUIPlugin
2025-07-31 12:27:19,425 [INFO] PluginManager:220 - loadIPPluginJar : add genericplugin
2025-07-31 12:27:19,428 [INFO] IPUIPlugin:80 - create IPUIPlugin
2025-07-31 12:27:19,428 [INFO] PluginManager:220 - loadIPPluginJar : add gfxmmu
2025-07-31 12:27:19,434 [INFO] IPUIPlugin:80 - create IPUIPlugin
2025-07-31 12:27:19,434 [INFO] PluginManager:220 - loadIPPluginJar : add gic
2025-07-31 12:27:19,440 [INFO] IPUIPlugin:80 - create IPUIPlugin
2025-07-31 12:27:19,440 [INFO] PluginManager:220 - loadIPPluginJar : add gpio
2025-07-31 12:27:19,445 [INFO] IPUIPlugin:80 - create IPUIPlugin
2025-07-31 12:27:19,445 [INFO] PluginManager:220 - loadIPPluginJar : add gtzc
2025-07-31 12:27:19,449 [INFO] IPUIPlugin:80 - create IPUIPlugin
2025-07-31 12:27:19,449 [INFO] PluginManager:220 - loadIPPluginJar : add hash
2025-07-31 12:27:19,453 [INFO] IPUIPlugin:80 - create IPUIPlugin
2025-07-31 12:27:19,453 [INFO] PluginManager:220 - loadIPPluginJar : add i2c
2025-07-31 12:27:19,456 [INFO] IPUIPlugin:80 - create IPUIPlugin
2025-07-31 12:27:19,456 [INFO] PluginManager:220 - loadIPPluginJar : add i2s
2025-07-31 12:27:19,460 [INFO] IPUIPlugin:80 - create IPUIPlugin
2025-07-31 12:27:19,460 [INFO] PluginManager:220 - loadIPPluginJar : add i3c
2025-07-31 12:27:19,464 [INFO] IPUIPlugin:80 - create IPUIPlugin
2025-07-31 12:27:19,465 [INFO] PluginManager:220 - loadIPPluginJar : add ipddr
2025-07-31 12:27:19,473 [INFO] IPUIPlugin:80 - create IPUIPlugin
2025-07-31 12:27:19,473 [INFO] PluginManager:220 - loadIPPluginJar : add linkedlist
2025-07-31 12:27:19,477 [INFO] IPUIPlugin:80 - create IPUIPlugin
2025-07-31 12:27:19,478 [INFO] PluginManager:220 - loadIPPluginJar : add lorawan
2025-07-31 12:27:19,479 [INFO] IPUIPlugin:80 - create IPUIPlugin
2025-07-31 12:27:19,479 [INFO] PluginManager:220 - loadIPPluginJar : add ltdc
2025-07-31 12:27:19,487 [INFO] IPUIPlugin:80 - create IPUIPlugin
2025-07-31 12:27:19,487 [INFO] PluginManager:220 - loadIPPluginJar : add mdma
2025-07-31 12:27:19,494 [INFO] IPUIPlugin:80 - create IPUIPlugin
2025-07-31 12:27:19,495 [INFO] PluginManager:220 - loadIPPluginJar : add nvic
2025-07-31 12:27:19,498 [INFO] IPUIPlugin:80 - create IPUIPlugin
2025-07-31 12:27:19,499 [INFO] PluginManager:220 - loadIPPluginJar : add opamp
2025-07-31 12:27:19,502 [INFO] IPUIPlugin:80 - create IPUIPlugin
2025-07-31 12:27:19,502 [INFO] PluginManager:220 - loadIPPluginJar : add openamp
2025-07-31 12:27:19,505 [INFO] IPUIPlugin:80 - create IPUIPlugin
2025-07-31 12:27:19,505 [INFO] PluginManager:220 - loadIPPluginJar : add pdm2pcm
2025-07-31 12:27:19,512 [INFO] IPUIPlugin:80 - create IPUIPlugin
2025-07-31 12:27:19,514 [INFO] PluginManager:220 - loadIPPluginJar : add plateformsettings
2025-07-31 12:27:19,517 [INFO] IPUIPlugin:80 - create IPUIPlugin
2025-07-31 12:27:19,517 [INFO] PluginManager:220 - loadIPPluginJar : add quadspi
2025-07-31 12:27:19,520 [INFO] IPUIPlugin:80 - create IPUIPlugin
2025-07-31 12:27:19,520 [INFO] PluginManager:220 - loadIPPluginJar : add radio
2025-07-31 12:27:19,523 [INFO] IPUIPlugin:80 - create IPUIPlugin
2025-07-31 12:27:19,523 [INFO] PluginManager:220 - loadIPPluginJar : add resmgrutility
2025-07-31 12:27:19,527 [INFO] IPUIPlugin:80 - create IPUIPlugin
2025-07-31 12:27:19,528 [INFO] PluginManager:220 - loadIPPluginJar : add sai
2025-07-31 12:27:19,530 [INFO] IPUIPlugin:80 - create IPUIPlugin
2025-07-31 12:27:19,530 [INFO] PluginManager:220 - loadIPPluginJar : add spi
2025-07-31 12:27:19,538 [INFO] IPUIPlugin:80 - create IPUIPlugin
2025-07-31 12:27:19,538 [INFO] PluginManager:220 - loadIPPluginJar : add stm32_wpan
2025-07-31 12:27:19,542 [INFO] IPUIPlugin:80 - create IPUIPlugin
2025-07-31 12:27:19,542 [INFO] PluginManager:220 - loadIPPluginJar : add tim
2025-07-31 12:27:19,548 [INFO] IPUIPlugin:80 - create IPUIPlugin
2025-07-31 12:27:19,548 [INFO] PluginManager:220 - loadIPPluginJar : add touchsensing
2025-07-31 12:27:19,552 [INFO] IPUIPlugin:80 - create IPUIPlugin
2025-07-31 12:27:19,552 [INFO] PluginManager:220 - loadIPPluginJar : add tracer_emb
2025-07-31 12:27:19,555 [INFO] IPUIPlugin:80 - create IPUIPlugin
2025-07-31 12:27:19,555 [INFO] PluginManager:220 - loadIPPluginJar : add ts
2025-07-31 12:27:19,557 [INFO] IPUIPlugin:80 - create IPUIPlugin
2025-07-31 12:27:19,558 [INFO] PluginManager:220 - loadIPPluginJar : add tsc
2025-07-31 12:27:19,561 [INFO] IPUIPlugin:80 - create IPUIPlugin
2025-07-31 12:27:19,561 [INFO] PluginManager:220 - loadIPPluginJar : add ucpd
2025-07-31 12:27:19,565 [INFO] IPUIPlugin:80 - create IPUIPlugin
2025-07-31 12:27:19,565 [INFO] PluginManager:220 - loadIPPluginJar : add usart
2025-07-31 12:27:19,570 [INFO] IPUIPlugin:80 - create IPUIPlugin
2025-07-31 12:27:19,570 [INFO] PluginManager:220 - loadIPPluginJar : add usbx
2025-07-31 12:27:19,720 [FATAL] Updater:351 - Updater called before beeing initialized
2025-07-31 12:27:19,757 [INFO] RulesReader:64 - Compatibility file has been processed (317 Rules)
2025-07-31 12:27:19,773 [INFO] RulesReader:64 - Compatibility file has been processed (317 Rules)
2025-07-31 12:27:19,792 [INFO] CADModel:165 - CPN selected for project level
2025-07-31 12:27:19,792 [INFO] CADModel:114 - Register for checkConnection events
2025-07-31 12:27:19,793 [FATAL] Updater:351 - Updater called before beeing initialized
2025-07-31 12:27:19,793 [ERROR] CADModel:125 - Updater not yet initialized, retry later 
2025-07-31 12:27:20,025 [FATAL] Updater:351 - Updater called before beeing initialized
2025-07-31 12:27:20,028 [INFO] CADModel:165 - CPN selected for project level
2025-07-31 12:27:20,028 [INFO] CADModel:114 - Register for checkConnection events
2025-07-31 12:27:20,029 [FATAL] Updater:351 - Updater called before beeing initialized
2025-07-31 12:27:20,029 [ERROR] CADModel:125 - Updater not yet initialized, retry later 
2025-07-31 12:27:20,035 [FATAL] Updater:351 - Updater called before beeing initialized
2025-07-31 12:27:20,166 [FATAL] Updater:351 - Updater called before beeing initialized
2025-07-31 12:27:20,171 [INFO] DbMcusAds:53 - JSON generation date=Tue Jul 08 04:14:23 EDT 2025 (1751962463524)
2025-07-31 12:27:20,172 [FATAL] Updater:351 - Updater called before beeing initialized
2025-07-31 12:27:20,220 [WARN] DetailPanel:346 - Failed to get advertising image, set to default
2025-07-31 12:27:20,341 [FATAL] Updater:351 - Updater called before beeing initialized
2025-07-31 12:27:20,344 [FATAL] Updater:351 - Updater called before beeing initialized
2025-07-31 12:27:20,344 [FATAL] Updater:351 - Updater called before beeing initialized
2025-07-31 12:27:20,345 [WARN] DetailPanel:346 - Failed to get advertising image, set to default
2025-07-31 12:27:20,346 [FATAL] Updater:351 - Updater called before beeing initialized
2025-07-31 12:27:20,406 [ERROR] Updater:1198 - MainUpdater not yet initialized. External WinMGr cannot be set.
2025-07-31 12:27:20,407 [INFO] Updater:1134 - Updater Version found : 6.15.0
2025-07-31 12:27:20,434 [INFO] ApplicationProperties:184 - Using Application install path: C:\ST\STM32CubeIDE_1.19.0\STM32CubeIDE\plugins\com.st.stm32cube.common.mx_6.15.0.202507011659
2025-07-31 12:27:21,592 [INFO] ThirdPartyUpdaterWithRetryManager:70 - Updater plugin not ready yet. [2/15]
2025-07-31 12:27:22,018 [ERROR] LogOutputStream:75 - [STDERR_REDIRECT] Jul 31, 2025 12:27:22 PM java.util.prefs.WindowsPreferences <init>
2025-07-31 12:27:22,020 [ERROR] LogOutputStream:75 - [STDERR_REDIRECT] WARNING: Could not open/create prefs root node Software\JavaSoft\Prefs at root 0xffffffff80000002. Windows RegCreateKeyEx(...) returned error code 5.
2025-07-31 12:27:22,020 [ERROR] LogOutputStream:75 - [STDERR_REDIRECT] 
2025-07-31 12:27:22,726 [INFO] MainUpdater:2872 - connection check result : 10
2025-07-31 12:27:22,728 [INFO] MainUpdater:289 - Updater Check For Update Now.
2025-07-31 12:27:22,728 [INFO] MicroXplorer:498 - Change Database Version : DB.6.0.150
2025-07-31 12:27:22,737 [INFO] McuFinderGlobals:63 - Set McuFinder mode to 2 (CubeIDE integrated)
2025-07-31 12:27:22,738 [INFO] UserAuth:171 - activating auth plugin
2025-07-31 12:27:22,758 [INFO] UserAuth:487 - Internet connection configuration mode: 1
2025-07-31 12:27:22,896 [INFO] JxBrowserEngine:152 - Initiate JxBrowser Engine with user profile folder
2025-07-31 12:27:23,051 [INFO] CheckServerUpdateThread:120 - End of CheckServer Thread
2025-07-31 12:27:24,919 [WARN] PackLoader:240 - Cannot read IP mode file for STMicroelectronics.FP-SNS-MOTENVWB1.1.4.0
2025-07-31 12:27:24,927 [WARN] PackLoader:240 - Cannot read IP mode file for STMicroelectronics.FP-ATR-ASTRA1.2.0.2
2025-07-31 12:27:24,938 [WARN] PackLoader:240 - Cannot read IP mode file for STMicroelectronics.X-CUBE-SMBUS.2.1.0
2025-07-31 12:27:24,944 [WARN] PackLoader:240 - Cannot read IP mode file for STMicroelectronics.X-CUBE-ST60.1.0.0
2025-07-31 12:27:24,992 [WARN] PackLoader:240 - Cannot read IP mode file for STMicroelectronics.X-CUBE-AZRTOS-F7.1.1.0
2025-07-31 12:27:25,043 [WARN] PackLoader:240 - Cannot read IP mode file for Infineon.AIROC-Wi-Fi-Bluetooth-STM32.1.7.1
2025-07-31 12:27:25,095 [WARN] PackLoader:240 - Cannot read IP mode file for STMicroelectronics.X-CUBE-AZRTOS-H7.3.4.0
2025-07-31 12:27:25,116 [WARN] PackLoader:240 - Cannot read IP mode file for STMicroelectronics.X-CUBE-DISPLAY.3.0.0
2025-07-31 12:27:25,147 [WARN] PackLoader:240 - Cannot read IP mode file for STMicroelectronics.X-CUBE-NFC10.1.0.0
2025-07-31 12:27:25,156 [WARN] PackLoader:240 - Cannot read IP mode file for emotas.I-CUBE-CANOPEN.1.3.0
2025-07-31 12:27:25,162 [WARN] PackLoader:240 - Cannot read IP mode file for STMicroelectronics.FP-SNS-SMARTAG2.1.2.0
2025-07-31 12:27:25,168 [WARN] PackLoader:240 - Cannot read IP mode file for STMicroelectronics.FP-SNS-FLIGHT1.5.1.0
2025-07-31 12:27:25,180 [INFO] LogOutputStream:77 - [STDOUT_REDIRECT] 1 : Invalid condition id : UX_CORESTACK_Condition cause : null
2025-07-31 12:27:25,182 [INFO] LogOutputStream:77 - [STDOUT_REDIRECT] 1 : Invalid condition id : UX_CORESTACK_Condition cause : null
2025-07-31 12:27:25,184 [INFO] LogOutputStream:77 - [STDOUT_REDIRECT] 1 : Invalid condition id : UX_CORESTACK_Condition cause : null
2025-07-31 12:27:25,186 [INFO] LogOutputStream:77 - [STDOUT_REDIRECT] 1 : Invalid condition id : UX_CORESTACK_Condition cause : null
2025-07-31 12:27:25,187 [INFO] LogOutputStream:77 - [STDOUT_REDIRECT] 1 : Invalid condition id : UX_CORESTACK_Condition cause : null
2025-07-31 12:27:25,191 [WARN] PackLoader:240 - Cannot read IP mode file for STMicroelectronics.X-CUBE-AZRTOS-WL.2.0.0
2025-07-31 12:27:25,197 [WARN] PackLoader:240 - Cannot read IP mode file for STMicroelectronics.FP-SNS-MOTENV1.5.0.0
2025-07-31 12:27:25,209 [WARN] PackLoader:240 - Cannot read IP mode file for WES.I-CUBE-Cesium.1.3.0
2025-07-31 12:27:25,215 [WARN] PackLoader:240 - Cannot read IP mode file for STMicroelectronics.X-CUBE-BLE2.3.3.0
2025-07-31 12:27:25,221 [WARN] PackLoader:240 - Cannot read IP mode file for STMicroelectronics.X-CUBE-NFC9.1.0.0
2025-07-31 12:27:25,228 [WARN] PackLoader:240 - Cannot read IP mode file for wolfSSL.I-CUBE-wolfSSL.5.8.0
2025-07-31 12:27:25,234 [WARN] PackLoader:240 - Cannot read IP mode file for STMicroelectronics.X-CUBE-BLE1.7.1.0
2025-07-31 12:27:25,237 [WARN] PackLoader:240 - Cannot read IP mode file for wolfSSL.I-CUBE-wolfMQTT.1.19.2
2025-07-31 12:27:25,242 [WARN] PackLoader:240 - Cannot read IP mode file for STMicroelectronics.X-CUBE-EEPRMA1.5.2.0
2025-07-31 12:27:25,248 [WARN] PackLoader:240 - Cannot read IP mode file for STMicroelectronics.X-CUBE-AI.10.1.0
2025-07-31 12:27:25,272 [WARN] PackLoader:240 - Cannot read IP mode file for STMicroelectronics.X-CUBE-AZRTOS-G0.1.1.0
2025-07-31 12:27:25,295 [WARN] PackLoader:240 - Cannot read IP mode file for STMicroelectronics.X-CUBE-SAFEA1.1.2.2
2025-07-31 12:27:25,303 [WARN] PackLoader:240 - Cannot read IP mode file for STMicroelectronics.X-CUBE-NFC4.3.0.0
2025-07-31 12:27:25,335 [WARN] PackLoader:240 - Cannot read IP mode file for EmbeddedOffice.I-CUBE-FS-RTOS.1.0.1
2025-07-31 12:27:25,353 [WARN] PackLoader:240 - Cannot read IP mode file for STMicroelectronics.X-CUBE-WB05N.2.0.0
2025-07-31 12:27:25,392 [WARN] PackLoader:240 - Cannot read IP mode file for wolfSSL.I-CUBE-wolfTPM.3.8.0
2025-07-31 12:27:25,401 [WARN] PackLoader:240 - Cannot read IP mode file for STMicroelectronics.X-CUBE-TCPP.4.2.0
2025-07-31 12:27:25,411 [WARN] PackLoader:240 - Cannot read IP mode file for RealThread.X-CUBE-RT-Thread_Nano.4.1.1
2025-07-31 12:27:25,417 [WARN] PackLoader:240 - Cannot read IP mode file for STMicroelectronics.FP-ATR-SIGFOX1.3.2.0
2025-07-31 12:27:25,435 [WARN] PackLoader:240 - Cannot read IP mode file for ITTIA_DB.I-CUBE-ITTIADB.8.9.0
2025-07-31 12:27:25,448 [WARN] PackLoader:240 - Cannot read IP mode file for STMicroelectronics.X-CUBE-ST67W61.1.0.0
2025-07-31 12:27:25,482 [WARN] PackLoader:240 - Cannot read IP mode file for SEGGER.I-CUBE-embOS.1.3.1
2025-07-31 12:27:25,516 [WARN] PackLoader:240 - Cannot read IP mode file for STMicroelectronics.X-CUBE-ALGOBUILD.1.4.0
2025-07-31 12:27:25,574 [WARN] PackLoader:240 - Cannot read IP mode file for STMicroelectronics.X-CUBE-MEMS1.11.3.0
2025-07-31 12:27:25,741 [WARN] PackLoader:240 - Cannot read IP mode file for STMicroelectronics.X-CUBE-PM33A1.1.0.0
2025-07-31 12:27:25,760 [WARN] PackLoader:240 - Cannot read IP mode file for STMicroelectronics.X-CUBE-AZRTOS-F4.1.1.0
2025-07-31 12:27:25,768 [WARN] PackLoader:240 - Cannot read IP mode file for Avnet-IotConnect.X-CUBE-IoTC-DA16k-PMOD.1.0.0
2025-07-31 12:27:25,773 [WARN] PackLoader:240 - Cannot read IP mode file for STMicroelectronics.X-CUBE-ISPU.2.1.0
2025-07-31 12:27:25,780 [WARN] PackLoader:240 - Cannot read IP mode file for STMicroelectronics.X-CUBE-NFC12.1.0.0
2025-07-31 12:27:25,800 [WARN] PackLoader:240 - Cannot read IP mode file for STMicroelectronics.X-CUBE-AZRTOS-L5.2.0.0
2025-07-31 12:27:25,809 [WARN] PackLoader:240 - Cannot read IP mode file for STMicroelectronics.X-CUBE-NFC6.3.1.0
2025-07-31 12:27:25,817 [WARN] PackLoader:240 - Cannot read IP mode file for STMicroelectronics.X-CUBE-FREERTOS.1.3.1
2025-07-31 12:27:25,823 [WARN] PackLoader:240 - Cannot read IP mode file for STMicroelectronics.FP-SNS-STAIOTCFT.1.0.0
2025-07-31 12:27:25,830 [WARN] PackLoader:240 - Cannot read IP mode file for STMicroelectronics.X-CUBE-DPower.1.3.0
2025-07-31 12:27:25,844 [WARN] ConditionMgr:438 - getConditionDescription Invalid condition id : LAN8742 Phy interface Condition cause : null
2025-07-31 12:27:25,845 [WARN] PackLoader:240 - Cannot read IP mode file for STMicroelectronics.X-CUBE-AZRTOS-L4.2.0.0
2025-07-31 12:27:25,846 [WARN] ConditionMgr:1044 - genDependencies : Invalid condition id : LAN8742 Phy interface Condition cause : null
2025-07-31 12:27:25,847 [WARN] ConditionMgr:1044 - genDependencies : Invalid condition id : LAN8742 Phy interface Condition cause : null
2025-07-31 12:27:25,847 [WARN] ConditionMgr:1044 - genDependencies : Invalid condition id : LAN8742 Phy interface Condition cause : null
2025-07-31 12:27:25,869 [WARN] PackLoader:240 - Cannot read IP mode file for STMicroelectronics.X-CUBE-SFXS2LP1.4.0.0
2025-07-31 12:27:25,883 [WARN] PackLoader:240 - Cannot read IP mode file for STMicroelectronics.X-CUBE-BLEMGR.4.1.0
2025-07-31 12:27:25,899 [WARN] ConditionMgr:438 - getConditionDescription Invalid condition id : UX DEVICE CLASS RTOS Condition cause : null
2025-07-31 12:27:25,899 [WARN] ConditionMgr:438 - getConditionDescription Invalid condition id : UX DEVICE CLASS RTOS Condition cause : null
2025-07-31 12:27:25,902 [WARN] PackLoader:240 - Cannot read IP mode file for STMicroelectronics.X-CUBE-AZRTOS-WB.2.0.0
2025-07-31 12:27:25,903 [WARN] ConditionMgr:1044 - genDependencies : Invalid condition id : UX DEVICE CLASS RTOS Condition cause : null
2025-07-31 12:27:25,903 [WARN] ConditionMgr:1044 - genDependencies : Invalid condition id : UX DEVICE CLASS RTOS Condition cause : null
2025-07-31 12:27:25,903 [WARN] ConditionMgr:1044 - genDependencies : Invalid condition id : UX DEVICE CLASS RTOS Condition cause : null
2025-07-31 12:27:25,903 [WARN] ConditionMgr:1044 - genDependencies : Invalid condition id : UX DEVICE CLASS RTOS Condition cause : null
2025-07-31 12:27:25,903 [WARN] ConditionMgr:1044 - genDependencies : Invalid condition id : UX DEVICE CLASS RTOS Condition cause : null
2025-07-31 12:27:25,909 [WARN] PackLoader:240 - Cannot read IP mode file for STMicroelectronics.X-CUBE-GNSS1.7.0.1
2025-07-31 12:27:25,920 [WARN] PackLoader:240 - Cannot read IP mode file for STMicroelectronics.X-CUBE-TOUCHGFX.4.25.0
2025-07-31 12:27:25,927 [WARN] PackLoader:240 - Cannot read IP mode file for STMicroelectronics.FP-SNS-STBOX1.2.0.0
2025-07-31 12:27:25,936 [WARN] ConditionMgr:438 - getConditionDescription Invalid condition id : Cortex-A Device cause : null
2025-07-31 12:27:25,960 [WARN] ConditionMgr:1044 - genDependencies : Invalid condition id : Cortex-A Device cause : null
2025-07-31 12:27:25,960 [WARN] ConditionMgr:1044 - genDependencies : Invalid condition id : Cortex-A Device cause : null
2025-07-31 12:27:25,960 [WARN] ConditionMgr:1044 - genDependencies : Invalid condition id : Cortex-A Device cause : null
2025-07-31 12:27:25,973 [WARN] PackLoader:240 - Cannot read IP mode file for STMicroelectronics.X-CUBE-SUBG2.5.0.0
2025-07-31 12:27:26,000 [WARN] PackLoader:240 - Cannot read IP mode file for STMicroelectronics.X-CUBE-AZRTOS-H7RS.1.1.0
2025-07-31 12:27:26,008 [WARN] PackLoader:240 - Cannot read IP mode file for Cesanta.I-CUBE-Mongoose.7.13.0
2025-07-31 12:27:26,021 [WARN] PackLoader:240 - Cannot read IP mode file for STMicroelectronics.X-CUBE-AZRTOS-G4.2.0.0
2025-07-31 12:27:26,028 [WARN] PackLoader:240 - Cannot read IP mode file for wolfSSL.I-CUBE-wolfSSH.1.4.20
2025-07-31 12:27:26,034 [WARN] PackLoader:240 - Cannot read IP mode file for STMicroelectronics.X-CUBE-NFC7.2.0.0
2025-07-31 12:27:26,051 [WARN] PackLoader:240 - Cannot read IP mode file for STMicroelectronics.X-CUBE-IPS.3.1.0
2025-07-31 12:27:26,060 [WARN] PackLoader:240 - Cannot read IP mode file for STMicroelectronics.X-CUBE-ALS.1.0.2
2025-07-31 12:27:26,066 [WARN] PackLoader:240 - Cannot read IP mode file for portGmbH.I-Cube-SoM-uGOAL.1.1.0
2025-07-31 12:27:26,080 [WARN] PackLoader:240 - Cannot read IP mode file for STMicroelectronics.X-CUBE-TOF1.3.4.3
2025-07-31 12:27:26,090 [INFO] ThirdParty:978 - Integrity check success = true
2025-07-31 12:27:26,090 [INFO] IntegrityCheckThread:100 - exiting critical section [integrity check]
2025-07-31 12:27:26,090 [INFO] IntegrityCheckThread:103 - End integrity checks thread
2025-07-31 12:27:26,841 [INFO] WebApp:169 - Instantiating new browser for Auth
2025-07-31 12:27:27,805 [INFO] WebApp:463 - Apply proxy settings
2025-07-31 12:27:27,805 [INFO] WebApp:548 - Chromium requires no authentication
2025-07-31 12:27:27,815 [INFO] WebApp:491 - Direct internet connection detected
2025-07-31 12:27:27,841 [INFO] WebApp:900 - Register for checkConnection events
2025-07-31 12:27:27,841 [INFO] WebApp:463 - Apply proxy settings
2025-07-31 12:27:27,842 [INFO] WebApp:548 - Chromium requires no authentication
2025-07-31 12:27:27,842 [INFO] WebApp:491 - Direct internet connection detected
2025-07-31 12:27:28,103 [INFO] WebApp:225 - Starting web application
2025-07-31 12:27:28,103 [INFO] WebApp:593 - Web application path used C:\ST\STM32CubeIDE_1.19.0\STM32CubeIDE\plugins\com.st.stm32cube.common.mx_6.15.0.202507011659\db\plugins\mcufinder\reactClient1\index.html
2025-07-31 12:27:28,262 [INFO] WebApp:191 - Connection restablished
2025-07-31 12:42:29,372 [ERROR] LogOutputStream:75 - [STDERR_REDIRECT] 
2025-07-31 12:42:29,373 [ERROR] LogOutputStream:75 - [STDERR_REDIRECT] 
